ages 24-64 ONLY                                                                            22:27 Wednesday, September 25, 2013   1
men

The MEANS Procedure

Variable           N            Mean         Std Dev         Minimum         Maximum
------------------------------------------------------------------------------------
state          51272      55.3828210      26.5811759      11.0000000      95.0000000
famkind        51272       1.3647215       0.5427576       1.0000000       3.0000000
age            51272      43.5850172      11.2546120      24.0000000      64.0000000
race           51272       1.4655953       1.3042489       1.0000000      20.0000000
higrad         51272      40.3871119       2.7756390      31.0000000      46.0000000
ethnic         51272       0.3337494       0.9337109               0       5.0000000
hrswkly        51272      36.1682010      18.2983545               0      99.0000000
classly        51272       1.5640701       1.6248082               0       7.0000000
weeksu         51272       1.0501248       7.0646093               0      52.0000000
mover          51272       0.1286667       0.4171104               0       4.0000000
hhnum          51272        49455.04        28201.88       3.0000000        96659.00
cbsa_size      51272       3.7330707       2.5603092               0       7.0000000
ownkidsu6      51272       0.2508582       0.5870509               0       5.0000000
ownkidsu18     51272       0.7995982       1.1243931               0       9.0000000
famnum         51272       1.1086558       0.3679034       1.0000000      10.0000000
relhead        51272       3.1254486       3.3129535       1.0000000      14.0000000
hhdfxm         51272      14.4643080      20.5623543       1.0000000      51.0000000
psupwgt        51272       0.9919039       0.6321441       0.0552310       6.4358766
ogrflag        51272       0.1704049       0.3759918               0       1.0000000
wkpay           5585         1056.47     673.1001513       1.0000000         2885.00
weeksly        51272      40.8807926      19.6255349               0      52.0000000
numjobs        51272       0.9406694       0.5257415               0       3.0000000
occ1ly         51272      14.7241964       7.9563682       1.0000000      24.0000000
ind1ly         51272       8.2858675       4.2193819       1.0000000      15.0000000
wagesal        51272        46443.60        68059.49               0      1168999.00
selfinc        51272         2757.56        20659.79        -9999.00      1099999.00
farminc        51272     414.5023210         7299.28       -12000.00       480000.00
health         51272       2.2373420       1.0506732       1.0000000       5.0000000
imm            51272       0.1848377       0.3881697               0       1.0000000
collplus       51272       0.3152793       0.4646315               0       1.0000000
maplus         51272       0.1102356       0.3131863               0       1.0000000
phd            51272       0.0360626       0.1864477               0       1.0000000
educ           51272      13.5104150       2.9617208               0      20.0000000
annhrs         51272         1765.86     978.8623767               0         5148.00
earnwk         43373         1123.41         1559.61               0        98000.00
wage_ogr        5585      24.5264436      21.7263847       0.0200000         1154.00
gen2           51272       0.0695701       0.2544237               0       1.0000000
workly         51272       0.8459393       0.3610104               0       1.0000000
alloc_ws       51272       0.1636566       0.3699673               0       1.0000000
wage           43373      26.4985271      45.9877656               0         3000.00
twage          43373      26.1956722      30.6563746       4.0000000     400.0000000
trim           43373       0.0867129       0.2884570               0       2.0000000
trimmed        51272       0.0716570       0.2579217               0       1.0000000
logwage        43373       2.9348742       0.7953327       1.3862944       5.9914645
female         51272               0               0               0               0
exp            51272      25.0746216      11.5794863               0      59.0000000
exp2           51272     762.8185364     602.0586591               0         3481.00
exp3           51272        25924.49        27512.56               0       205379.00
famearn        51272        69925.74        83705.19               0      2099999.00
fedwkr         51272       0.0364136       0.1873189               0       1.0000000
statewkr       51272       0.0312841       0.1740863               0       1.0000000
localwkr       51272       0.0495397       0.2169941               0       1.0000000
------------------------------------------------------------------------------------
ages 24-64 ONLY                                                                            22:27 Wednesday, September 25, 2013   2
men

The MEANS Procedure

Variable           N            Mean         Std Dev         Minimum         Maximum
------------------------------------------------------------------------------------
selfemp        51272       0.1017124       0.3022727               0       1.0000000
cbsa1          51272       0.0771766       0.2668741               0       1.0000000
cbsa2          51272       0.0869090       0.2817045               0       1.0000000
cbsa3          51272       0.1028046       0.3037065               0       1.0000000
cbsa4          51272       0.1583320       0.3650556               0       1.0000000
cbsa5          51272       0.1681620       0.3740137               0       1.0000000
cbsa6          51272       0.1580200       0.3647633               0       1.0000000
rgroup         51272       1.7383172       1.1148479       1.0000000       5.0000000
------------------------------------------------------------------------------------
ages 24-64 ONLY                                                                            22:27 Wednesday, September 25, 2013   3
men, in dual-head families, husband of pair

The MEANS Procedure

Variable           N            Mean         Std Dev         Minimum         Maximum
------------------------------------------------------------------------------------
state          30991      54.9015198      26.3558170      11.0000000      95.0000000
famkind        30991       1.0000000               0       1.0000000       1.0000000
age            30991      45.3975993      10.3725952      24.0000000      64.0000000
race           30991       1.3905650       1.1818325       1.0000000      20.0000000
higrad         30991      40.7020748       2.7926646      31.0000000      46.0000000
ethnic         30991       0.2932142       0.8766919               0       5.0000000
hrswkly        30991      39.1105160      16.8406503               0      99.0000000
classly        30991       1.7394082       1.6875439               0       7.0000000
weeksu         30991       0.7262754       5.9411956               0      52.0000000
mover          30991       0.0918654       0.3579845               0       4.0000000
hhnum          30991        48923.38        27939.05       5.0000000        96659.00
cbsa_size      30991       3.6384757       2.5639386               0       7.0000000
ownkidsu6      30991       0.3613307       0.6805228               0       5.0000000
ownkidsu18     30991       1.1504308       1.2128532               0       9.0000000
famnum         30991       1.0000000               0       1.0000000       1.0000000
relhead        30991       1.8107515       0.9819451       1.0000000       3.0000000
hhdfxm         30991       1.4197993       0.9772899       1.0000000      51.0000000
psupwgt        30991       0.9148507       0.5674967       0.0663605       4.3469340
ogrflag        30991       0.1786002       0.3830234               0       1.0000000
wkpay           3362         1181.62     696.9457457       1.0000000         2885.00
weeksly        30991      43.9501791      17.1882907               0      52.0000000
numjobs        30991       0.9847375       0.4772251               0       3.0000000
occ1ly         30991      13.6607402       8.1681447       1.0000000      24.0000000
ind1ly         30991       7.8994224       4.0460543       1.0000000      15.0000000
wagesal        30991        56617.92        75065.94               0      1168999.00
selfinc        30991         3278.61        23630.11        -9999.00      1099999.00
farminc        30991     595.9328837         9116.90        -9999.00       480000.00
health         30991       2.1584331       1.0093479       1.0000000       5.0000000
imm            30991       0.1888613       0.3914047               0       1.0000000
collplus       30991       0.3656545       0.4816210               0       1.0000000
maplus         30991       0.1404601       0.3474694               0       1.0000000
phd            30991       0.0470459       0.2117405               0       1.0000000
educ           30991      13.8488271       3.0144899               0      20.0000000
annhrs         30991         1940.15     909.8635375               0         5148.00
earnwk         27657         1286.16         1732.55               0        98000.00
wage_ogr        3362      27.1540604      25.4091824       0.0200000         1154.00
gen2           30991       0.0580491       0.2338401               0       1.0000000
workly         30991       0.8924204       0.3098537               0       1.0000000
alloc_ws       30991       0.1623052       0.3687365               0       1.0000000
wage           27657      29.7595039      49.8734501               0         3000.00
twage          27657      29.3557620      32.7745647       4.0000000     400.0000000
trim           27657       0.0851141       0.2867255               0       2.0000000
trimmed        30991       0.0740215       0.2618101               0       1.0000000
logwage        27657       3.0516383       0.8063217       1.3862944       5.9914645
female         30991               0               0               0               0
exp            30991      26.5487722      10.7622043               0      59.0000000
exp2           30991     820.6586106     583.7599154               0         3481.00
exp3           30991        27931.95        27193.08               0       205379.00
famearn        30991        87415.22        90941.65               0      2099999.00
fedwkr         30991       0.0439482       0.2049833               0       1.0000000
statewkr       30991       0.0357200       0.1855943               0       1.0000000
localwkr       30991       0.0585009       0.2346919               0       1.0000000
------------------------------------------------------------------------------------
ages 24-64 ONLY                                                                            22:27 Wednesday, September 25, 2013   4
men, in dual-head families, husband of pair

The MEANS Procedure

Variable           N            Mean         Std Dev         Minimum         Maximum
------------------------------------------------------------------------------------
selfemp        30991       0.1214223       0.3266227               0       1.0000000
cbsa1          30991       0.0798296       0.2710336               0       1.0000000
cbsa2          30991       0.0895744       0.2855757               0       1.0000000
cbsa3          30991       0.1027072       0.3035810               0       1.0000000
cbsa4          30991       0.1565938       0.3634233               0       1.0000000
cbsa5          30991       0.1642735       0.3705295               0       1.0000000
cbsa6          30991       0.1472363       0.3543470               0       1.0000000
rgroup         30991       1.6426059       1.0760604       1.0000000       5.0000000
------------------------------------------------------------------------------------
ages 24-64 ONLY                                                                            22:27 Wednesday, September 25, 2013   5
women

The MEANS Procedure

Variable           N            Mean         Std Dev         Minimum         Maximum
------------------------------------------------------------------------------------
state          55858      55.0292169      26.4421092      11.0000000      95.0000000
famkind        55858       1.7414694       0.9607620       1.0000000       3.0000000
age            55858      43.3714419      11.2957255      24.0000000      64.0000000
race           55858       1.5006266       1.3274065       1.0000000      21.0000000
higrad         55858      40.5734720       2.7023576      31.0000000      46.0000000
ethnic         55858       0.3395933       0.9523181               0       5.0000000
hrswkly        55858      26.8889685      19.0769294               0      99.0000000
classly        55858       1.3171435       1.5172461               0       7.0000000
weeksu         55858       0.9326327       6.5557763               0      52.0000000
mover          55858       0.1246554       0.4081940               0       4.0000000
hhnum          55858        49101.13        28063.31       5.0000000        96659.00
cbsa_size      55858       3.7635612       2.5526812               0       7.0000000
ownkidsu6      55858       0.2688961       0.5982169               0       5.0000000
ownkidsu18     55858       0.9009632       1.1520939               0       9.0000000
famnum         55858       1.1000752       0.3277614       1.0000000       6.0000000
relhead        55858       3.3703319       3.0251446       1.0000000      14.0000000
hhdfxm         55858      11.9310036      19.0437960       1.0000000      51.0000000
psupwgt        55858       0.9505900       0.5886720       0.0663605       5.0001056
ogrflag        55858       0.1521000       0.3591210               0       1.0000000
wkpay           5517     780.5149538     536.5496536       1.0000000         2885.00
weeksly        55858      34.0682087      23.1892683               0      52.0000000
numjobs        55858       0.7975760       0.5765930               0       3.0000000
occ1ly         55858      15.0111533       7.5310934       1.0000000      24.0000000
ind1ly         55858      10.4920871       3.5932061       1.0000000      15.0000000
wagesal        55858        26324.23        41236.80               0      1099999.00
selfinc        55858         1083.68        11709.01        -9999.00      1099999.00
farminc        55858      33.9829926         1101.94        -9999.00       100101.00
health         55858       2.2801926       1.0641701       1.0000000       5.0000000
imm            55858       0.1827491       0.3864642               0       1.0000000
collplus       55858       0.3369616       0.4726759               0       1.0000000
maplus         55858       0.1143972       0.3182959               0       1.0000000
phd            55858       0.0242221       0.1537395               0       1.0000000
educ           55858      13.6716495       2.8711419               0      20.0000000
annhrs         55858         1293.34     991.2873581               0         5148.00
earnwk         40345     755.1354373     916.0482824               0        45000.00
wage_ogr        5517      20.0301664      13.0344247       0.0400000     260.0000000
gen2           55858       0.0670271       0.2500712               0       1.0000000
workly         55858       0.7222779       0.4478796               0       1.0000000
alloc_ws       55858       0.1308676       0.3372585               0       1.0000000
wage           40345      20.4561881      31.8588739               0         2000.00
twage          40345      20.4041285      22.6743862       4.0000000     400.0000000
trim           40345       0.0748048       0.2665427               0       2.0000000
trimmed        55858       0.0533675       0.2247672               0       1.0000000
logwage        40345       2.7388537       0.7143555       1.3862944       5.9914645
female         55858       1.0000000               0       1.0000000       1.0000000
exp            55858      24.6998460      11.7958732               0      59.0000000
exp2           55858     749.2225286     611.6073534               0         3481.00
exp3           55858        25530.05        28079.02               0       205379.00
famearn        55858        64433.50        81004.52               0      2099999.00
fedwkr         55858       0.0219664       0.1465752               0       1.0000000
statewkr       55858       0.0455441       0.2084960               0       1.0000000
localwkr       55858       0.0724516       0.2592365               0       1.0000000
------------------------------------------------------------------------------------
ages 24-64 ONLY                                                                            22:27 Wednesday, September 25, 2013   6
women

The MEANS Procedure

Variable           N            Mean         Std Dev         Minimum         Maximum
------------------------------------------------------------------------------------
selfemp        55858       0.0547997       0.2275908               0       1.0000000
cbsa1          55858       0.0782699       0.2685982               0       1.0000000
cbsa2          55858       0.0862365       0.2807155               0       1.0000000
cbsa3          55858       0.1029754       0.3039295               0       1.0000000
cbsa4          55858       0.1588313       0.3655220               0       1.0000000
cbsa5          55858       0.1704859       0.3760625               0       1.0000000
cbsa6          55858       0.1599055       0.3665216               0       1.0000000
rgroup         55858       1.7677862       1.1218043       1.0000000       5.0000000
------------------------------------------------------------------------------------
ages 24-64 ONLY                                                                            22:27 Wednesday, September 25, 2013   7
women, in dual-head families, wife of pair

The MEANS Procedure

Variable           N            Mean         Std Dev         Minimum         Maximum
------------------------------------------------------------------------------------
state          32314      54.8780714      26.3695035      11.0000000      95.0000000
famkind        32314       1.0000000               0       1.0000000       1.0000000
age            32314      44.3115058      10.6022649      24.0000000      64.0000000
race           32314       1.4173114       1.2066460       1.0000000      20.0000000
higrad         32314      40.8536857       2.6695252      31.0000000      46.0000000
ethnic         32314       0.2996225       0.8957524               0       5.0000000
hrswkly        32314      26.2594232      19.1362798               0      99.0000000
classly        32314       1.3980628       1.6155857               0       7.0000000
weeksu         32314       0.6374017       5.4031149               0      52.0000000
mover          32314       0.0869902       0.3513295               0       4.0000000
hhnum          32314        48896.30        27956.24       5.0000000        96659.00
cbsa_size      32314       3.6326979       2.5687676               0       7.0000000
ownkidsu6      32314       0.3395432       0.6646489               0       5.0000000
ownkidsu18     32314       1.0990902       1.2088133               0       9.0000000
famnum         32314       1.0000000               0       1.0000000       1.0000000
relhead        32314       2.7917002       1.4713864       1.0000000       4.0000000
hhdfxm         32314       1.6094263       0.9190214       1.0000000      51.0000000
psupwgt        32314       0.9219652       0.5719661       0.0663605       4.3469340
ogrflag        32314       0.1519156       0.3589446               0       1.0000000
wkpay           3105     814.0299517     550.7813798       1.0000000         2885.00
weeksly        32314      33.9290400      23.2770663               0      52.0000000
numjobs        32314       0.7787646       0.5581742               0       3.0000000
occ1ly         32314      14.7614966       7.7198151       1.0000000      24.0000000
ind1ly         32314      10.5313177       3.5839331       1.0000000      15.0000000
wagesal        32314        27464.57        43522.20               0      1099999.00
selfinc        32314         1280.88        12901.55        -9999.00      1000000.00
farminc        32314      44.1280560         1312.20        -9999.00       100101.00
health         32314       2.1670793       1.0128830       1.0000000       5.0000000
imm            32314       0.1945287       0.3958436               0       1.0000000
collplus       32314       0.3850653       0.4866183               0       1.0000000
maplus         32314       0.1353902       0.3421452               0       1.0000000
phd            32314       0.0288420       0.1673649               0       1.0000000
educ           32314      13.9623074       2.8576221               0      20.0000000
annhrs         32314         1270.80     993.9114920               0         5148.00
earnwk         23152     788.6803773     936.6270218               0        21153.83
wage_ogr        3105      21.1925626      13.9352572       0.0400000     260.0000000
gen2           32314       0.0608405       0.2390412               0       1.0000000
workly         32314       0.7164696       0.4507185               0       1.0000000
alloc_ws       32314       0.1231355       0.3285977               0       1.0000000
wage           23152      21.5665463      30.3475849               0         2000.00
twage          23152      21.6204456      23.4271241       4.0000000     400.0000000
trim           23152       0.0818072       0.2775222               0       2.0000000
trimmed        32314       0.0579315       0.2336176               0       1.0000000
logwage        23152       2.7887207       0.7354064       1.3862944       5.9914645
female         32314       1.0000000               0       1.0000000       1.0000000
exp            32314      25.3492294      11.1220110               0      59.0000000
exp2           32314     766.2787337     586.3875497               0         3481.00
exp3           32314        25788.79        26926.89               0       205379.00
famearn        32314        85955.10        91681.54               0      2099999.00
fedwkr         32314       0.0202080       0.1407132               0       1.0000000
statewkr       32314       0.0474407       0.2125830               0       1.0000000
localwkr       32314       0.0813270       0.2733408               0       1.0000000
------------------------------------------------------------------------------------
ages 24-64 ONLY                                                                            22:27 Wednesday, September 25, 2013   8
women, in dual-head families, wife of pair

The MEANS Procedure

Variable           N            Mean         Std Dev         Minimum         Maximum
------------------------------------------------------------------------------------
selfemp        32314       0.0668131       0.2497020               0       1.0000000
cbsa1          32314       0.0795630       0.2706197               0       1.0000000
cbsa2          32314       0.0885375       0.2840794               0       1.0000000
cbsa3          32314       0.1019063       0.3025297               0       1.0000000
cbsa4          32314       0.1569908       0.3637977               0       1.0000000
cbsa5          32314       0.1638609       0.3701550               0       1.0000000
cbsa6          32314       0.1474593       0.3545687               0       1.0000000
rgroup         32314       1.6697097       1.1034422       1.0000000       5.0000000
------------------------------------------------------------------------------------
ages 24-64 ONLY                                                                            22:27 Wednesday, September 25, 2013   9
husbands

The MEANS Procedure

Variable         N            Mean         Std Dev         Minimum         Maximum
----------------------------------------------------------------------------------
state        30991      54.9015198      26.3558170      11.0000000      95.0000000
hhnum        30991        48923.38        27939.05       5.0000000        96659.00
cbsa_size    30991       3.6384757       2.5639386               0       7.0000000
famnum       30991       1.0000000               0       1.0000000       1.0000000
himm         30991       0.1888613       0.3914047               0       1.0000000
hgen2        30991       0.0580491       0.2338401               0       1.0000000
heduc        30991      13.8488271       3.0144899               0      20.0000000
htwage       27657      29.3557620      32.7745647       4.0000000     400.0000000
hannhrs      30991         1940.15     909.8635375               0         5148.00
hfamearn     30991        87415.22        90941.65               0      2099999.00
h_age        30991      45.3975993      10.3725952      24.0000000      64.0000000
hrace        30991       1.3905650       1.1818325       1.0000000      20.0000000
hwagesal     30991        56617.92        75065.94               0      1168999.00
hwage_ogr     3362      27.1540604      25.4091824       0.0200000         1154.00
hselfinc     30991         3278.61        23630.11        -9999.00      1099999.00
hfarminc     30991     595.9328837         9116.90        -9999.00       480000.00
hclassly     30991       1.7394082       1.6875439               0       7.0000000
hhealth      30991       2.1584331       1.0093479       1.0000000       5.0000000
hweeksly     30991      43.9501791      17.1882907               0      52.0000000
hhrswkly     30991      39.1105160      16.8406503               0      99.0000000
hogrflag     30991       0.1786002       0.3830234               0       1.0000000
hrgroup      30991       1.6426059       1.0760604       1.0000000       5.0000000
----------------------------------------------------------------------------------
ages 24-64 ONLY                                                                            22:27 Wednesday, September 25, 2013  10
husbands

The FREQ Procedure

                                     Cumulative    Cumulative
hclassly    Frequency     Percent     Frequency      Percent
-------------------------------------------------------------
       0        3334       10.76          3334        10.76  
       1       19607       63.27         22941        74.02  
       2        1362        4.39         24303        78.42  
       3        1107        3.57         25410        81.99  
       4        1813        5.85         27223        87.84  
       5        1611        5.20         28834        93.04  
       6        2152        6.94         30986        99.98  
       7           5        0.02         30991       100.00  


                                  Cumulative    Cumulative
heduc    Frequency     Percent     Frequency      Percent
----------------------------------------------------------
    0          55        0.18            55         0.18  
    3         244        0.79           299         0.96  
    6         536        1.73           835         2.69  
    8         443        1.43          1278         4.12  
    9         437        1.41          1715         5.53  
   10         457        1.47          2172         7.01  
   11         849        2.74          3021         9.75  
   12        8575       27.67         11596        37.42  
   13        4861       15.69         16457        53.10  
   14        3202       10.33         19659        63.43  
   16        6979       22.52         26638        85.95  
   18        2895        9.34         29533        95.30  
   20        1458        4.70         30991       100.00  


                                    Cumulative    Cumulative
hhealth    Frequency     Percent     Frequency      Percent
------------------------------------------------------------
      1        9250       29.85          9250        29.85  
      2       11273       36.38         20523        66.22  
      3        7554       24.37         28077        90.60  
      4        2136        6.89         30213        97.49  
      5         778        2.51         30991       100.00  


                                     Cumulative    Cumulative
hogrflag    Frequency     Percent     Frequency      Percent
-------------------------------------------------------------
       0       25456       82.14         25456        82.14  
       1        5535       17.86         30991       100.00  
ages 24-64 ONLY                                                                            22:27 Wednesday, September 25, 2013  11
wives

The MEANS Procedure

Variable          N            Mean         Std Dev         Minimum         Maximum
-----------------------------------------------------------------------------------
hhnum         32314        48896.30        27956.24       5.0000000        96659.00
ownkidsu6     32314       0.3395432       0.6646489               0       5.0000000
ownkidsu18    32314       1.0990902       1.2088133               0       9.0000000
famnum        32314       1.0000000               0       1.0000000       1.0000000
wimm          32314       0.1945287       0.3958436               0       1.0000000
wgen2         32314       0.0608405       0.2390412               0       1.0000000
weduc         32314      13.9623074       2.8576221               0      20.0000000
wtwage        23152      21.6204456      23.4271241       4.0000000     400.0000000
wannhrs       32314         1270.80     993.9114920               0         5148.00
wfamearn      32314        85955.10        91681.54               0      2099999.00
w_age         32314      44.3115058      10.6022649      24.0000000      64.0000000
wrace         32314       1.4173114       1.2066460       1.0000000      20.0000000
wwagesal      32314        27464.57        43522.20               0      1099999.00
wwage_ogr      3105      21.1925626      13.9352572       0.0400000     260.0000000
wselfinc      32314         1280.88        12901.55        -9999.00      1000000.00
wfarminc      32314      44.1280560         1312.20        -9999.00       100101.00
wclassly      32314       1.3980628       1.6155857               0       7.0000000
wweeksly      32314      33.9290400      23.2770663               0      52.0000000
whrswkly      32314      26.2594232      19.1362798               0      99.0000000
whealth       32314       2.1670793       1.0128830       1.0000000       5.0000000
wogrflag      32314       0.1519156       0.3589446               0       1.0000000
wrgroup       32314       1.6697097       1.1034422       1.0000000       5.0000000
-----------------------------------------------------------------------------------
ages 24-64 ONLY                                                                            22:27 Wednesday, September 25, 2013  12
wives

The FREQ Procedure

                                     Cumulative    Cumulative
wclassly    Frequency     Percent     Frequency      Percent
-------------------------------------------------------------
       0        9162       28.35          9162        28.35  
       1       16137       49.94         25299        78.29  
       2         653        2.02         25952        80.31  
       3        1533        4.74         27485        85.06  
       4        2628        8.13         30113        93.19  
       5         625        1.93         30738        95.12  
       6        1534        4.75         32272        99.87  
       7          42        0.13         32314       100.00  


                                  Cumulative    Cumulative
weduc    Frequency     Percent     Frequency      Percent
----------------------------------------------------------
    0          51        0.16            51         0.16  
    3         204        0.63           255         0.79  
    6         501        1.55           756         2.34  
    8         438        1.36          1194         3.69  
    9         452        1.40          1646         5.09  
   10         334        1.03          1980         6.13  
   11         664        2.05          2644         8.18  
   12        8167       25.27         10811        33.46  
   13        5202       16.10         16013        49.55  
   14        3858       11.94         19871        61.49  
   16        8068       24.97         27939        86.46  
   18        3443       10.65         31382        97.12  
   20         932        2.88         32314       100.00  


                                     Cumulative    Cumulative
wogrflag    Frequency     Percent     Frequency      Percent
-------------------------------------------------------------
       0       27405       84.81         27405        84.81  
       1        4909       15.19         32314       100.00  
ages 24-64 ONLY                                                                            22:27 Wednesday, September 25, 2013  13
merged H and W

The FREQ Procedure

                                            Cumulative    Cumulative
mergestat          Frequency     Percent     Frequency      Percent
--------------------------------------------------------------------
H and W present       30272       91.64         30272        91.64  
H but no W              719        2.18         30991        93.82  
W but no H             2042        6.18         33033       100.00  


Table of wogrflag by hogrflag

wogrflag     hogrflag

Frequency|
Percent  |
Row Pct  |
Col Pct  |       0|       1|  Total
---------+--------+--------+
       0 |  23742 |   1863 |  25605
         |  78.43 |   6.15 |  84.58
         |  92.72 |   7.28 |
         |  95.53 |  34.38 |
---------+--------+--------+
       1 |   1111 |   3556 |   4667
         |   3.67 |  11.75 |  15.42
         |  23.81 |  76.19 |
         |   4.47 |  65.62 |
---------+--------+--------+
Total       24853     5419    30272
            82.10    17.90   100.00

Frequency Missing = 2761
ages 24-64 ONLY                                                                            22:27 Wednesday, September 25, 2013  14
couples, husband or wife working last year and one has wage in OGR 

The FREQ Procedure

Table of husbandwork by wifework

husbandwork     wifework

Frequency|
Percent  |
Row Pct  |
Col Pct  |       0|       1|  Total
---------+--------+--------+
       0 |      0 |    277 |    277
         |   0.00 |   6.81 |   6.81
         |   0.00 | 100.00 |
         |   0.00 |   8.48 |
---------+--------+--------+
       1 |    801 |   2988 |   3789
         |  19.70 |  73.49 |  93.19
         |  21.14 |  78.86 |
         | 100.00 |  91.52 |
---------+--------+--------+
Total         801     3265     4066
            19.70    80.30   100.00


ages 24-64 ONLY                                                                            22:27 Wednesday, September 25, 2013  15
couples, husband or wife working last year and one has wage in OGR 

The FREQ Procedure

Table of hrgroup by wrgroup

hrgroup     wrgroup

Frequency|
Percent  |
Row Pct  |
Col Pct  |       1|       2|       3|       4|       5|  Total
---------+--------+--------+--------+--------+--------+
       1 |   2920 |     10 |     68 |     48 |     32 |   3078
         |  71.82 |   0.25 |   1.67 |   1.18 |   0.79 |  75.70
         |  94.87 |   0.32 |   2.21 |   1.56 |   1.04 |
         |  95.49 |   4.74 |  14.91 |  18.97 |  36.36 |
---------+--------+--------+--------+--------+--------+
       2 |     21 |    198 |      7 |      2 |      3 |    231
         |   0.52 |   4.87 |   0.17 |   0.05 |   0.07 |   5.68
         |   9.09 |  85.71 |   3.03 |   0.87 |   1.30 |
         |   0.69 |  93.84 |   1.54 |   0.79 |   3.41 |
---------+--------+--------+--------+--------+--------+
       3 |     62 |      2 |    375 |      2 |      7 |    448
         |   1.52 |   0.05 |   9.22 |   0.05 |   0.17 |  11.02
         |  13.84 |   0.45 |  83.71 |   0.45 |   1.56 |
         |   2.03 |   0.95 |  82.24 |   0.79 |   7.95 |
---------+--------+--------+--------+--------+--------+
       4 |     17 |      0 |      2 |    198 |      7 |    224
         |   0.42 |   0.00 |   0.05 |   4.87 |   0.17 |   5.51
         |   7.59 |   0.00 |   0.89 |  88.39 |   3.13 |
         |   0.56 |   0.00 |   0.44 |  78.26 |   7.95 |
---------+--------+--------+--------+--------+--------+
       5 |     38 |      1 |      4 |      3 |     39 |     85
         |   0.93 |   0.02 |   0.10 |   0.07 |   0.96 |   2.09
         |  44.71 |   1.18 |   4.71 |   3.53 |  45.88 |
         |   1.24 |   0.47 |   0.88 |   1.19 |  44.32 |
---------+--------+--------+--------+--------+--------+
Total        3058      211      456      253       88     4066
            75.21     5.19    11.21     6.22     2.16   100.00


ages 24-64 ONLY                                                                            22:27 Wednesday, September 25, 2013  16
couples, husband or wife working last year and one has wage in OGR 

The FREQ Procedure

Table of wifework by wife_wage_ogr

wifework     wife_wage_ogr

Frequency|
Percent  |
Row Pct  |
Col Pct  |       0|       1|  Total
---------+--------+--------+
       0 |    766 |     35 |    801
         |  18.84 |   0.86 |  19.70
         |  95.63 |   4.37 |
         |  66.03 |   1.20 |
---------+--------+--------+
       1 |    394 |   2871 |   3265
         |   9.69 |  70.61 |  80.30
         |  12.07 |  87.93 |
         |  33.97 |  98.80 |
---------+--------+--------+
Total        1160     2906     4066
            28.53    71.47   100.00


ages 24-64 ONLY                                                                            22:27 Wednesday, September 25, 2013  17
couples, husband or wife working last year and one has wage in OGR 

The FREQ Procedure

Table of whealth by hhealth

whealth     hhealth

Frequency|
Percent  |
Row Pct  |
Col Pct  |       1|       2|       3|       4|       5|  Total
---------+--------+--------+--------+--------+--------+
       1 |    986 |    127 |     67 |     23 |      6 |   1209
         |  24.25 |   3.12 |   1.65 |   0.57 |   0.15 |  29.73
         |  81.56 |  10.50 |   5.54 |   1.90 |   0.50 |
         |  80.95 |   8.17 |   6.72 |   9.91 |   9.23 |
---------+--------+--------+--------+--------+--------+
       2 |    123 |   1227 |    168 |     41 |     10 |   1569
         |   3.03 |  30.18 |   4.13 |   1.01 |   0.25 |  38.59
         |   7.84 |  78.20 |  10.71 |   2.61 |   0.64 |
         |  10.10 |  78.96 |  16.85 |  17.67 |  15.38 |
---------+--------+--------+--------+--------+--------+
       3 |     72 |    143 |    681 |     75 |     24 |    995
         |   1.77 |   3.52 |  16.75 |   1.84 |   0.59 |  24.47
         |   7.24 |  14.37 |  68.44 |   7.54 |   2.41 |
         |   5.91 |   9.20 |  68.30 |  32.33 |  36.92 |
---------+--------+--------+--------+--------+--------+
       4 |     28 |     44 |     60 |     80 |     15 |    227
         |   0.69 |   1.08 |   1.48 |   1.97 |   0.37 |   5.58
         |  12.33 |  19.38 |  26.43 |  35.24 |   6.61 |
         |   2.30 |   2.83 |   6.02 |  34.48 |  23.08 |
---------+--------+--------+--------+--------+--------+
       5 |      9 |     13 |     21 |     13 |     10 |     66
         |   0.22 |   0.32 |   0.52 |   0.32 |   0.25 |   1.62
         |  13.64 |  19.70 |  31.82 |  19.70 |  15.15 |
         |   0.74 |   0.84 |   2.11 |   5.60 |  15.38 |
---------+--------+--------+--------+--------+--------+
Total        1218     1554      997      232       65     4066
            29.96    38.22    24.52     5.71     1.60   100.00


ages 24-64 ONLY                                                                            22:27 Wednesday, September 25, 2013  18
couples, husband or wife working last year and one has wage in OGR 

The FREQ Procedure

Table of wclassly by hclassly

wclassly     hclassly

Frequency|
Percent  |
Row Pct  |
Col Pct  |       0|       1|       2|       3|       4|       5|       6|  Total
---------+--------+--------+--------+--------+--------+--------+--------+
       0 |      0 |    675 |     36 |     28 |     53 |      6 |      3 |    801
         |   0.00 |  16.60 |   0.89 |   0.69 |   1.30 |   0.15 |   0.07 |  19.70
         |   0.00 |  84.27 |   4.49 |   3.50 |   6.62 |   0.75 |   0.37 |
         |   0.00 |  23.85 |  22.93 |  16.47 |  17.43 |   4.17 |   1.63 |
---------+--------+--------+--------+--------+--------+--------+--------+
       1 |    209 |   1618 |     63 |     76 |    148 |     99 |    146 |   2359
         |   5.14 |  39.79 |   1.55 |   1.87 |   3.64 |   2.43 |   3.59 |  58.02
         |   8.86 |  68.59 |   2.67 |   3.22 |   6.27 |   4.20 |   6.19 |
         |  75.45 |  57.17 |  40.13 |  44.71 |  48.68 |  68.75 |  79.35 |
---------+--------+--------+--------+--------+--------+--------+--------+
       2 |      7 |     40 |     22 |      6 |      8 |      3 |      6 |     92
         |   0.17 |   0.98 |   0.54 |   0.15 |   0.20 |   0.07 |   0.15 |   2.26
         |   7.61 |  43.48 |  23.91 |   6.52 |   8.70 |   3.26 |   6.52 |
         |   2.53 |   1.41 |  14.01 |   3.53 |   2.63 |   2.08 |   3.26 |
---------+--------+--------+--------+--------+--------+--------+--------+
       3 |     21 |    113 |     13 |     43 |     12 |     14 |      9 |    225
         |   0.52 |   2.78 |   0.32 |   1.06 |   0.30 |   0.34 |   0.22 |   5.53
         |   9.33 |  50.22 |   5.78 |  19.11 |   5.33 |   6.22 |   4.00 |
         |   7.58 |   3.99 |   8.28 |  25.29 |   3.95 |   9.72 |   4.89 |
---------+--------+--------+--------+--------+--------+--------+--------+
       4 |     34 |    228 |     15 |     15 |     71 |     20 |     17 |    400
         |   0.84 |   5.61 |   0.37 |   0.37 |   1.75 |   0.49 |   0.42 |   9.84
         |   8.50 |  57.00 |   3.75 |   3.75 |  17.75 |   5.00 |   4.25 |
         |  12.27 |   8.06 |   9.55 |   8.82 |  23.36 |  13.89 |   9.24 |
---------+--------+--------+--------+--------+--------+--------+--------+
       5 |      2 |     30 |      2 |      0 |      7 |      2 |      1 |     44
         |   0.05 |   0.74 |   0.05 |   0.00 |   0.17 |   0.05 |   0.02 |   1.08
         |   4.55 |  68.18 |   4.55 |   0.00 |  15.91 |   4.55 |   2.27 |
         |   0.72 |   1.06 |   1.27 |   0.00 |   2.30 |   1.39 |   0.54 |
---------+--------+--------+--------+--------+--------+--------+--------+
       6 |      4 |    125 |      5 |      2 |      5 |      0 |      2 |    143
         |   0.10 |   3.07 |   0.12 |   0.05 |   0.12 |   0.00 |   0.05 |   3.52
         |   2.80 |  87.41 |   3.50 |   1.40 |   3.50 |   0.00 |   1.40 |
         |   1.44 |   4.42 |   3.18 |   1.18 |   1.64 |   0.00 |   1.09 |
---------+--------+--------+--------+--------+--------+--------+--------+
       7 |      0 |      1 |      1 |      0 |      0 |      0 |      0 |      2
         |   0.00 |   0.02 |   0.02 |   0.00 |   0.00 |   0.00 |   0.00 |   0.05
         |   0.00 |  50.00 |  50.00 |   0.00 |   0.00 |   0.00 |   0.00 |
         |   0.00 |   0.04 |   0.64 |   0.00 |   0.00 |   0.00 |   0.00 |
---------+--------+--------+--------+--------+--------+--------+--------+
Total         277     2830      157      170      304      144      184     4066
             6.81    69.60     3.86     4.18     7.48     3.54     4.53   100.00
ages 24-64 ONLY                                                                            22:27 Wednesday, September 25, 2013  19
couples, husband or wife working last year and one has wage in OGR 

The FREQ Procedure

Table of wimm by himm

wimm      himm

Frequency|
Percent  |
Row Pct  |
Col Pct  |       0|       1|  Total
---------+--------+--------+
       0 |   3265 |    130 |   3395
         |  80.30 |   3.20 |  83.50
         |  96.17 |   3.83 |
         |  95.97 |  19.58 |
---------+--------+--------+
       1 |    137 |    534 |    671
         |   3.37 |  13.13 |  16.50
         |  20.42 |  79.58 |
         |   4.03 |  80.42 |
---------+--------+--------+
Total        3402      664     4066
            83.67    16.33   100.00


Table of wgen2 by hgen2

wgen2     hgen2

Frequency|
Percent  |
Row Pct  |
Col Pct  |       0|       1|  Total
---------+--------+--------+
       0 |   3673 |    158 |   3831
         |  90.33 |   3.89 |  94.22
         |  95.88 |   4.12 |
         |  95.45 |  72.48 |
---------+--------+--------+
       1 |    175 |     60 |    235
         |   4.30 |   1.48 |   5.78
         |  74.47 |  25.53 |
         |   4.55 |  27.52 |
---------+--------+--------+
Total        3848      218     4066
            94.64     5.36   100.00


ages 24-64 ONLY                                                                            22:27 Wednesday, September 25, 2013  20
couples, husband or wife working last year and one has wage in OGR 

The FREQ Procedure

Table of missing_wwage_ogr by wifework

missing_wwage_ogr     wifework

Frequency|
Percent  |
Row Pct  |
Col Pct  |       0|       1|  Total
---------+--------+--------+
       0 |    801 |   2871 |   3672
         |  19.70 |  70.61 |  90.31
         |  21.81 |  78.19 |
         | 100.00 |  87.93 |
---------+--------+--------+
       1 |      0 |    394 |    394
         |   0.00 |   9.69 |   9.69
         |   0.00 | 100.00 |
         |   0.00 |  12.07 |
---------+--------+--------+
Total         801     3265     4066
            19.70    80.30   100.00
ages 24-64 ONLY                                                                            22:27 Wednesday, September 25, 2013  21
couples, husband or wife working last year and one has wage in OGR 

The MEANS Procedure

Variable                N            Mean         Std Dev         Minimum         Maximum
-----------------------------------------------------------------------------------------
state                4066      52.9377767      26.2907167      11.0000000      95.0000000
hhnum                4066        46720.86        27864.72       5.0000000        95984.00
cbsa_size            4066       3.5759961       2.5409327               0       7.0000000
famnum               4066       1.0000000               0       1.0000000       1.0000000
himm                 4066       0.1633055       0.3696896               0       1.0000000
hgen2                4066       0.0536153       0.2252848               0       1.0000000
heduc                4066      14.0277914       2.8652329               0      20.0000000
htwage               3789      29.4942690      29.4843584       4.0000000     400.0000000
hannhrs              4066         2023.88     779.6470299               0         5148.00
hfamearn             4066        94954.48        84785.71               0      1379999.00
h_age                4066      46.0541072      10.3378131      24.0000000      64.0000000
hrace                4066       1.3391540       1.0687679       1.0000000      18.0000000
hwagesal             4066        60047.99        71998.90               0      1099999.00
hwage_ogr            3281      27.3180730      25.5953447       0.0200000         1154.00
hselfinc             4066         2213.23        20961.01        -9999.00      1000000.00
hfarminc             4066     431.3873586         7155.46        -9999.00       300000.00
hclassly             4066       1.6463355       1.4925341               0       6.0000000
hhealth              4066       2.1077226       0.9515725       1.0000000       5.0000000
hweeksly             4066      46.3664535      14.4737110               0      52.0000000
hhrswkly             4066      40.4633546      14.2417801               0      99.0000000
hogrflag             4066       0.8285785       0.3769233               0       1.0000000
hrgroup              4066       1.5260698       1.0253535       1.0000000       5.0000000
ownkidsu6            4066       0.2909493       0.6152644               0       5.0000000
ownkidsu18           4066       0.9584358       1.1600118               0       9.0000000
wimm                 4066       0.1650271       0.3712506               0       1.0000000
wgen2                4066       0.0577964       0.2333867               0       1.0000000
weduc                4066      14.1760944       2.7010051               0      20.0000000
wtwage               3265      21.7039539      21.5761062       4.0000000     400.0000000
wannhrs              4066         1464.56     926.4914747               0         4653.00
wfamearn             4066        94954.48        84785.71               0      1379999.00
w_age                4066      44.2412691      10.3480907      24.0000000      64.0000000
wrace                4066       1.3615347       1.1091195       1.0000000      18.0000000
wwagesal             4066        31840.38        41224.53               0      1099999.00
wwage_ogr            2906      21.2952115      14.0747126       0.0400000     260.0000000
wselfinc             4066         1090.77        11644.49        -9999.00       450000.00
wfarminc             4066      28.1382194         1368.48        -4000.00        84400.00
wclassly             4066       1.4535170       1.4803107               0       7.0000000
wweeksly             4066      38.7186424      21.0942250               0      52.0000000
whrswkly             4066      29.9011313      17.6140547               0      99.0000000
whealth              4066       2.1077226       0.9487245       1.0000000       5.0000000
wogrflag             4066       0.7316773       0.4431410               0       1.0000000
wrgroup              4066       1.5494343       1.0512762       1.0000000       5.0000000
wifework             4066       0.8030005       0.3977809               0       1.0000000
husbandwork          4066       0.9318741       0.2519929               0       1.0000000
age_gap              4066       1.8128382       4.7548660     -31.0000000      27.0000000
wagesalgap           4066        28207.61        81644.56      -911488.00      1099999.00
educgap              4066      -0.1483030       2.4350643     -16.0000000      12.0000000
hlogwage             3789       3.1186116       0.7264443       1.3862944       5.9914645
wlogwage             3265       2.8331567       0.6825152       1.3862944       5.9914645
hexp                 4066      26.0263158      10.7386507               0      55.0000000
hexp2                4066       7.9265937       5.5495613               0      30.2500000
hexp3                4066      26.4472447      24.8596098               0     166.3750000
-----------------------------------------------------------------------------------------
ages 24-64 ONLY                                                                            22:27 Wednesday, September 25, 2013  22
couples, husband or wife working last year and one has wage in OGR 

The MEANS Procedure

Variable                N            Mean         Std Dev         Minimum         Maximum
-----------------------------------------------------------------------------------------
hblack               4066       0.0568126       0.2315126               0       1.0000000
wblack               4066       0.0518938       0.2218398               0       1.0000000
hhispanic            4066       0.1101820       0.3131550               0       1.0000000
whispanic            4066       0.1121495       0.3155891               0       1.0000000
wife_wage_ogr        4066       0.7147073       0.4516093               0       1.0000000
husband_wage_ogr     4066       0.8069356       0.3947517               0       1.0000000
missing_wwage_ogr    4066       0.0969011       0.2958595               0       1.0000000
wlogwage_ogr         2906       2.8962707       0.5723385      -3.2188758       5.5606816
any_under6           4066       0.2166749       0.4120299               0       1.0000000
-----------------------------------------------------------------------------------------
ages 24-64 ONLY                                                                            22:27 Wednesday, September 25, 2013  23
couples, husband or wife working last year and one has wage in OGR 

The CORR Procedure

   8  Variables:    wfamearn hfamearn weduc    heduc    w_age    h_age    wannhrs  hannhrs  


                                    Simple Statistics
 
Variable           N          Mean       Std Dev           Sum       Minimum       Maximum

wfamearn        4066         94954         84786     386084930             0       1379999
hfamearn        4066         94954         84786     386084930             0       1379999
weduc           4066      14.17609       2.70101         57640             0      20.00000
heduc           4066      14.02779       2.86523         57037             0      20.00000
w_age           4066      44.24127      10.34809        179885      24.00000      64.00000
h_age           4066      46.05411      10.33781        187256      24.00000      64.00000
wannhrs         4066          1465     926.49147       5954884             0          4653
hannhrs         4066          2024     779.64703       8229101             0          5148


                                      Pearson Correlation Coefficients, N = 4066 
                                               Prob > |r| under H0: Rho=0
 
              wfamearn      hfamearn         weduc         heduc         w_age         h_age       wannhrs       hannhrs

wfamearn       1.00000       1.00000       0.31990       0.34875       0.07172       0.05303       0.15172       0.26990
                              <.0001        <.0001        <.0001        <.0001        0.0007        <.0001        <.0001

hfamearn       1.00000       1.00000       0.31990       0.34875       0.07172       0.05303       0.15172       0.26990
                <.0001                      <.0001        <.0001        <.0001        0.0007        <.0001        <.0001

weduc          0.31990       0.31990       1.00000       0.61865      -0.04997      -0.07987       0.18938       0.08688
                <.0001        <.0001                      <.0001        0.0014        <.0001        <.0001        <.0001

heduc          0.34875       0.34875       0.61865       1.00000       0.01429      -0.00403       0.05906       0.13445
                <.0001        <.0001        <.0001                      0.3625        0.7973        0.0002        <.0001

w_age          0.07172       0.07172      -0.04997       0.01429       1.00000       0.89433       0.04469      -0.09635
                <.0001        <.0001        0.0014        0.3625                      <.0001        0.0044        <.0001

h_age          0.05303       0.05303      -0.07987      -0.00403       0.89433       1.00000       0.04467      -0.11585
                0.0007        0.0007        <.0001        0.7973        <.0001                      0.0044        <.0001

wannhrs        0.15172       0.15172       0.18938       0.05906       0.04469       0.04467       1.00000      -0.12210
                <.0001        <.0001        <.0001        0.0002        0.0044        0.0044                      <.0001

hannhrs        0.26990       0.26990       0.08688       0.13445      -0.09635      -0.11585      -0.12210       1.00000
                <.0001        <.0001        <.0001        <.0001        <.0001        <.0001        <.0001              
ages 24-64 ONLY                                                                            22:27 Wednesday, September 25, 2013  24
couples, husband or wife working last year and one has wage in OGR 

The CORR Procedure

   6  Variables:    htwage    hwage_ogr hwagesal  wtwage    wwage_ogr wwagesal  


                                     Simple Statistics
 
Variable            N          Mean       Std Dev           Sum       Minimum       Maximum

htwage           3789      29.49427      29.48436        111754       4.00000     400.00000
hwage_ogr        3281      27.31807      25.59534         89631       0.02000          1154
hwagesal         4066         60048         71999     244155141             0       1099999
wtwage           3265      21.70395      21.57611         70863       4.00000     400.00000
wwage_ogr        2906      21.29521      14.07471         61884       0.04000     260.00000
wwagesal         4066         31840         41225     129462993             0       1099999


                               Pearson Correlation Coefficients 
                                  Prob > |r| under H0: Rho=0 
                                    Number of Observations
 
                 htwage      hwage_ogr      hwagesal        wtwage      wwage_ogr      wwagesal

htwage          1.00000        0.32777       0.89449       0.15101        0.16617       0.06023
                                <.0001        <.0001        <.0001         <.0001        0.0002
                   3789           3260          3789          2988           2636          3789

hwage_ogr       0.32777        1.00000       0.30883       0.22789        0.28873       0.08818
                 <.0001                       <.0001        <.0001         <.0001        <.0001
                   3260           3281          3281          2488           2121          3281

hwagesal        0.89449        0.30883       1.00000       0.12772        0.13839       0.03663
                 <.0001         <.0001                      <.0001         <.0001        0.0195
                   3789           3281          4066          3265           2906          4066

wtwage          0.15101        0.22789       0.12772       1.00000        0.46050       0.76865
                 <.0001         <.0001        <.0001                       <.0001        <.0001
                   2988           2488          3265          3265           2871          3265

wwage_ogr       0.16617        0.28873       0.13839       0.46050        1.00000       0.43995
                 <.0001         <.0001        <.0001        <.0001                       <.0001
                   2636           2121          2906          2871           2906          2906

wwagesal        0.06023        0.08818       0.03663       0.76865        0.43995       1.00000
                 0.0002         <.0001        0.0195        <.0001         <.0001              
                   3789           3281          4066          3265           2906          4066
ages 24-64 ONLY                                                                            22:27 Wednesday, September 25, 2013  25
couples, husband or wife working last year and one has wage in OGR 

The CORR Procedure

   2  Variables:    wlogwage     wlogwage_ogr 


                                      Simple Statistics
 
Variable               N          Mean       Std Dev           Sum       Minimum       Maximum

wlogwage            3265       2.83316       0.68252          9250       1.38629       5.99146
wlogwage_ogr        2906       2.89627       0.57234          8417      -3.21888       5.56068


    Pearson Correlation Coefficients 
       Prob > |r| under H0: Rho=0 
         Number of Observations
 
                                wlogwage_
                  wlogwage            ogr

wlogwage           1.00000        0.63364
                                   <.0001
                      3265           2871

wlogwage_ogr       0.63364        1.00000
                    <.0001               
                      2871           2906
ages 24-64 ONLY                                                                            22:27 Wednesday, September 25, 2013  26
couples, husband or wife working last year and one has wage in OGR 

The CORR Procedure

   7  Variables:    husbandwork wifework    weduc       heduc       w_age       h_age       ownkidsu6   


                                      Simple Statistics
 
Variable              N          Mean       Std Dev           Sum       Minimum       Maximum

husbandwork        4066       0.93187       0.25199          3789             0       1.00000
wifework           4066       0.80300       0.39778          3265             0       1.00000
weduc              4066      14.17609       2.70101         57640             0      20.00000
heduc              4066      14.02779       2.86523         57037             0      20.00000
w_age              4066      44.24127      10.34809        179885      24.00000      64.00000
h_age              4066      46.05411      10.33781        187256      24.00000      64.00000
ownkidsu6          4066       0.29095       0.61526          1183             0       5.00000


                                   Pearson Correlation Coefficients, N = 4066 
                                           Prob > |r| under H0: Rho=0
 
                 husbandwork      wifework         weduc         heduc         w_age         h_age      ownkidsu6

husbandwork          1.00000      -0.13392       0.04185       0.07656      -0.13360      -0.15119        0.05171
                                    <.0001        0.0076        <.0001        <.0001        <.0001         0.0010

wifework            -0.13392       1.00000       0.16120       0.04689      -0.00142       0.00522       -0.09242
                      <.0001                      <.0001        0.0028        0.9279        0.7391         <.0001

weduc                0.04185       0.16120       1.00000       0.61865      -0.04997      -0.07987        0.06390
                      0.0076        <.0001                      <.0001        0.0014        <.0001         <.0001

heduc                0.07656       0.04689       0.61865       1.00000       0.01429      -0.00403        0.02527
                      <.0001        0.0028        <.0001                      0.3625        0.7973         0.1071

w_age               -0.13360      -0.00142      -0.04997       0.01429       1.00000       0.89433       -0.48435
                      <.0001        0.9279        0.0014        0.3625                      <.0001         <.0001

h_age               -0.15119       0.00522      -0.07987      -0.00403       0.89433       1.00000       -0.46814
                      <.0001        0.7391        <.0001        0.7973        <.0001                       <.0001

ownkidsu6            0.05171      -0.09242       0.06390       0.02527      -0.48435      -0.46814        1.00000
                      0.0010        <.0001        <.0001        0.1071        <.0001        <.0001               
ages 24-64 ONLY                                                                            22:27 Wednesday, September 25, 2013  27
couples, husband or wife working last year and one has wage in OGR 

The FREQ Procedure

Table of wclassly by wifework

wclassly     wifework

Frequency|
Percent  |
Row Pct  |
Col Pct  |       0|       1|  Total
---------+--------+--------+
       0 |    801 |      0 |    801
         |  19.70 |   0.00 |  19.70
         | 100.00 |   0.00 |
         | 100.00 |   0.00 |
---------+--------+--------+
       1 |      0 |   2359 |   2359
         |   0.00 |  58.02 |  58.02
         |   0.00 | 100.00 |
         |   0.00 |  72.25 |
---------+--------+--------+
       2 |      0 |     92 |     92
         |   0.00 |   2.26 |   2.26
         |   0.00 | 100.00 |
         |   0.00 |   2.82 |
---------+--------+--------+
       3 |      0 |    225 |    225
         |   0.00 |   5.53 |   5.53
         |   0.00 | 100.00 |
         |   0.00 |   6.89 |
---------+--------+--------+
       4 |      0 |    400 |    400
         |   0.00 |   9.84 |   9.84
         |   0.00 | 100.00 |
         |   0.00 |  12.25 |
---------+--------+--------+
       5 |      0 |     44 |     44
         |   0.00 |   1.08 |   1.08
         |   0.00 | 100.00 |
         |   0.00 |   1.35 |
---------+--------+--------+
       6 |      0 |    143 |    143
         |   0.00 |   3.52 |   3.52
         |   0.00 | 100.00 |
         |   0.00 |   4.38 |
---------+--------+--------+
       7 |      0 |      2 |      2
         |   0.00 |   0.05 |   0.05
         |   0.00 | 100.00 |
         |   0.00 |   0.06 |
---------+--------+--------+
Total         801     3265     4066
            19.70    80.30   100.00
ages 24-64 ONLY                                                                            22:27 Wednesday, September 25, 2013  28
couples, husband or wife working last year and one has wage in OGR 

The FREQ Procedure

                                     Cumulative    Cumulative
hclassly    Frequency     Percent     Frequency      Percent
-------------------------------------------------------------
       0         277        6.81           277         6.81  
       1        2830       69.60          3107        76.41  
       2         157        3.86          3264        80.28  
       3         170        4.18          3434        84.46  
       4         304        7.48          3738        91.93  
       5         144        3.54          3882        95.47  
       6         184        4.53          4066       100.00  


Table of ownkidsu6 by wifework

ownkidsu6     wifework

Frequency|
Percent  |
Row Pct  |
Col Pct  |       0|       1|  Total
---------+--------+--------+
       0 |    572 |   2613 |   3185
         |  14.07 |  64.26 |  78.33
         |  17.96 |  82.04 |
         |  71.41 |  80.03 |
---------+--------+--------+
       1 |    154 |    464 |    618
         |   3.79 |  11.41 |  15.20
         |  24.92 |  75.08 |
         |  19.23 |  14.21 |
---------+--------+--------+
       2 |     60 |    171 |    231
         |   1.48 |   4.21 |   5.68
         |  25.97 |  74.03 |
         |   7.49 |   5.24 |
---------+--------+--------+
       3 |     11 |     16 |     27
         |   0.27 |   0.39 |   0.66
         |  40.74 |  59.26 |
         |   1.37 |   0.49 |
---------+--------+--------+
       4 |      2 |      1 |      3
         |   0.05 |   0.02 |   0.07
         |  66.67 |  33.33 |
         |   0.25 |   0.03 |
---------+--------+--------+
       5 |      2 |      0 |      2
         |   0.05 |   0.00 |   0.05
         | 100.00 |   0.00 |
         |   0.25 |   0.00 |
---------+--------+--------+
Total         801     3265     4066
            19.70    80.30   100.00
ages 24-64 ONLY                                                                            22:27 Wednesday, September 25, 2013  29
couples, husband or wife working last year and one has wage in OGR 

The FREQ Procedure

Table of whealth by wifework

whealth     wifework

Frequency|
Percent  |
Row Pct  |
Col Pct  |       0|       1|  Total
---------+--------+--------+
       1 |    196 |   1013 |   1209
         |   4.82 |  24.91 |  29.73
         |  16.21 |  83.79 |
         |  24.47 |  31.03 |
---------+--------+--------+
       2 |    273 |   1296 |   1569
         |   6.71 |  31.87 |  38.59
         |  17.40 |  82.60 |
         |  34.08 |  39.69 |
---------+--------+--------+
       3 |    217 |    778 |    995
         |   5.34 |  19.13 |  24.47
         |  21.81 |  78.19 |
         |  27.09 |  23.83 |
---------+--------+--------+
       4 |     73 |    154 |    227
         |   1.80 |   3.79 |   5.58
         |  32.16 |  67.84 |
         |   9.11 |   4.72 |
---------+--------+--------+
       5 |     42 |     24 |     66
         |   1.03 |   0.59 |   1.62
         |  63.64 |  36.36 |
         |   5.24 |   0.74 |
---------+--------+--------+
Total         801     3265     4066
            19.70    80.30   100.00


ages 24-64 ONLY                                                                            22:27 Wednesday, September 25, 2013  30
couples, husband or wife working last year and one has wage in OGR 

The FREQ Procedure

Table of hhealth by wifework

hhealth     wifework

Frequency|
Percent  |
Row Pct  |
Col Pct  |       0|       1|  Total
---------+--------+--------+
       1 |    234 |    984 |   1218
         |   5.76 |  24.20 |  29.96
         |  19.21 |  80.79 |
         |  29.21 |  30.14 |
---------+--------+--------+
       2 |    296 |   1258 |   1554
         |   7.28 |  30.94 |  38.22
         |  19.05 |  80.95 |
         |  36.95 |  38.53 |
---------+--------+--------+
       3 |    227 |    770 |    997
         |   5.58 |  18.94 |  24.52
         |  22.77 |  77.23 |
         |  28.34 |  23.58 |
---------+--------+--------+
       4 |     40 |    192 |    232
         |   0.98 |   4.72 |   5.71
         |  17.24 |  82.76 |
         |   4.99 |   5.88 |
---------+--------+--------+
       5 |      4 |     61 |     65
         |   0.10 |   1.50 |   1.60
         |   6.15 |  93.85 |
         |   0.50 |   1.87 |
---------+--------+--------+
Total         801     3265     4066
            19.70    80.30   100.00
ages 24-64 ONLY                                                                            22:27 Wednesday, September 25, 2013  31
couples, husband or wife working last year and one has wage in OGR 
working wife

The MEANS Procedure

Variable                N            Mean         Std Dev         Minimum         Maximum
-----------------------------------------------------------------------------------------
state                3265      52.2297090      26.1803565      11.0000000      95.0000000
hhnum                3265        45916.80        27743.90       5.0000000        95984.00
cbsa_size            3265       3.5053599       2.5389223               0       7.0000000
famnum               3265       1.0000000               0       1.0000000       1.0000000
himm                 3265       0.1421133       0.3492198               0       1.0000000
hgen2                3265       0.0551302       0.2282691               0       1.0000000
heduc                3265      14.0943338       2.7176656               0      20.0000000
htwage               2988      28.2460932      25.5428484       4.0000000     400.0000000
hannhrs              3265         1980.22     816.5269242               0         4732.00
hfamearn             3265        98530.35        79452.00               0      1379999.00
h_age                3265      46.0808576      10.2848620      24.0000000      64.0000000
hrace                3265       1.3188361       1.0035311       1.0000000      15.0000000
hwagesal             3265        55865.98        61623.53               0      1099999.00
hwage_ogr            2488      26.7269129      16.1410789       0.0200000     346.0000000
hselfinc             3265         2671.30        23270.98        -9999.00      1000000.00
hfarminc             3265     500.0058193         7781.41        -9999.00       300000.00
hclassly             3265       1.7160796       1.5930884               0       6.0000000
hhealth              3265       2.1081164       0.9639385       1.0000000       5.0000000
hweeksly             3265      45.4869832      15.6548215               0      52.0000000
hhrswkly             3265      39.6245023      15.0689961               0      99.0000000
hogrflag             3265       0.7886677       0.4083161               0       1.0000000
hrgroup              3265       1.4768760       0.9917713       1.0000000       5.0000000
ownkidsu6            3265       0.2627871       0.5758967               0       4.0000000
ownkidsu18           3265       0.8879020       1.0771371               0       8.0000000
wimm                 3265       0.1408882       0.3479595               0       1.0000000
wgen2                3265       0.0584992       0.2347210               0       1.0000000
weduc                3265      14.3917305       2.6237729               0      20.0000000
wtwage               3265      21.7039539      21.5761062       4.0000000     400.0000000
wannhrs              3265         1823.85     643.0627020       1.0000000         4653.00
wfamearn             3265        98530.35        79452.00               0      1379999.00
w_age                3265      44.2339969      10.2667132      24.0000000      64.0000000
wrace                3265       1.3457887       1.0872767       1.0000000      18.0000000
wwagesal             3265        39651.76        42505.15               0      1099999.00
wwage_ogr            2871      21.3558033      14.0833286       0.0400000     260.0000000
wselfinc             3265         1358.37        12980.98        -9999.00       450000.00
wfarminc             3265      35.0413476         1527.11        -4000.00        84400.00
wclassly             3265       1.8101072       1.4434040       1.0000000       7.0000000
wweeksly             3265      48.2174579       9.7986720       1.0000000      52.0000000
whrswkly             3265      37.2367534      10.6374061       1.0000000      99.0000000
whealth              3265       2.0444104       0.8953448       1.0000000       5.0000000
wogrflag             3265       0.8995406       0.3006576               0       1.0000000
wrgroup              3265       1.5041348       1.0212500       1.0000000       5.0000000
wifework             3265       1.0000000               0       1.0000000       1.0000000
husbandwork          3265       0.9151608       0.2786849               0       1.0000000
age_gap              3265       1.8468606       4.7001196     -31.0000000      25.0000000
wagesalgap           3265        16214.22        70721.70      -911488.00      1077999.00
educgap              3265      -0.2973966       2.3677151     -16.0000000      11.0000000
hlogwage             2988       3.0896885       0.7235965       1.3862944       5.9914645
wlogwage             3265       2.8331567       0.6825152       1.3862944       5.9914645
hexp                 3265      25.9865237      10.7041516               0      55.0000000
hexp2                3265       7.8984319       5.4891315               0      30.2500000
-----------------------------------------------------------------------------------------
ages 24-64 ONLY                                                                            22:27 Wednesday, September 25, 2013  32
couples, husband or wife working last year and one has wage in OGR 
working wife

The MEANS Procedure

Variable                N            Mean         Std Dev         Minimum         Maximum
-----------------------------------------------------------------------------------------
hexp3                3265      26.2582015      24.4359267               0     166.3750000
hblack               3265       0.0566616       0.2312302               0       1.0000000
wblack               3265       0.0520674       0.2221970               0       1.0000000
hhispanic            3265       0.0931087       0.2906293               0       1.0000000
whispanic            3265       0.0967841       0.2957088               0       1.0000000
wife_wage_ogr        3265       0.8793262       0.3257977               0       1.0000000
husband_wage_ogr     3265       0.7620214       0.4259112               0       1.0000000
missing_wwage_ogr    3265       0.1206738       0.3257977               0       1.0000000
wlogwage_ogr         2871       2.8997472       0.5717976      -3.2188758       5.5606816
any_under6           3265       0.1996937       0.3998313               0       1.0000000
-----------------------------------------------------------------------------------------
ages 24-64 ONLY                                                                            22:27 Wednesday, September 25, 2013  33
couples, husband or wife working last year and one has wage in OGR 
working wife but wage in OGR

The MEANS Procedure

Variable                N            Mean         Std Dev         Minimum         Maximum
-----------------------------------------------------------------------------------------
state                2871      51.8446534      26.1148410      11.0000000      95.0000000
hhnum                2871        45539.43        27695.50       5.0000000        95984.00
cbsa_size            2871       3.5019157       2.5342077               0       7.0000000
famnum               2871       1.0000000               0       1.0000000       1.0000000
himm                 2871       0.1414141       0.3485089               0       1.0000000
hgen2                2871       0.0550331       0.2280846               0       1.0000000
heduc                2871      14.0898642       2.6966759               0      20.0000000
htwage               2601      27.8726532      25.8805076       4.0000000     400.0000000
hannhrs              2871         1949.82     834.6298272               0         4732.00
hfamearn             2871        99420.11        79325.67         1000.00      1379999.00
h_age                2871      46.1278300      10.2926869      24.0000000      64.0000000
hrace                2871       1.3214908       1.0100995       1.0000000      15.0000000
hwagesal             2871        54041.21        61093.79               0      1099999.00
hwage_ogr            2094      26.7557185      16.3381524       1.2500000     346.0000000
hselfinc             2871         2977.03        24754.03        -9999.00      1000000.00
hfarminc             2871     558.1741553         8288.45        -9999.00       300000.00
hclassly             2871       1.7655869       1.6569188               0       6.0000000
hhealth              2871       2.1219087       0.9733974       1.0000000       5.0000000
hweeksly             2871      44.9118774      16.2948732               0      52.0000000
hhrswkly             2871      39.1072797      15.4668912               0      99.0000000
hogrflag             2871       0.7596656       0.4273609               0       1.0000000
hrgroup              2871       1.4768373       0.9916392       1.0000000       5.0000000
ownkidsu6            2871       0.2553117       0.5655180               0       3.0000000
ownkidsu18           2871       0.8662487       1.0547123               0       8.0000000
wimm                 2871       0.1400209       0.3470692               0       1.0000000
wgen2                2871       0.0606061       0.2386479               0       1.0000000
weduc                2871      14.4430512       2.6342980               0      20.0000000
wtwage               2871      22.1813937      19.5675696       4.0000000     400.0000000
wannhrs              2871         1887.75     584.0262296       1.0000000         4653.00
wfamearn             2871        99420.11        79325.67         1000.00      1379999.00
w_age                2871      44.2535702      10.2416347      24.0000000      64.0000000
wrace                2871       1.3625914       1.1230158       1.0000000      18.0000000
wwagesal             2871        42289.43        42064.27               0      1099999.00
wwage_ogr            2871      21.3558033      14.0833286       0.0400000     260.0000000
wselfinc             2871     102.3423894         1556.05        -9999.00        40000.00
wfarminc             2871       1.5708812      75.2300243      -1.0000000         4000.00
wclassly             2871       1.6011843       1.1262401       1.0000000       6.0000000
wweeksly             2871      49.3284570       7.8489056       1.0000000      52.0000000
whrswkly             2871      37.8972483       9.9218319       1.0000000      99.0000000
whealth              2871       2.0362243       0.8858612       1.0000000       5.0000000
wogrflag             2871       1.0000000               0       1.0000000       1.0000000
wrgroup              2871       1.5127133       1.0361558       1.0000000       5.0000000
wifework             2871       1.0000000               0       1.0000000       1.0000000
husbandwork          2871       0.9059561       0.2919406               0       1.0000000
age_gap              2871       1.8742598       4.6399871     -31.0000000      25.0000000
wagesalgap           2871        11751.78        69437.03      -911488.00      1077999.00
educgap              2871      -0.3531870       2.3764134     -16.0000000      11.0000000
hlogwage             2601       3.0693382       0.7358973       1.3862944       5.9914645
wlogwage             2871       2.9000818       0.6078002       1.3862944       5.9914645
hexp                 2871      26.0379659      10.7564236               0      55.0000000
hexp2                2871       7.9363602       5.5250971               0      30.2500000
-----------------------------------------------------------------------------------------
ages 24-64 ONLY                                                                            22:27 Wednesday, September 25, 2013  34
couples, husband or wife working last year and one has wage in OGR 
working wife but wage in OGR

The MEANS Procedure

Variable                N            Mean         Std Dev         Minimum         Maximum
-----------------------------------------------------------------------------------------
hexp3                2871      26.4618436      24.6600954               0     166.3750000
hblack               2871       0.0571230       0.2321178               0       1.0000000
wblack               2871       0.0522466       0.2225627               0       1.0000000
hhispanic            2871       0.0919540       0.2890114               0       1.0000000
whispanic            2871       0.0940439       0.2919406               0       1.0000000
wife_wage_ogr        2871       1.0000000               0       1.0000000       1.0000000
husband_wage_ogr     2871       0.7293626       0.4443665               0       1.0000000
missing_wwage_ogr    2871               0               0               0               0
wlogwage_ogr         2871       2.8997472       0.5717976      -3.2188758       5.5606816
any_under6           2871       0.1950540       0.3963113               0       1.0000000
-----------------------------------------------------------------------------------------
ages 24-64 ONLY                                                                            22:27 Wednesday, September 25, 2013  35
couples, husband or wife working last year and one has wage in OGR 
working wife but no wage in OGR

The MEANS Procedure

Variable                N            Mean         Std Dev         Minimum         Maximum
-----------------------------------------------------------------------------------------
state                 394      55.0355330      26.5179138      11.0000000      95.0000000
hhnum                 394        48666.59        27976.02     507.0000000        95911.00
cbsa_size             394       3.5304569       2.5761356               0       7.0000000
famnum                394       1.0000000               0       1.0000000       1.0000000
himm                  394       0.1472081       0.3547638               0       1.0000000
hgen2                 394       0.0558376       0.2298997               0       1.0000000
heduc                 394      14.1269036       2.8693585       3.0000000      20.0000000
htwage                387      30.7559575      23.0198870       4.0000000     226.7628205
hannhrs               394         2201.71     627.8478183               0         4500.00
hfamearn              394        92046.86        80170.08               0       615000.00
h_age                 394      45.7385787      10.2341634      24.0000000      64.0000000
hrace                 394       1.2994924       0.9553118       1.0000000       8.0000000
hwagesal              394        69162.73        63877.07               0       600000.00
hwage_ogr             394      26.5738197      15.0691976       0.0200000      72.1250000
hselfinc              394     443.5634518         4138.51        -2500.00        53500.00
hfarminc              394      76.1446701     998.3645466               0        17000.00
hclassly              394       1.3553299       0.9386442               0       6.0000000
hhealth               394       2.0076142       0.8866800       1.0000000       4.0000000
hweeksly              394      49.6776650       8.7370498               0      52.0000000
hhrswkly              394      43.3934010      11.0782577               0      90.0000000
hogrflag              394       1.0000000               0       1.0000000       1.0000000
hrgroup               394       1.4771574       0.9939952       1.0000000       5.0000000
ownkidsu6             394       0.3172589       0.6446938               0       4.0000000
ownkidsu18            394       1.0456853       1.2181595               0       6.0000000
wimm                  394       0.1472081       0.3547638               0       1.0000000
wgen2                 394       0.0431472       0.2034467               0       1.0000000
weduc                 394      14.0177665       2.5175595       3.0000000      20.0000000
wtwage                394      18.2249452      32.5024048       4.0000000     400.0000000
wannhrs               394         1358.29     834.5611707       5.0000000         3640.00
wfamearn              394        92046.86        80170.08               0       615000.00
w_age                 394      44.0913706      10.4597509      24.0000000      64.0000000
wrace                 394       1.2233503       0.7689012       1.0000000       8.0000000
wwagesal              394        20431.59        40772.42               0       450000.00
wwage_ogr               0               .               .               .               .
wselfinc              394        10510.81        35865.19        -9999.00       450000.00
wfarminc              394     278.9340102         4388.56        -4000.00        84400.00
wclassly              394       3.3324873       2.3233762       1.0000000       7.0000000
wweeksly              394      40.1218274      16.5171013       1.0000000      52.0000000
whrswkly              394      32.4238579      13.9452050       2.0000000      70.0000000
whealth               394       2.1040609       0.9607216       1.0000000       5.0000000
wogrflag              394       0.1675127       0.3739078               0       1.0000000
wrgroup               394       1.4416244       0.9039880       1.0000000       5.0000000
wifework              394       1.0000000               0       1.0000000       1.0000000
husbandwork           394       0.9822335       0.1322696               0       1.0000000
age_gap               394       1.6472081       5.1189321     -21.0000000      21.0000000
wagesalgap            394        48731.14        71580.04      -286000.00       597000.00
educgap               394       0.1091371       2.2650723      -9.0000000       7.0000000
hlogwage              387       3.2264613       0.6184460       1.3862944       5.4239046
wlogwage              394       2.3454862       0.9486290       1.3862944       5.9914645
hexp                  394      25.6116751      10.3207573       1.0000000      46.0000000
hexp2                 394       7.6220558       5.2179746       0.0100000      21.1600000
-----------------------------------------------------------------------------------------
ages 24-64 ONLY                                                                            22:27 Wednesday, September 25, 2013  36
couples, husband or wife working last year and one has wage in OGR 
working wife but no wage in OGR

The MEANS Procedure

Variable                N            Mean         Std Dev         Minimum         Maximum
-----------------------------------------------------------------------------------------
hexp3                 394      24.7743020      22.7101366       0.0010000      97.3360000
hblack                394       0.0532995       0.2249157               0       1.0000000
wblack                394       0.0507614       0.2197892               0       1.0000000
hhispanic             394       0.1015228       0.3024038               0       1.0000000
whispanic             394       0.1167513       0.3215320               0       1.0000000
wife_wage_ogr         394               0               0               0               0
husband_wage_ogr      394       1.0000000               0       1.0000000       1.0000000
missing_wwage_ogr     394       1.0000000               0       1.0000000       1.0000000
wlogwage_ogr            0               .               .               .               .
any_under6            394       0.2335025       0.4235971               0       1.0000000
-----------------------------------------------------------------------------------------
ages 24-64 ONLY                                                                            22:27 Wednesday, September 25, 2013  37
couples, husband or wife working last year and one has wage in OGR 
wife with postive hrs ONLY

The REG Procedure
Model: MODEL1
Dependent Variable: wannhrs 

Number of Observations Read        3265
Number of Observations Used        3265


                             Analysis of Variance
 
                                    Sum of           Mean
Source                   DF        Squares         Square    F Value    Pr > F

Model                     5       53392039       10678408      26.84    <.0001
Error                  3259     1296368702         397781                     
Corrected Total        3264     1349760741                                    


Root MSE            630.69892    R-Square     0.0396
Dependent Mean     1823.85421    Adj R-Sq     0.0381
Coeff Var            34.58056                       


                         Parameter Estimates
 
                      Parameter       Standard
Variable      DF       Estimate          Error    t Value    Pr > |t|

Intercept      1     1408.85940       73.25901      19.23      <.0001
wlogwage       1      141.17507       16.32358       8.65      <.0001
hwagesal       1    -0.00077133     0.00018024      -4.28      <.0001
ownkidsu6      1     -144.61766       47.18691      -3.06      0.0022
any_under6     1       44.98031       69.45134       0.65      0.5173
w_age          1        1.96989        1.25270       1.57      0.1159
ages 24-64 ONLY                                                                            22:27 Wednesday, September 25, 2013  38
couples, husband or wife working last year and one has wage in OGR 
wife with postive hrs and wage in OGR 

The REG Procedure
Model: MODEL1
Dependent Variable: wannhrs 

Number of Observations Read        2871
Number of Observations Used        2871


                             Analysis of Variance
 
                                    Sum of           Mean
Source                   DF        Squares         Square    F Value    Pr > F

Model                     5       25340700        5068140      15.23    <.0001
Error                  2865      953577948         332837                     
Corrected Total        2870      978918648                                    


Root MSE            576.92025    R-Square     0.0259
Dependent Mean     1887.74608    Adj R-Sq     0.0242
Coeff Var            30.56133                       


                         Parameter Estimates
 
                      Parameter       Standard
Variable      DF       Estimate          Error    t Value    Pr > |t|

Intercept      1     1494.26325       74.58044      20.04      <.0001
wlogwage       1      121.70906       18.01404       6.76      <.0001
hwagesal       1    -0.00037482     0.00017829      -2.10      0.0356
ownkidsu6      1      -55.48843       47.85080      -1.16      0.2463
any_under6     1      -46.04291       69.70123      -0.66      0.5089
w_age          1        1.89634        1.21971       1.55      0.1201
ages 24-64 ONLY                                                                            22:27 Wednesday, September 25, 2013  39
couples, husband or wife working last year and one has wage in OGR 
wife with postive hrs and wage in OGR 

The REG Procedure
Model: MODEL1
Dependent Variable: wlogwage 

Number of Observations Read                       3265
Number of Observations Used                       2871
Number of Observations with Missing Values         394


                             Analysis of Variance
 
                                    Sum of           Mean
Source                   DF        Squares         Square    F Value    Pr > F

Model                     5      431.76882       86.35376     393.66    <.0001
Error                  2865      628.46974        0.21936                     
Corrected Total        2870     1060.23856                                    


Root MSE              0.46836    R-Square     0.4072
Dependent Mean        2.90008    Adj R-Sq     0.4062
Coeff Var            16.14989                       


                          Parameter Estimates
 
                        Parameter       Standard
Variable        DF       Estimate          Error    t Value    Pr > |t|

Intercept        1        0.84473        0.06220      13.58      <.0001
wlogwage_ogr     1        0.66065        0.01553      42.55      <.0001
hwagesal         1    5.596818E-7    1.447247E-7       3.87      0.0001
ownkidsu6        1        0.02289        0.03885       0.59      0.5558
any_under6       1        0.06232        0.05659       1.10      0.2709
w_age            1        0.00207     0.00099039       2.09      0.0371
ages 24-64 ONLY                                                                            22:27 Wednesday, September 25, 2013  40
couples, husband or wife working last year and one has wage in OGR 
wife with postive hrs and wage in OGR 

The REG Procedure
Model: MODEL2
Dependent Variable: wannhrs 

Number of Observations Read                       3265
Number of Observations Used                       2871
Number of Observations with Missing Values         394


                             Analysis of Variance
 
                                    Sum of           Mean
Source                   DF        Squares         Square    F Value    Pr > F

Model                     5       46883905        9376781      28.82    <.0001
Error                  2865      932034743         325318                     
Corrected Total        2870      978918648                                    


Root MSE            570.36614    R-Square     0.0479
Dependent Mean     1887.74608    Adj R-Sq     0.0462
Coeff Var            30.21413                       


                          Parameter Estimates
 
                        Parameter       Standard
Variable        DF       Estimate          Error    t Value    Pr > |t|

Intercept        1     1288.95099       75.74324      17.02      <.0001
wlogwage_ogr     1      200.91614       18.90685      10.63      <.0001
hwagesal         1    -0.00047249     0.00017624      -2.68      0.0074
ownkidsu6        1      -49.40450       47.30995      -1.04      0.2964
any_under6       1      -57.56420       68.91036      -0.84      0.4036
w_age            1        1.48157        1.20609       1.23      0.2194
ages 24-64 ONLY                                                                            22:27 Wednesday, September 25, 2013  41
couples, husband or wife working last year and one has wage in OGR 
wife with postive hrs and wage in OGR 

The SYSLIN Procedure
Two-Stage Least Squares Estimation

Model                 wannhrs
Dependent Variable    wannhrs


                         Analysis of Variance
 
                               Sum of        Mean
Source                 DF     Squares      Square    F Value    Pr > F

Model                   5    46883905     9376781      27.20    <.0001
Error                2865    9.8771E8    344748.8                     
Corrected Total      2870    9.7892E8                                 


Root MSE           587.15316    R-Square       0.04532
Dependent Mean    1887.74608    Adj R-Sq       0.04365
Coeff Var           31.10340                          


                         Parameter Estimates
 
                          Parameter    Standard
Variable            DF     Estimate       Error    t Value    Pr > |t|

Intercept            1     1032.054    95.79127      10.77      <.0001
wlogwage             1     304.1185    29.46082      10.32      <.0001
hwagesal             1     -0.00064    0.000185      -3.48      0.0005
ownkidsu6            1     -56.3647    48.69966      -1.16      0.2472
any_under6           1     -76.5157    71.04207      -1.08      0.2815
w_age                1     0.853515    1.248328       0.68      0.4942
