The SAS System                                                                                  23:59 Tuesday, October 7, 2014   1

The REG Procedure
Model: MODEL1
Dependent Variable: w1 

Number of Observations Read       22124
Number of Observations Used       22124


                             Analysis of Variance
 
                                    Sum of           Mean
Source                   DF        Squares         Square    F Value    Pr > F

Model                     4     3508.44501      877.11125    6724.59    <.0001
Error                 22119     2885.05627        0.13043                     
Corrected Total       22123     6393.50127                                    


Root MSE              0.36116    R-Square     0.5488
Dependent Mean        1.65002    Adj R-Sq     0.5487
Coeff Var            21.88800                       


                        Parameter Estimates
 
                     Parameter       Standard
Variable     DF       Estimate          Error    t Value    Pr > |t|

Intercept     1       -0.36352        0.04770      -7.62      <.0001
meaneduc      1        0.14735     0.00090421     162.96      <.0001
exp1          1        0.01034        0.06479       0.16      0.8732
expsq1        1        0.02896        0.02762       1.05      0.2944
expcu1        1       -0.00422        0.00359      -1.18      0.2399
The SAS System                                                                                  23:59 Tuesday, October 7, 2014   2

The REG Procedure
Model: MODEL1
Dependent Variable: w2 

Number of Observations Read       22124
Number of Observations Used       22124


                             Analysis of Variance
 
                                    Sum of           Mean
Source                   DF        Squares         Square    F Value    Pr > F

Model                     4     3618.04896      904.51224    7055.74    <.0001
Error                 22119     2835.55122        0.12820                     
Corrected Total       22123     6453.60018                                    


Root MSE              0.35804    R-Square     0.5606
Dependent Mean        1.69067    Adj R-Sq     0.5605
Coeff Var            21.17756                       


                        Parameter Estimates
 
                     Parameter       Standard
Variable     DF       Estimate          Error    t Value    Pr > |t|

Intercept     1       -0.32560        0.14024      -2.32      0.0203
meaneduc      1        0.14966     0.00089641     166.96      <.0001
exp2          1       -0.06006        0.12929      -0.46      0.6423
expsq2        1        0.04221        0.03801       1.11      0.2669
expcu2        1       -0.00442        0.00356      -1.24      0.2145
The SAS System                                                                                  23:59 Tuesday, October 7, 2014   3

The REG Procedure
Model: MODEL1
Dependent Variable: w3 

Number of Observations Read       22124
Number of Observations Used       22124


                             Analysis of Variance
 
                                    Sum of           Mean
Source                   DF        Squares         Square    F Value    Pr > F

Model                     4     3851.17942      962.79486    6946.43    <.0001
Error                 22119     3065.75442        0.13860                     
Corrected Total       22123     6916.93384                                    


Root MSE              0.37229    R-Square     0.5568
Dependent Mean        1.75862    Adj R-Sq     0.5567
Coeff Var            21.16971                       


                        Parameter Estimates
 
                     Parameter       Standard
Variable     DF       Estimate          Error    t Value    Pr > |t|

Intercept     1       -0.17072        0.32240      -0.53      0.5964
meaneduc      1        0.15438     0.00093209     165.63      <.0001
exp3          1       -0.18345        0.22435      -0.82      0.4135
expsq3        1        0.06138        0.05060       1.21      0.2252
expcu3        1       -0.00488        0.00370      -1.32      0.1868
The SAS System                                                                                  23:59 Tuesday, October 7, 2014   4

The REG Procedure
Model: MODEL1
Dependent Variable: w4 

Number of Observations Read       22124
Number of Observations Used       22124


                             Analysis of Variance
 
                                    Sum of           Mean
Source                   DF        Squares         Square    F Value    Pr > F

Model                     4     4002.57055     1000.64264    7007.93    <.0001
Error                 22119     3158.31069        0.14279                     
Corrected Total       22123     7160.88124                                    


Root MSE              0.37787    R-Square     0.5589
Dependent Mean        1.80501    Adj R-Sq     0.5589
Coeff Var            20.93467                       


                        Parameter Estimates
 
                     Parameter       Standard
Variable     DF       Estimate          Error    t Value    Pr > |t|

Intercept     1       -0.46502        0.60932      -0.76      0.4454
meaneduc      1        0.15731     0.00094606     166.28      <.0001
exp4          1        0.00664        0.34152       0.02      0.9845
expsq4        1        0.01460        0.06261       0.23      0.8157
expcu4        1       -0.00120        0.00375      -0.32      0.7500
The SAS System                                                                                  23:59 Tuesday, October 7, 2014   5

The REG Procedure
Model: MODEL1
Dependent Variable: w5 

Number of Observations Read       22124
Number of Observations Used       22124


                             Analysis of Variance
 
                                    Sum of           Mean
Source                   DF        Squares         Square    F Value    Pr > F

Model                     4     4093.66316     1023.41579    6758.75    <.0001
Error                 22119     3349.27915        0.15142                     
Corrected Total       22123     7442.94232                                    


Root MSE              0.38913    R-Square     0.5500
Dependent Mean        1.83207    Adj R-Sq     0.5499
Coeff Var            21.23977                       


                        Parameter Estimates
 
                     Parameter       Standard
Variable     DF       Estimate          Error    t Value    Pr > |t|

Intercept     1        0.18377        1.04689       0.18      0.8607
meaneduc      1        0.15900     0.00097424     163.20      <.0001
exp5          1       -0.32030        0.49211      -0.65      0.5151
expsq5        1        0.06363        0.07607       0.84      0.4029
expcu5        1       -0.00353        0.00387      -0.91      0.3615
The SAS System                                                                                  23:59 Tuesday, October 7, 2014   6

The REG Procedure
Model: MODEL1
Dependent Variable: w6 

Number of Observations Read       22124
Number of Observations Used       22124


                             Analysis of Variance
 
                                    Sum of           Mean
Source                   DF        Squares         Square    F Value    Pr > F

Model                     4     4165.82441     1041.45610    6456.71    <.0001
Error                 22119     3567.75853        0.16130                     
Corrected Total       22123     7733.58293                                    


Root MSE              0.40162    R-Square     0.5387
Dependent Mean        1.87117    Adj R-Sq     0.5386
Coeff Var            21.46357                       


                        Parameter Estimates
 
                     Parameter       Standard
Variable     DF       Estimate          Error    t Value    Pr > |t|

Intercept     1        0.52093        1.67034       0.31      0.7551
meaneduc      1        0.16034        0.00101     159.46      <.0001
exp6          1       -0.42660        0.67677      -0.63      0.5285
expsq6        1        0.07015        0.09047       0.78      0.4381
expcu6        1       -0.00337        0.00399      -0.84      0.3981
The SAS System                                                                                  23:59 Tuesday, October 7, 2014   7

The REG Procedure
Model: MODEL1
Dependent Variable: w7 

Number of Observations Read       22124
Number of Observations Used       22124


                             Analysis of Variance
 
                                    Sum of           Mean
Source                   DF        Squares         Square    F Value    Pr > F

Model                     4     4171.16753     1042.79188    6297.25    <.0001
Error                 22119     3662.79334        0.16559                     
Corrected Total       22123     7833.96087                                    


Root MSE              0.40693    R-Square     0.5324
Dependent Mean        1.90452    Adj R-Sq     0.5324
Coeff Var            21.36674                       


                        Parameter Estimates
 
                     Parameter       Standard
Variable     DF       Estimate          Error    t Value    Pr > |t|

Intercept     1        3.00931        2.47336       1.22      0.2237
meaneduc      1        0.16028        0.00102     157.32      <.0001
exp7          1       -1.25753        0.88109      -1.43      0.1535
expsq7        1        0.15901        0.10379       1.53      0.1255
expcu7        1       -0.00640        0.00404      -1.58      0.1135
The SAS System                                                                                  23:59 Tuesday, October 7, 2014   8

The REG Procedure
Model: MODEL1
Dependent Variable: w8 

Number of Observations Read       22124
Number of Observations Used       22124


                             Analysis of Variance
 
                                    Sum of           Mean
Source                   DF        Squares         Square    F Value    Pr > F

Model                     4     4314.40916     1078.60229    6305.89    <.0001
Error                 22119     3783.38678        0.17105                     
Corrected Total       22123     8097.79593                                    


Root MSE              0.41358    R-Square     0.5328
Dependent Mean        1.95660    Adj R-Sq     0.5327
Coeff Var            21.13762                       


                        Parameter Estimates
 
                     Parameter       Standard
Variable     DF       Estimate          Error    t Value    Pr > |t|

Intercept     1        3.66500        3.51833       1.04      0.2976
meaneduc      1        0.16301        0.00104     157.43      <.0001
exp8          1       -1.35053        1.11869      -1.21      0.2274
expsq8        1        0.15312        0.11781       1.30      0.1937
expcu8        1       -0.00555        0.00411      -1.35      0.1770
The SAS System                                                                                  23:59 Tuesday, October 7, 2014   9

The CORR Procedure

   8  Variables:    r1       r2       r3       r4       r5       r6       r7       r8       


                                               Covariance Matrix, DF = 22123
 
                        r1            r2            r3            r4            r5            r6            r7            r8

r1  Residual  0.1304098118  0.1127258271  0.1088854595  0.1045377035  0.1030052914  0.1014594464  0.0975315616  0.0961183230
r2  Residual  0.1127258271  0.1281720933  0.1183425781  0.1132417116  0.1116249508  0.1094223264  0.1053598725  0.1033021191
r3  Residual  0.1088854595  0.1183425781  0.1385776982  0.1266515066  0.1239060441  0.1211745040  0.1166291099  0.1148369697
r4  Residual  0.1045377035  0.1132417116  0.1266515066  0.1427614109  0.1348638715  0.1314090171  0.1265258816  0.1247248004
r5  Residual  0.1030052914  0.1116249508  0.1239060441  0.1348638715  0.1513935341  0.1425466913  0.1365590420  0.1343575832
r6  Residual  0.1014594464  0.1094223264  0.1211745040  0.1314090171  0.1425466913  0.1612692007  0.1491768328  0.1458054375
r7  Residual  0.0975315616  0.1053598725  0.1166291099  0.1265258816  0.1365590420  0.1491768328  0.1655649477  0.1561988855
r8  Residual  0.0961183230  0.1033021191  0.1148369697  0.1247248004  0.1343575832  0.1458054375  0.1561988855  0.1710159914


                                          Simple Statistics
 
Variable           N          Mean       Std Dev           Sum       Minimum       Maximum    Label

r1             22124             0       0.36112             0      -1.37815       1.67749    Residual
r2             22124             0       0.35801             0      -1.44652       1.66786    Residual
r3             22124             0       0.37226             0      -1.54928       1.74898    Residual
r4             22124             0       0.37784             0      -1.59737       1.74419    Residual
r5             22124             0       0.38909             0      -1.59849       1.78645    Residual
r6             22124             0       0.40158             0      -1.72627       1.91697    Residual
r7             22124             0       0.40690             0      -1.60719       2.07627    Residual
r8             22124             0       0.41354             0      -1.60507       2.22447    Residual


                                      Pearson Correlation Coefficients, N = 22124 
                                               Prob > |r| under H0: Rho=0
 
                    r1            r2            r3            r4            r5            r6            r7            r8

r1             1.00000       0.87191       0.80997       0.76615       0.73308       0.69962       0.66375       0.64362
Residual                      <.0001        <.0001        <.0001        <.0001        <.0001        <.0001        <.0001

r2             0.87191       1.00000       0.88797       0.83715       0.80133       0.76109       0.72326       0.69774
Residual        <.0001                      <.0001        <.0001        <.0001        <.0001        <.0001        <.0001

r3             0.80997       0.88797       1.00000       0.90045       0.85545       0.81057       0.76997       0.74596
Residual        <.0001        <.0001                      <.0001        <.0001        <.0001        <.0001        <.0001

r4             0.76615       0.83715       0.90045       1.00000       0.91735       0.86605       0.82298       0.79823
Residual        <.0001        <.0001        <.0001                      <.0001        <.0001        <.0001        <.0001

r5             0.73308       0.80133       0.85545       0.91735       1.00000       0.91228       0.86255       0.83501
Residual        <.0001        <.0001        <.0001        <.0001                      <.0001        <.0001        <.0001

r6             0.69962       0.76109       0.81057       0.86605       0.91228       1.00000       0.91294       0.87797
Residual        <.0001        <.0001        <.0001        <.0001        <.0001                      <.0001        <.0001

r7             0.66375       0.72326       0.76997       0.82298       0.86255       0.91294       1.00000       0.92827
Residual        <.0001        <.0001        <.0001        <.0001        <.0001        <.0001                      <.0001
The SAS System                                                                                  23:59 Tuesday, October 7, 2014  10

The CORR Procedure

                                      Pearson Correlation Coefficients, N = 22124 
                                               Prob > |r| under H0: Rho=0
 
                    r1            r2            r3            r4            r5            r6            r7            r8

r8             0.64362       0.69774       0.74596       0.79823       0.83501       0.87797       0.92827       1.00000
Residual        <.0001        <.0001        <.0001        <.0001        <.0001        <.0001        <.0001              
The SAS System                                                                                  23:59 Tuesday, October 7, 2014  11

The MEANS Procedure

Variable        N            Mean       Std Error
-------------------------------------------------
m1          22124       0.1304039       0.0013885
m2          22124       0.1127207       0.0012927
m3          22124       0.1281663       0.0013588
m4          22124       0.1088805       0.0013022
m5          22124       0.1183372       0.0013364
m6          22124       0.1385714       0.0014731
m7          22124       0.1045330       0.0013044
m8          22124       0.1132366       0.0013362
m9          22124       0.1266458       0.0014183
m10         22124       0.1427550       0.0015167
m11         22124       0.1030006       0.0013130
m12         22124       0.1116199       0.0013459
m13         22124       0.1239004       0.0014263
m14         22124       0.1348578       0.0014877
m15         22124       0.1513867       0.0016018
m16         22124       0.1014549       0.0013266
m17         22124       0.1094174       0.0013568
m18         22124       0.1211690       0.0014398
m19         22124       0.1314031       0.0015113
m20         22124       0.1425402       0.0015812
m21         22124       0.1612619       0.0017215
m22         22124       0.0975272       0.0013359
m23         22124       0.1053551       0.0013639
m24         22124       0.1166238       0.0014480
m25         22124       0.1265202       0.0015154
m26         22124       0.1365529       0.0015845
m27         22124       0.1491701       0.0016910
m28         22124       0.1655575       0.0018292
m29         22124       0.0961140       0.0013259
m30         22124       0.1032974       0.0013543
m31         22124       0.1148318       0.0014378
m32         22124       0.1247192       0.0015055
m33         22124       0.1343515       0.0015692
m34         22124       0.1457988       0.0016655
m35         22124       0.1561918       0.0017650
m36         22124       0.1710083       0.0018390
-------------------------------------------------
The SAS System                                                                                  23:59 Tuesday, October 7, 2014  12

Obs      COL1

  1    0.13040
  2    0.11272
  3    0.12817
  4    0.10888
  5    0.11834
  6    0.13857
  7    0.10453
  8    0.11324
  9    0.12665
 10    0.14275
 11    0.10300
 12    0.11162
 13    0.12390
 14    0.13486
 15    0.15139
 16    0.10145
 17    0.10942
 18    0.12117
 19    0.13140
 20    0.14254
 21    0.16126
 22    0.09753
 23    0.10536
 24    0.11662
 25    0.12652
 26    0.13655
 27    0.14917
 28    0.16556
 29    0.09611
 30    0.10330
 31    0.11483
 32    0.12472
 33    0.13435
 34    0.14580
 35    0.15619
 36    0.17101
The SAS System                                                                                  23:59 Tuesday, October 7, 2014  13

The CORR Procedure

  36  Variables:    m1       m2       m3       m4       m5       m6       m7       m8       m9       m10      m11      m12        
                    m13      m14      m15      m16      m17      m18      m19      m20      m21      m22      m23      m24        
                    m25      m26      m27      m28      m29      m30      m31      m32      m33      m34      m35      m36        


                                                  Covariance Matrix, DF = 22123
 
               m1            m2            m3            m4            m5            m6            m7            m8            m9

m1   0.0426507046  0.0361828638  0.0329630743  0.0349083463  0.0319145134  0.0312999665  0.0338498704  0.0309967879  0.0304204055
m2   0.0361828638  0.0369706796  0.0359549265  0.0350732005  0.0344144787  0.0332169463  0.0339803842  0.0333782764  0.0323353658
m3   0.0329630743  0.0359549265  0.0408483328  0.0337986943  0.0374146854  0.0357570413  0.0327447544  0.0360581669  0.0345231828
m4   0.0349083463  0.0350732005  0.0337986943  0.0375155338  0.0359523223  0.0373424080  0.0355541367  0.0342817979  0.0356165973
m5   0.0319145134  0.0344144787  0.0374146854  0.0359523223  0.0395136993  0.0405014863  0.0342409142  0.0373549274  0.0383496530
m6   0.0312999665  0.0332169463  0.0357570413  0.0373424080  0.0405014863  0.0480090428  0.0349205419  0.0376451750  0.0431213296
m7   0.0338498704  0.0339803842  0.0327447544  0.0355541367  0.0342409142  0.0349205419  0.0376406966  0.0360344259  0.0365870910
m8   0.0309967879  0.0333782764  0.0360581669  0.0342817979  0.0373549274  0.0376451750  0.0360344259  0.0395027204  0.0394690211
m9   0.0304204055  0.0323353658  0.0345231828  0.0356165973  0.0383496530  0.0431213296  0.0365870910  0.0394690211  0.0445033084
m10  0.0299516869  0.0317797485  0.0340286242  0.0342824110  0.0369166165  0.0407605340  0.0374362075  0.0403665330  0.0445850388
m11  0.0330759202  0.0333246268  0.0321389936  0.0347331308  0.0335566193  0.0341435651  0.0361645355  0.0347592127  0.0353086644
m12  0.0303791277  0.0327583546  0.0353964876  0.0335921954  0.0366160430  0.0368827298  0.0347546924  0.0380025986  0.0380807545
m13  0.0297905688  0.0317792001  0.0339448512  0.0349261994  0.0376880615  0.0421320816  0.0354015823  0.0381868854  0.0428482927
m14  0.0293452083  0.0312212267  0.0333576243  0.0336697992  0.0362581668  0.0398521904  0.0362815415  0.0390541460  0.0429849752
m15  0.0290093217  0.0309049989  0.0331340390  0.0332046003  0.0358378651  0.0393803363  0.0352749397  0.0380026427  0.0418095918
m16  0.0322252399  0.0324315161  0.0312372570  0.0338167329  0.0326794236  0.0332915584  0.0352826425  0.0339255059  0.0345210909
m17  0.0295989992  0.0319067742  0.0343550273  0.0327718916  0.0356632723  0.0359937469  0.0339761863  0.0370289930  0.0372086689
m18  0.0290620620  0.0310269746  0.0330815194  0.0341573943  0.0368171006  0.0411446074  0.0347037700  0.0373451570  0.0418431042
m19  0.0287522501  0.0306019074  0.0325773969  0.0330626173  0.0355159661  0.0389798080  0.0357888248  0.0383814075  0.0422254882
m20  0.0282401451  0.0301612041  0.0322481572  0.0324950880  0.0350127984  0.0384131845  0.0346547906  0.0372580771  0.0409950012
m21  0.0281984272  0.0299985497  0.0320302047  0.0323020350  0.0347496596  0.0381969836  0.0346051910  0.0371067520  0.0408732302
m22  0.0312669985  0.0314826309  0.0303751890  0.0329134820  0.0318457769  0.0325098726  0.0343529649  0.0330829432  0.0337651777
m23  0.0287371198  0.0309992065  0.0334086024  0.0319157521  0.0347332336  0.0350744065  0.0331135037  0.0360640235  0.0362906655
m24  0.0283238781  0.0302408730  0.0322533075  0.0333263207  0.0358727095  0.0400412187  0.0339255504  0.0364273658  0.0408117178
m25  0.0280487589  0.0298649950  0.0317782625  0.0323409326  0.0346613267  0.0380494297  0.0349285687  0.0374307015  0.0412399376
m26  0.0275746699  0.0294617713  0.0314871533  0.0317901932  0.0342043040  0.0375138560  0.0338614291  0.0364023138  0.0401153885
m27  0.0275304404  0.0293491141  0.0312860709  0.0316687574  0.0339961242  0.0373305155  0.0338507114  0.0362872357  0.0400315962
m28  0.0274066728  0.0290994186  0.0310376557  0.0313777353  0.0336750999  0.0370476402  0.0335078765  0.0358680780  0.0396251042
m29  0.0304997790  0.0306689078  0.0296142496  0.0320254636  0.0310076372  0.0315793089  0.0334024130  0.0321686305  0.0328050080
m30  0.0280324346  0.0302890890  0.0326182214  0.0311344229  0.0338269707  0.0340980948  0.0322542638  0.0351105295  0.0353104040
m31  0.0275156876  0.0294375059  0.0313332277  0.0323950518  0.0348233288  0.0388181505  0.0329737377  0.0353894344  0.0396538140
m32  0.0271853451  0.0289936712  0.0308225933  0.0313978849  0.0336335944  0.0369141374  0.0339377961  0.0363144466  0.0400477161
m33  0.0267503563  0.0285971621  0.0305405544  0.0308674743  0.0331678705  0.0363729668  0.0328802312  0.0352616488  0.0389128440
m34  0.0266680829  0.0284659497  0.0303491992  0.0307571244  0.0330096317  0.0362782712  0.0328816440  0.0352061284  0.0389058417
m35  0.0264121820  0.0281250204  0.0299347473  0.0304107111  0.0325617926  0.0358141831  0.0325251658  0.0347526494  0.0384427022
m36  0.0258285592  0.0274644516  0.0293320495  0.0297235564  0.0319133267  0.0352262630  0.0317394955  0.0339720378  0.0377469864

                                                  Covariance Matrix, DF = 22123
 
              m10           m11           m12           m13           m14           m15           m16           m17           m18

m1   0.0299516869  0.0330759202  0.0303791277  0.0297905688  0.0293452083  0.0290093217  0.0322252399  0.0295989992  0.0290620620
m2   0.0317797485  0.0333246268  0.0327583546  0.0317792001  0.0312212267  0.0309049989  0.0324315161  0.0319067742  0.0310269746
m3   0.0340286242  0.0321389936  0.0353964876  0.0339448512  0.0333576243  0.0331340390  0.0312372570  0.0343550273  0.0330815194
m4   0.0342824110  0.0347331308  0.0335921954  0.0349261994  0.0336697992  0.0332046003  0.0338167329  0.0327718916  0.0341573943
m5   0.0369166165  0.0335566193  0.0366160430  0.0376880615  0.0362581668  0.0358378651  0.0326794236  0.0356632723  0.0368171006
m6   0.0407605340  0.0341435651  0.0368827298  0.0421320816  0.0398521904  0.0393803363  0.0332915584  0.0359937469  0.0411446074
The SAS System                                                                                  23:59 Tuesday, October 7, 2014  14

The CORR Procedure

                                                  Covariance Matrix, DF = 22123
 
              m10           m11           m12           m13           m14           m15           m16           m17           m18

m7   0.0374362075  0.0361645355  0.0347546924  0.0354015823  0.0362815415  0.0352749397  0.0352826425  0.0339761863  0.0347037700
m8   0.0403665330  0.0347592127  0.0380025986  0.0381868854  0.0390541460  0.0380026427  0.0339255059  0.0370289930  0.0373451570
m9   0.0445850388  0.0353086644  0.0380807545  0.0428482927  0.0429849752  0.0418095918  0.0345210909  0.0372086689  0.0418431042
m10  0.0508936254  0.0356747476  0.0383906562  0.0423767135  0.0474174631  0.0455411131  0.0350415618  0.0376411373  0.0415696246
m11  0.0356747476  0.0381420212  0.0364727480  0.0369260085  0.0372094923  0.0384403439  0.0363784046  0.0349586023  0.0355345975
m12  0.0383906562  0.0364727480  0.0400780216  0.0399229755  0.0400924382  0.0414921206  0.0349042776  0.0383041294  0.0383558922
m13  0.0423767135  0.0369260085  0.0399229755  0.0450071417  0.0442732508  0.0457224471  0.0354447780  0.0383239041  0.0431525092
m14  0.0474174631  0.0372094923  0.0400924382  0.0442732508  0.0489658490  0.0498086041  0.0358730255  0.0386431273  0.0427066143
m15  0.0455411131  0.0384403439  0.0414921206  0.0457224471  0.0498086041  0.0567674967  0.0363742885  0.0393180461  0.0434716477
m16  0.0350415618  0.0363784046  0.0349042776  0.0354447780  0.0358730255  0.0363742885  0.0389350087  0.0370755052  0.0375673699
m17  0.0376411373  0.0349586023  0.0383041294  0.0383239041  0.0386431273  0.0393180461  0.0370755052  0.0407267771  0.0405752131
m18  0.0415696246  0.0355345975  0.0383558922  0.0431525092  0.0427066143  0.0434716477  0.0375673699  0.0405752131  0.0458616914
m19  0.0465480657  0.0360204085  0.0387317168  0.0427663029  0.0472362938  0.0474197443  0.0381310574  0.0409898964  0.0453745915
m20  0.0446085746  0.0370514986  0.0399720819  0.0441542567  0.0480897909  0.0529227379  0.0384908589  0.0415492522  0.0459818687
m21  0.0447763610  0.0363420834  0.0391454849  0.0432727871  0.0473052113  0.0512154733  0.0404288154  0.0434304471  0.0480814066
m22  0.0342315819  0.0353366911  0.0339683427  0.0345746114  0.0349834631  0.0354083564  0.0370886327  0.0354927878  0.0360934068
m23  0.0367174171  0.0340026726  0.0372291615  0.0373101877  0.0376571964  0.0382549740  0.0354751647  0.0388773123  0.0388829440
m24  0.0406145231  0.0346459427  0.0373461924  0.0419866399  0.0416816728  0.0423833231  0.0360786211  0.0388880456  0.0438703275
m25  0.0452886857  0.0351041063  0.0377429875  0.0417334023  0.0458937823  0.0460389267  0.0366079444  0.0393353815  0.0435931949
m26  0.0434623010  0.0361076686  0.0389623491  0.0431196922  0.0467772126  0.0512300852  0.0370001393  0.0399128701  0.0442454879
m27  0.0436053955  0.0354894093  0.0382036988  0.0423091383  0.0460474415  0.0495704958  0.0390256539  0.0418807155  0.0464847025
m28  0.0431796002  0.0350761032  0.0377036852  0.0418353263  0.0455601414  0.0491310509  0.0380094001  0.0406898060  0.0452721700
m29  0.0332542838  0.0343708631  0.0330133291  0.0335872974  0.0339627263  0.0343686435  0.0359300120  0.0343842302  0.0349859352
m30  0.0356909684  0.0331018633  0.0362300959  0.0362681962  0.0365447498  0.0370878917  0.0344207432  0.0377334954  0.0377468259
m31  0.0394500392  0.0336681194  0.0362492829  0.0407627383  0.0404420068  0.0410707744  0.0349817301  0.0376986828  0.0425680559
m32  0.0439972159  0.0340782959  0.0365540733  0.0404752070  0.0445322439  0.0445841946  0.0354691834  0.0380695784  0.0422587026
m33  0.0421721419  0.0350807619  0.0377294769  0.0418085991  0.0453467047  0.0495498384  0.0358471599  0.0385965615  0.0428670790
m34  0.0423628065  0.0344603370  0.0370228271  0.0410816982  0.0446925240  0.0479896301  0.0378417462  0.0405736185  0.0451198357
m35  0.0418946957  0.0340479849  0.0364898985  0.0405732620  0.0442006962  0.0474566057  0.0368566245  0.0394070516  0.0439126550
m36  0.0412844066  0.0332425195  0.0356363235  0.0397916972  0.0434271665  0.0466390202  0.0358390064  0.0383364978  0.0429315296

                                                  Covariance Matrix, DF = 22123
 
              m19           m20           m21           m22           m23           m24           m25           m26           m27

m1   0.0287522501  0.0282401451  0.0281984272  0.0312669985  0.0287371198  0.0283238781  0.0280487589  0.0275746699  0.0275304404
m2   0.0306019074  0.0301612041  0.0299985497  0.0314826309  0.0309992065  0.0302408730  0.0298649950  0.0294617713  0.0293491141
m3   0.0325773969  0.0322481572  0.0320302047  0.0303751890  0.0334086024  0.0322533075  0.0317782625  0.0314871533  0.0312860709
m4   0.0330626173  0.0324950880  0.0323020350  0.0329134820  0.0319157521  0.0333263207  0.0323409326  0.0317901932  0.0316687574
m5   0.0355159661  0.0350127984  0.0347496596  0.0318457769  0.0347332336  0.0358727095  0.0346613267  0.0342043040  0.0339961242
m6   0.0389798080  0.0384131845  0.0381969836  0.0325098726  0.0350744065  0.0400412187  0.0380494297  0.0375138560  0.0373305155
m7   0.0357888248  0.0346547906  0.0346051910  0.0343529649  0.0331135037  0.0339255504  0.0349285687  0.0338614291  0.0338507114
m8   0.0383814075  0.0372580771  0.0371067520  0.0330829432  0.0360640235  0.0364273658  0.0374307015  0.0364023138  0.0362872357
m9   0.0422254882  0.0409950012  0.0408732302  0.0337651777  0.0362906655  0.0408117178  0.0412399376  0.0401153885  0.0400315962
m10  0.0465480657  0.0446085746  0.0447763610  0.0342315819  0.0367174171  0.0406145231  0.0452886857  0.0434623010  0.0436053955
m11  0.0360204085  0.0370514986  0.0363420834  0.0353366911  0.0340026726  0.0346459427  0.0351041063  0.0361076686  0.0354894093
m12  0.0387317168  0.0399720819  0.0391454849  0.0339683427  0.0372291615  0.0373461924  0.0377429875  0.0389623491  0.0382036988
m13  0.0427663029  0.0441542567  0.0432727871  0.0345746114  0.0373101877  0.0419866399  0.0417334023  0.0431196922  0.0423091383
m14  0.0472362938  0.0480897909  0.0473052113  0.0349834631  0.0376571964  0.0416816728  0.0458937823  0.0467772126  0.0460474415
m15  0.0474197443  0.0529227379  0.0512154733  0.0354083564  0.0382549740  0.0423833231  0.0460389267  0.0512300852  0.0495704958
m16  0.0381310574  0.0384908589  0.0404288154  0.0370886327  0.0354751647  0.0360786211  0.0366079444  0.0370001393  0.0390256539
m17  0.0409898964  0.0415492522  0.0434304471  0.0354927878  0.0388773123  0.0388880456  0.0393353815  0.0399128701  0.0418807155
The SAS System                                                                                  23:59 Tuesday, October 7, 2014  15

The CORR Procedure

                                                  Covariance Matrix, DF = 22123
 
              m19           m20           m21           m22           m23           m24           m25           m26           m27

m18  0.0453745915  0.0459818687  0.0480814066  0.0360934068  0.0388829440  0.0438703275  0.0435931949  0.0442454879  0.0464847025
m19  0.0505307898  0.0503225431  0.0527412534  0.0366286627  0.0393349005  0.0435987889  0.0482752378  0.0482208190  0.0508017048
m20  0.0503225431  0.0553108432  0.0568012706  0.0369525449  0.0398367803  0.0441678718  0.0481300668  0.0526887232  0.0544035686
m21  0.0527412534  0.0568012706  0.0655645067  0.0384322426  0.0412127193  0.0457524809  0.0500001942  0.0536454993  0.0610574527
m22  0.0366286627  0.0369525449  0.0384322426  0.0394850150  0.0374865722  0.0380300308  0.0384751646  0.0388111834  0.0402579769
m23  0.0393349005  0.0398367803  0.0412127193  0.0374865722  0.0411573015  0.0409801243  0.0412859404  0.0417968361  0.0430889472
m24  0.0435987889  0.0441678718  0.0457524809  0.0380300308  0.0409801243  0.0463884780  0.0458372726  0.0464228571  0.0479359388
m25  0.0482752378  0.0481300668  0.0500001942  0.0384751646  0.0412859404  0.0458372726  0.0508067423  0.0506103898  0.0523583325
m26  0.0482208190  0.0526887232  0.0536454993  0.0388111834  0.0417968361  0.0464228571  0.0506103898  0.0555478515  0.0562063781
m27  0.0508017048  0.0544035686  0.0610574527  0.0402579769  0.0430889472  0.0479359388  0.0523583325  0.0562063781  0.0632633558
m28  0.0494764660  0.0529772339  0.0588167574  0.0417209795  0.0445857513  0.0496904432  0.0543735704  0.0584429531  0.0646680378
m29  0.0354928772  0.0357776601  0.0371341920  0.0374069822  0.0356053166  0.0362080419  0.0366921947  0.0370113365  0.0383657817
m30  0.0381424230  0.0385729066  0.0398685703  0.0356571115  0.0390707744  0.0389984463  0.0393702781  0.0398186025  0.0410883381
m31  0.0422815541  0.0427781664  0.0442681095  0.0362180070  0.0389472743  0.0440661585  0.0436954401  0.0442450554  0.0457088809
m32  0.0467880331  0.0465772170  0.0483032143  0.0366890458  0.0392996839  0.0436787472  0.0484126591  0.0482338011  0.0498986123
m33  0.0467005211  0.0509112695  0.0517877394  0.0370330568  0.0397695453  0.0442570761  0.0482663872  0.0527561246  0.0534887259
m34  0.0492572908  0.0526713568  0.0587337007  0.0384837714  0.0411365766  0.0458347322  0.0500564943  0.0536207077  0.0599737578
m35  0.0479788077  0.0512662307  0.0565346372  0.0401142559  0.0426580345  0.0475901460  0.0520970045  0.0558655683  0.0614458318
m36  0.0469058066  0.0501323789  0.0550510698  0.0385222190  0.0409436175  0.0458697096  0.0502509170  0.0538421397  0.0589731076

                                                  Covariance Matrix, DF = 22123
 
              m28           m29           m30           m31           m32           m33           m34           m35           m36

m1   0.0274066728  0.0304997790  0.0280324346  0.0275156876  0.0271853451  0.0267503563  0.0266680829  0.0264121820  0.0258285592
m2   0.0290994186  0.0306689078  0.0302890890  0.0294375059  0.0289936712  0.0285971621  0.0284659497  0.0281250204  0.0274644516
m3   0.0310376557  0.0296142496  0.0326182214  0.0313332277  0.0308225933  0.0305405544  0.0303491992  0.0299347473  0.0293320495
m4   0.0313777353  0.0320254636  0.0311344229  0.0323950518  0.0313978849  0.0308674743  0.0307571244  0.0304107111  0.0297235564
m5   0.0336750999  0.0310076372  0.0338269707  0.0348233288  0.0336335944  0.0331678705  0.0330096317  0.0325617926  0.0319133267
m6   0.0370476402  0.0315793089  0.0340980948  0.0388181505  0.0369141374  0.0363729668  0.0362782712  0.0358141831  0.0352262630
m7   0.0335078765  0.0334024130  0.0322542638  0.0329737377  0.0339377961  0.0328802312  0.0328816440  0.0325251658  0.0317394955
m8   0.0358680780  0.0321686305  0.0351105295  0.0353894344  0.0363144466  0.0352616488  0.0352061284  0.0347526494  0.0339720378
m9   0.0396251042  0.0328050080  0.0353104040  0.0396538140  0.0400477161  0.0389128440  0.0389058417  0.0384427022  0.0377469864
m10  0.0431796002  0.0332542838  0.0356909684  0.0394500392  0.0439972159  0.0421721419  0.0423628065  0.0418946957  0.0412844066
m11  0.0350761032  0.0343708631  0.0331018633  0.0336681194  0.0340782959  0.0350807619  0.0344603370  0.0340479849  0.0332425195
m12  0.0377036852  0.0330133291  0.0362300959  0.0362492829  0.0365540733  0.0377294769  0.0370228271  0.0364898985  0.0356363235
m13  0.0418353263  0.0335872974  0.0362681962  0.0407627383  0.0404752070  0.0418085991  0.0410816982  0.0405732620  0.0397916972
m14  0.0455601414  0.0339627263  0.0365447498  0.0404420068  0.0445322439  0.0453467047  0.0446925240  0.0442006962  0.0434271665
m15  0.0491310509  0.0343686435  0.0370878917  0.0410707744  0.0445841946  0.0495498384  0.0479896301  0.0474566057  0.0466390202
m16  0.0380094001  0.0359300120  0.0344207432  0.0349817301  0.0354691834  0.0358471599  0.0378417462  0.0368566245  0.0358390064
m17  0.0406898060  0.0343842302  0.0377334954  0.0376986828  0.0380695784  0.0385965615  0.0405736185  0.0394070516  0.0383364978
m18  0.0452721700  0.0349859352  0.0377468259  0.0425680559  0.0422587026  0.0428670790  0.0451198357  0.0439126550  0.0429315296
m19  0.0494764660  0.0354928772  0.0381424230  0.0422815541  0.0467880331  0.0467005211  0.0492572908  0.0479788077  0.0469058066
m20  0.0529772339  0.0357776601  0.0385729066  0.0427781664  0.0465772170  0.0509112695  0.0526713568  0.0512662307  0.0501323789
m21  0.0588167574  0.0371341920  0.0398685703  0.0442681095  0.0483032143  0.0517877394  0.0587337007  0.0565346372  0.0550510698
m22  0.0417209795  0.0374069822  0.0356571115  0.0362180070  0.0366890458  0.0370330568  0.0384837714  0.0401142559  0.0385222190
m23  0.0445857513  0.0356053166  0.0390707744  0.0389472743  0.0392996839  0.0397695453  0.0411365766  0.0426580345  0.0409436175
m24  0.0496904432  0.0362080419  0.0389984463  0.0440661585  0.0436787472  0.0442570761  0.0458347322  0.0475901460  0.0458697096
m25  0.0543735704  0.0366921947  0.0393702781  0.0436954401  0.0484126591  0.0482663872  0.0500564943  0.0520970045  0.0502509170
m26  0.0584429531  0.0370113365  0.0398186025  0.0442450554  0.0482338011  0.0527561246  0.0536207077  0.0558655683  0.0538421397
m27  0.0646680378  0.0383657817  0.0410883381  0.0457088809  0.0498986123  0.0534887259  0.0599737578  0.0614458318  0.0589731076
m28  0.0740249019  0.0394347827  0.0420119484  0.0467945421  0.0512101912  0.0549510736  0.0606068551  0.0683501416  0.0650077380
The SAS System                                                                                  23:59 Tuesday, October 7, 2014  16

The CORR Procedure

                                                  Covariance Matrix, DF = 22123
 
              m28           m29           m30           m31           m32           m33           m34           m35           m36

m29  0.0394347827  0.0388913999  0.0368127217  0.0373064315  0.0376285096  0.0379436335  0.0391754692  0.0401880255  0.0407089051
m30  0.0420119484  0.0368127217  0.0405796909  0.0402885191  0.0404535522  0.0408463166  0.0419872897  0.0428260796  0.0433144520
m31  0.0467945421  0.0373064315  0.0402885191  0.0457372607  0.0450830696  0.0455521341  0.0469102731  0.0478776550  0.0486695897
m32  0.0512101912  0.0376285096  0.0404535522  0.0450830696  0.0501422146  0.0497330374  0.0511931021  0.0524068938  0.0532979145
m33  0.0549510736  0.0379436335  0.0408463166  0.0455521341  0.0497330374  0.0544774210  0.0549198601  0.0562093079  0.0572087519
m34  0.0606068551  0.0391754692  0.0419872897  0.0469102731  0.0511931021  0.0549198601  0.0613711707  0.0617099610  0.0623936929
m35  0.0683501416  0.0401880255  0.0428260796  0.0478776550  0.0524068938  0.0562093079  0.0617099610  0.0689237229  0.0686804932
m36  0.0650077380  0.0407089051  0.0433144520  0.0486695897  0.0532979145  0.0572087519  0.0623936929  0.0686804932  0.0748201148
The SAS System                                                                                  23:59 Tuesday, October 7, 2014  17

Obs    id            se

  1     1    .001388453
  2     2    .001292697
  3     3    .001358799
  4     4    .001302188
  5     5    .001336417
  6     6    .001473091
  7     7    .001304359
  8     8    .001336231
  9     9    .001418288
 10    10    .001516701
 11    11    .001313016
 12    12    .001345926
 13    13    .001426293
 14    14    .001487698
 15    15    .001601836
 16    16    .001326595
 17    17    .001356776
 18    18    .001439770
 19    19    .001511284
 20    20    .001581151
 21    21    .001721482
 22    22    .001335932
 23    23    .001363929
 24    24    .001448016
 25    25    .001515405
 26    26    .001584535
 27    27    .001691003
 28    28    .001829183
 29    29    .001325852
 30    30    .001354324
 31    31    .001437816
 32    32    .001505462
 33    33    .001569193
 34    34    .001665522
 35    35    .001765032
 36    36    .001838981
