The SAS System                                                                    21:37 Thursday, September 12, 2013   1

The FREQ Procedure

                                Cumulative    Cumulative
age    Frequency     Percent     Frequency      Percent
--------------------------------------------------------
 16        3375        2.23          3375         2.23  
 17        3159        2.09          6534         4.32  
 18        3178        2.10          9712         6.42  
 19        2515        1.66         12227         8.08  
 20        2457        1.62         14684         9.70  
 21        2432        1.61         17116        11.31  
 22        2341        1.55         19457        12.86  
 23        2243        1.48         21700        14.34  
 24        2248        1.49         23948        15.82  
 25        2344        1.55         26292        17.37  
 26        2579        1.70         28871        19.08  
 27        2461        1.63         31332        20.70  
 28        2555        1.69         33887        22.39  
 29        2665        1.76         36552        24.15  
 30        2648        1.75         39200        25.90  
 31        2777        1.83         41977        27.74  
 32        2757        1.82         44734        29.56  
 33        2690        1.78         47424        31.34  
 34        2758        1.82         50182        33.16  
 35        2750        1.82         52932        34.98  
 36        2670        1.76         55602        36.74  
 37        2643        1.75         58245        38.49  
 38        2643        1.75         60888        40.23  
 39        2765        1.83         63653        42.06  
 40        2847        1.88         66500        43.94  
 41        3190        2.11         69690        46.05  
 42        3034        2.00         72724        48.05  
 43        2903        1.92         75627        49.97  
 44        2772        1.83         78399        51.80  
 45        2800        1.85         81199        53.65  
 46        2727        1.80         83926        55.46  
 47        2899        1.92         86825        57.37  
 48        2996        1.98         89821        59.35  
 49        2824        1.87         92645        61.22  
 50        3104        2.05         95749        63.27  
 51        2988        1.97         98737        65.24  
 52        2765        1.83        101502        67.07  
 53        2617        1.73        104119        68.80  
 54        2611        1.73        106730        70.52  
 55        2707        1.79        109437        72.31  
 56        2480        1.64        111917        73.95  
 57        2373        1.57        114290        75.52  
 58        2343        1.55        116633        77.07  
 59        2241        1.48        118874        78.55  
 60        2101        1.39        120975        79.94  
 61        2095        1.38        123070        81.32  
 62        1886        1.25        124956        82.57  
 63        1967        1.30        126923        83.87  
 64        1907        1.26        128830        85.13  
 65        1811        1.20        130641        86.32  
 66        1422        0.94        132063        87.26  
 67        1377        0.91        133440        88.17  
 68        1361        0.90        134801        89.07  
The SAS System                                                                    21:37 Thursday, September 12, 2013   2

The FREQ Procedure

                                Cumulative    Cumulative
age    Frequency     Percent     Frequency      Percent
--------------------------------------------------------
 69        1411        0.93        136212        90.01  
 70        1286        0.85        137498        90.86  
 71        1114        0.74        138612        91.59  
 72        1001        0.66        139613        92.25  
 73        1008        0.67        140621        92.92  
 74         921        0.61        141542        93.53  
 75         860        0.57        142402        94.10  
 76         901        0.60        143303        94.69  
 77         761        0.50        144064        95.19  
 78         758        0.50        144822        95.70  
 79         736        0.49        145558        96.18  
 80        3071        2.03        148629        98.21  
 85        2708        1.79        151337       100.00  


                                   Cumulative    Cumulative
higrad    Frequency     Percent     Frequency      Percent
-----------------------------------------------------------
    31         533        0.35           533         0.35  
    32        1235        0.82          1768         1.17  
    33        2463        1.63          4231         2.80  
    34        3096        2.05          7327         4.84  
    35        4070        2.69         11397         7.53  
    36        5531        3.65         16928        11.19  
    37        6564        4.34         23492        15.52  
    38        2532        1.67         26024        17.20  
    39       42990       28.41         69014        45.60  
    40       27629       18.26         96643        63.86  
    41        5963        3.94        102606        67.80  
    42        7575        5.01        110181        72.81  
    43       26762       17.68        136943        90.49  
    44       10407        6.88        147350        97.37  
    45        1978        1.31        149328        98.67  
    46        2009        1.33        151337       100.00  
The SAS System                                                                    21:37 Thursday, September 12, 2013   3

The FREQ Procedure

                                 Cumulative    Cumulative
race    Frequency     Percent     Frequency      Percent
---------------------------------------------------------
   1      118593       78.36        118593        78.36  
   2       18027       11.91        136620        90.28  
   3        1894        1.25        138514        91.53  
   4        9111        6.02        147625        97.55  
   5         758        0.50        148383        98.05  
   6         528        0.35        148911        98.40  
   7        1250        0.83        150161        99.22  
   8         480        0.32        150641        99.54  
   9         151        0.10        150792        99.64  
  10         138        0.09        150930        99.73  
  11          45        0.03        150975        99.76  
  12           8        0.01        150983        99.77  
  13           5        0.00        150988        99.77  
  14         114        0.08        151102        99.84  
  15          81        0.05        151183        99.90  
  16           8        0.01        151191        99.90  
  17          10        0.01        151201        99.91  
  18         112        0.07        151313        99.98  
  19           5        0.00        151318        99.99  
  20          14        0.01        151332       100.00  
  21           5        0.00        151337       100.00  


                                   Cumulative    Cumulative
ethnic    Frequency     Percent     Frequency      Percent
-----------------------------------------------------------
     0      126416       83.53        126416        83.53  
     1       15291       10.10        141707        93.64  
     2        2415        1.60        144122        95.23  
     3         886        0.59        145008        95.82  
     4        4835        3.19        149843        99.01  
     5        1494        0.99        151337       100.00  


                                    Cumulative    Cumulative
citizen    Frequency     Percent     Frequency      Percent
------------------------------------------------------------
      1      124184       82.06        124184        82.06  
      2        1179        0.78        125363        82.84  
      3        1336        0.88        126699        83.72  
      4       11144        7.36        137843        91.08  
      5       13494        8.92        151337       100.00  
The SAS System                                                                    21:37 Thursday, September 12, 2013   4

The FREQ Procedure

                                  Cumulative    Cumulative
immyr    Frequency     Percent     Frequency      Percent
----------------------------------------------------------
    0      124184       82.06        124184        82.06  
    1         244        0.16        124428        82.22  
    2         719        0.48        125147        82.69  
    3         754        0.50        125901        83.19  
    4         956        0.63        126857        83.82  
    5        1314        0.87        128171        84.69  
    6        1701        1.12        129872        85.82  
    7        1199        0.79        131071        86.61  
    8         756        0.50        131827        87.11  
    9         998        0.66        132825        87.77  
   10        1007        0.67        133832        88.43  
   11        1222        0.81        135054        89.24  
   12        1590        1.05        136644        90.29  
   13        1258        0.83        137902        91.12  
   14        1526        1.01        139428        92.13  
   15        1449        0.96        140877        93.09  
   16        1699        1.12        142576        94.21  
   17        2175        1.44        144751        95.65  
   18        1405        0.93        146156        96.58  
   19        1424        0.94        147580        97.52  
   20        1352        0.89        148932        98.41  
   21        1275        0.84        150207        99.25  
   22        1130        0.75        151337       100.00  


The SAS System                                                                    21:37 Thursday, September 12, 2013   5

The FREQ Procedure

Table of hhdfxm by famrel

hhdfxm     famrel

Frequency|
Percent  |
Row Pct  |
Col Pct  |       0|       1|       2|       3|       4|  Total
---------+--------+--------+--------+--------+--------+
       1 |      0 |  52575 |      0 |      0 |      0 |  52575
         |   0.00 |  34.74 |   0.00 |   0.00 |   0.00 |  34.74
         |   0.00 | 100.00 |   0.00 |   0.00 |   0.00 |
         |   0.00 |  93.73 |   0.00 |   0.00 |   0.00 |
---------+--------+--------+--------+--------+--------+
       2 |      0 |      0 |  38110 |      0 |      0 |  38110
         |   0.00 |   0.00 |  25.18 |   0.00 |   0.00 |  25.18
         |   0.00 |   0.00 | 100.00 |   0.00 |   0.00 |
         |   0.00 |   0.00 |  96.30 |   0.00 |   0.00 |
---------+--------+--------+--------+--------+--------+
       3 |      0 |     21 |      0 |      0 |      0 |     21
         |   0.00 |   0.01 |   0.00 |   0.00 |   0.00 |   0.01
         |   0.00 | 100.00 |   0.00 |   0.00 |   0.00 |
         |   0.00 |   0.04 |   0.00 |   0.00 |   0.00 |
---------+--------+--------+--------+--------+--------+
       4 |      0 |      0 |      0 |   5663 |      0 |   5663
         |   0.00 |   0.00 |   0.00 |   3.74 |   0.00 |   3.74
         |   0.00 |   0.00 |   0.00 | 100.00 |   0.00 |
         |   0.00 |   0.00 |   0.00 |  28.36 |   0.00 |
---------+--------+--------+--------+--------+--------+
       5 |      0 |      4 |      0 |      0 |      0 |      4
         |   0.00 |   0.00 |   0.00 |   0.00 |   0.00 |   0.00
         |   0.00 | 100.00 |   0.00 |   0.00 |   0.00 |
         |   0.00 |   0.01 |   0.00 |   0.00 |   0.00 |
---------+--------+--------+--------+--------+--------+
       6 |      0 |      0 |      1 |      0 |      0 |      1
         |   0.00 |   0.00 |   0.00 |   0.00 |   0.00 |   0.00
         |   0.00 |   0.00 | 100.00 |   0.00 |   0.00 |
         |   0.00 |   0.00 |   0.00 |   0.00 |   0.00 |
---------+--------+--------+--------+--------+--------+
       7 |      0 |      0 |      0 |     64 |      0 |     64
         |   0.00 |   0.00 |   0.00 |   0.04 |   0.00 |   0.04
         |   0.00 |   0.00 |   0.00 | 100.00 |   0.00 |
         |   0.00 |   0.00 |   0.00 |   0.32 |   0.00 |
---------+--------+--------+--------+--------+--------+
       8 |      0 |    752 |      0 |      0 |      0 |    752
         |   0.00 |   0.50 |   0.00 |   0.00 |   0.00 |   0.50
         |   0.00 | 100.00 |   0.00 |   0.00 |   0.00 |
         |   0.00 |   1.34 |   0.00 |   0.00 |   0.00 |
---------+--------+--------+--------+--------+--------+
Total       29880    56094    39576    19971     5816   151337
            19.74    37.07    26.15    13.20     3.84   100.00
(Continued)
The SAS System                                                                    21:37 Thursday, September 12, 2013   6

The FREQ Procedure

Table of hhdfxm by famrel

hhdfxm     famrel

Frequency|
Percent  |
Row Pct  |
Col Pct  |       0|       1|       2|       3|       4|  Total
---------+--------+--------+--------+--------+--------+
       9 |      0 |      0 |      0 |  12863 |      0 |  12863
         |   0.00 |   0.00 |   0.00 |   8.50 |   0.00 |   8.50
         |   0.00 |   0.00 |   0.00 | 100.00 |   0.00 |
         |   0.00 |   0.00 |   0.00 |  64.41 |   0.00 |
---------+--------+--------+--------+--------+--------+
      10 |      0 |    787 |      0 |      0 |      0 |    787
         |   0.00 |   0.52 |   0.00 |   0.00 |   0.00 |   0.52
         |   0.00 | 100.00 |   0.00 |   0.00 |   0.00 |
         |   0.00 |   1.40 |   0.00 |   0.00 |   0.00 |
---------+--------+--------+--------+--------+--------+
      11 |      0 |      0 |     74 |      0 |      0 |     74
         |   0.00 |   0.00 |   0.05 |   0.00 |   0.00 |   0.05
         |   0.00 |   0.00 | 100.00 |   0.00 |   0.00 |
         |   0.00 |   0.00 |   0.19 |   0.00 |   0.00 |
---------+--------+--------+--------+--------+--------+
      12 |      0 |      0 |      0 |   1041 |      0 |   1041
         |   0.00 |   0.00 |   0.00 |   0.69 |   0.00 |   0.69
         |   0.00 |   0.00 |   0.00 | 100.00 |   0.00 |
         |   0.00 |   0.00 |   0.00 |   5.21 |   0.00 |
---------+--------+--------+--------+--------+--------+
      23 |      0 |      1 |      0 |      0 |      0 |      1
         |   0.00 |   0.00 |   0.00 |   0.00 |   0.00 |   0.00
         |   0.00 | 100.00 |   0.00 |   0.00 |   0.00 |
         |   0.00 |   0.00 |   0.00 |   0.00 |   0.00 |
---------+--------+--------+--------+--------+--------+
      24 |      0 |      0 |      0 |    121 |      0 |    121
         |   0.00 |   0.00 |   0.00 |   0.08 |   0.00 |   0.08
         |   0.00 |   0.00 |   0.00 | 100.00 |   0.00 |
         |   0.00 |   0.00 |   0.00 |   0.61 |   0.00 |
---------+--------+--------+--------+--------+--------+
      25 |      0 |      0 |      0 |      0 |    128 |    128
         |   0.00 |   0.00 |   0.00 |   0.00 |   0.08 |   0.08
         |   0.00 |   0.00 |   0.00 |   0.00 | 100.00 |
         |   0.00 |   0.00 |   0.00 |   0.00 |   2.20 |
---------+--------+--------+--------+--------+--------+
      29 |      0 |      0 |      0 |      0 |      3 |      3
         |   0.00 |   0.00 |   0.00 |   0.00 |   0.00 |   0.00
         |   0.00 |   0.00 |   0.00 |   0.00 | 100.00 |
         |   0.00 |   0.00 |   0.00 |   0.00 |   0.05 |
---------+--------+--------+--------+--------+--------+
Total       29880    56094    39576    19971     5816   151337
            19.74    37.07    26.15    13.20     3.84   100.00
(Continued)
The SAS System                                                                    21:37 Thursday, September 12, 2013   7

The FREQ Procedure

Table of hhdfxm by famrel

hhdfxm     famrel

Frequency|
Percent  |
Row Pct  |
Col Pct  |       0|       1|       2|       3|       4|  Total
---------+--------+--------+--------+--------+--------+
      30 |      0 |     41 |      0 |      0 |      0 |     41
         |   0.00 |   0.03 |   0.00 |   0.00 |   0.00 |   0.03
         |   0.00 | 100.00 |   0.00 |   0.00 |   0.00 |
         |   0.00 |   0.07 |   0.00 |   0.00 |   0.00 |
---------+--------+--------+--------+--------+--------+
      31 |      0 |      0 |      0 |      0 |    596 |    596
         |   0.00 |   0.00 |   0.00 |   0.00 |   0.39 |   0.39
         |   0.00 |   0.00 |   0.00 |   0.00 | 100.00 |
         |   0.00 |   0.00 |   0.00 |   0.00 |  10.25 |
---------+--------+--------+--------+--------+--------+
      32 |      0 |     30 |      0 |      0 |      0 |     30
         |   0.00 |   0.02 |   0.00 |   0.00 |   0.00 |   0.02
         |   0.00 | 100.00 |   0.00 |   0.00 |   0.00 |
         |   0.00 |   0.05 |   0.00 |   0.00 |   0.00 |
---------+--------+--------+--------+--------+--------+
      33 |      0 |      0 |      6 |      0 |      0 |      6
         |   0.00 |   0.00 |   0.00 |   0.00 |   0.00 |   0.00
         |   0.00 |   0.00 | 100.00 |   0.00 |   0.00 |
         |   0.00 |   0.00 |   0.02 |   0.00 |   0.00 |
---------+--------+--------+--------+--------+--------+
      34 |      0 |      0 |      0 |      0 |     35 |     35
         |   0.00 |   0.00 |   0.00 |   0.00 |   0.02 |   0.02
         |   0.00 |   0.00 |   0.00 |   0.00 | 100.00 |
         |   0.00 |   0.00 |   0.00 |   0.00 |   0.60 |
---------+--------+--------+--------+--------+--------+
      35 |      0 |      2 |      0 |      0 |      0 |      2
         |   0.00 |   0.00 |   0.00 |   0.00 |   0.00 |   0.00
         |   0.00 | 100.00 |   0.00 |   0.00 |   0.00 |
         |   0.00 |   0.00 |   0.00 |   0.00 |   0.00 |
---------+--------+--------+--------+--------+--------+
      36 |      0 |      0 |      0 |    146 |      0 |    146
         |   0.00 |   0.00 |   0.00 |   0.10 |   0.00 |   0.10
         |   0.00 |   0.00 |   0.00 | 100.00 |   0.00 |
         |   0.00 |   0.00 |   0.00 |   0.73 |   0.00 |
---------+--------+--------+--------+--------+--------+
      37 |      0 |      0 |      0 |      0 |    108 |    108
         |   0.00 |   0.00 |   0.00 |   0.00 |   0.07 |   0.07
         |   0.00 |   0.00 |   0.00 |   0.00 | 100.00 |
         |   0.00 |   0.00 |   0.00 |   0.00 |   1.86 |
---------+--------+--------+--------+--------+--------+
Total       29880    56094    39576    19971     5816   151337
            19.74    37.07    26.15    13.20     3.84   100.00
(Continued)
The SAS System                                                                    21:37 Thursday, September 12, 2013   8

The FREQ Procedure

Table of hhdfxm by famrel

hhdfxm     famrel

Frequency|
Percent  |
Row Pct  |
Col Pct  |       0|       1|       2|       3|       4|  Total
---------+--------+--------+--------+--------+--------+
      38 |      0 |      1 |      0 |      0 |      0 |      1
         |   0.00 |   0.00 |   0.00 |   0.00 |   0.00 |   0.00
         |   0.00 | 100.00 |   0.00 |   0.00 |   0.00 |
         |   0.00 |   0.00 |   0.00 |   0.00 |   0.00 |
---------+--------+--------+--------+--------+--------+
      39 |      0 |      0 |      1 |      0 |      0 |      1
         |   0.00 |   0.00 |   0.00 |   0.00 |   0.00 |   0.00
         |   0.00 |   0.00 | 100.00 |   0.00 |   0.00 |
         |   0.00 |   0.00 |   0.00 |   0.00 |   0.00 |
---------+--------+--------+--------+--------+--------+
      40 |      0 |      0 |      0 |      0 |      4 |      4
         |   0.00 |   0.00 |   0.00 |   0.00 |   0.00 |   0.00
         |   0.00 |   0.00 |   0.00 |   0.00 | 100.00 |
         |   0.00 |   0.00 |   0.00 |   0.00 |   0.07 |
---------+--------+--------+--------+--------+--------+
      41 |      0 |    174 |      0 |      0 |      0 |    174
         |   0.00 |   0.11 |   0.00 |   0.00 |   0.00 |   0.11
         |   0.00 | 100.00 |   0.00 |   0.00 |   0.00 |
         |   0.00 |   0.31 |   0.00 |   0.00 |   0.00 |
---------+--------+--------+--------+--------+--------+
      42 |      0 |      0 |      0 |      0 |   2313 |   2313
         |   0.00 |   0.00 |   0.00 |   0.00 |   1.53 |   1.53
         |   0.00 |   0.00 |   0.00 |   0.00 | 100.00 |
         |   0.00 |   0.00 |   0.00 |   0.00 |  39.77 |
---------+--------+--------+--------+--------+--------+
      43 |      0 |   1192 |      0 |      0 |      0 |   1192
         |   0.00 |   0.79 |   0.00 |   0.00 |   0.00 |   0.79
         |   0.00 | 100.00 |   0.00 |   0.00 |   0.00 |
         |   0.00 |   2.13 |   0.00 |   0.00 |   0.00 |
---------+--------+--------+--------+--------+--------+
      44 |      0 |      0 |   1308 |      0 |      0 |   1308
         |   0.00 |   0.00 |   0.86 |   0.00 |   0.00 |   0.86
         |   0.00 |   0.00 | 100.00 |   0.00 |   0.00 |
         |   0.00 |   0.00 |   3.31 |   0.00 |   0.00 |
---------+--------+--------+--------+--------+--------+
      45 |      0 |      0 |      0 |      0 |   2628 |   2628
         |   0.00 |   0.00 |   0.00 |   0.00 |   1.74 |   1.74
         |   0.00 |   0.00 |   0.00 |   0.00 | 100.00 |
         |   0.00 |   0.00 |   0.00 |   0.00 |  45.19 |
---------+--------+--------+--------+--------+--------+
Total       29880    56094    39576    19971     5816   151337
            19.74    37.07    26.15    13.20     3.84   100.00
(Continued)
The SAS System                                                                    21:37 Thursday, September 12, 2013   9

The FREQ Procedure

Table of hhdfxm by famrel

hhdfxm     famrel

Frequency|
Percent  |
Row Pct  |
Col Pct  |       0|       1|       2|       3|       4|  Total
---------+--------+--------+--------+--------+--------+
      46 |      0 |    500 |      0 |      0 |      0 |    500
         |   0.00 |   0.33 |   0.00 |   0.00 |   0.00 |   0.33
         |   0.00 | 100.00 |   0.00 |   0.00 |   0.00 |
         |   0.00 |   0.89 |   0.00 |   0.00 |   0.00 |
---------+--------+--------+--------+--------+--------+
      47 |      0 |      0 |     67 |      0 |      0 |     67
         |   0.00 |   0.00 |   0.04 |   0.00 |   0.00 |   0.04
         |   0.00 |   0.00 | 100.00 |   0.00 |   0.00 |
         |   0.00 |   0.00 |   0.17 |   0.00 |   0.00 |
---------+--------+--------+--------+--------+--------+
      48 |      0 |      0 |      0 |     69 |      0 |     69
         |   0.00 |   0.00 |   0.00 |   0.05 |   0.00 |   0.05
         |   0.00 |   0.00 |   0.00 | 100.00 |   0.00 |
         |   0.00 |   0.00 |   0.00 |   0.35 |   0.00 |
---------+--------+--------+--------+--------+--------+
      49 |  21745 |      0 |      0 |      0 |      0 |  21745
         |  14.37 |   0.00 |   0.00 |   0.00 |   0.00 |  14.37
         | 100.00 |   0.00 |   0.00 |   0.00 |   0.00 |
         |  72.77 |   0.00 |   0.00 |   0.00 |   0.00 |
---------+--------+--------+--------+--------+--------+
      50 |   8095 |      0 |      0 |      0 |      0 |   8095
         |   5.35 |   0.00 |   0.00 |   0.00 |   0.00 |   5.35
         | 100.00 |   0.00 |   0.00 |   0.00 |   0.00 |
         |  27.09 |   0.00 |   0.00 |   0.00 |   0.00 |
---------+--------+--------+--------+--------+--------+
      51 |     40 |     14 |      9 |      4 |      1 |     68
         |   0.03 |   0.01 |   0.01 |   0.00 |   0.00 |   0.04
         |  58.82 |  20.59 |  13.24 |   5.88 |   1.47 |
         |   0.13 |   0.02 |   0.02 |   0.02 |   0.02 |
---------+--------+--------+--------+--------+--------+
Total       29880    56094    39576    19971     5816   151337
            19.74    37.07    26.15    13.20     3.84   100.00


The SAS System                                                                    21:37 Thursday, September 12, 2013  10

The FREQ Procedure

Table of higrad by educ

higrad     educ

Frequency|
Percent  |
Row Pct  |
Col Pct  |       0|       3|       6|       8|       9|      10|      11|  Total
---------+--------+--------+--------+--------+--------+--------+--------+
      31 |    533 |      0 |      0 |      0 |      0 |      0 |      0 |    533
         |   0.35 |   0.00 |   0.00 |   0.00 |   0.00 |   0.00 |   0.00 |   0.35
         | 100.00 |   0.00 |   0.00 |   0.00 |   0.00 |   0.00 |   0.00 |
         | 100.00 |   0.00 |   0.00 |   0.00 |   0.00 |   0.00 |   0.00 |
---------+--------+--------+--------+--------+--------+--------+--------+
      32 |      0 |   1235 |      0 |      0 |      0 |      0 |      0 |   1235
         |   0.00 |   0.82 |   0.00 |   0.00 |   0.00 |   0.00 |   0.00 |   0.82
         |   0.00 | 100.00 |   0.00 |   0.00 |   0.00 |   0.00 |   0.00 |
         |   0.00 | 100.00 |   0.00 |   0.00 |   0.00 |   0.00 |   0.00 |
---------+--------+--------+--------+--------+--------+--------+--------+
      33 |      0 |      0 |   2463 |      0 |      0 |      0 |      0 |   2463
         |   0.00 |   0.00 |   1.63 |   0.00 |   0.00 |   0.00 |   0.00 |   1.63
         |   0.00 |   0.00 | 100.00 |   0.00 |   0.00 |   0.00 |   0.00 |
         |   0.00 |   0.00 | 100.00 |   0.00 |   0.00 |   0.00 |   0.00 |
---------+--------+--------+--------+--------+--------+--------+--------+
      34 |      0 |      0 |      0 |   3096 |      0 |      0 |      0 |   3096
         |   0.00 |   0.00 |   0.00 |   2.05 |   0.00 |   0.00 |   0.00 |   2.05
         |   0.00 |   0.00 |   0.00 | 100.00 |   0.00 |   0.00 |   0.00 |
         |   0.00 |   0.00 |   0.00 | 100.00 |   0.00 |   0.00 |   0.00 |
---------+--------+--------+--------+--------+--------+--------+--------+
      35 |      0 |      0 |      0 |      0 |   4070 |      0 |      0 |   4070
         |   0.00 |   0.00 |   0.00 |   0.00 |   2.69 |   0.00 |   0.00 |   2.69
         |   0.00 |   0.00 |   0.00 |   0.00 | 100.00 |   0.00 |   0.00 |
         |   0.00 |   0.00 |   0.00 |   0.00 | 100.00 |   0.00 |   0.00 |
---------+--------+--------+--------+--------+--------+--------+--------+
      36 |      0 |      0 |      0 |      0 |      0 |   5531 |      0 |   5531
         |   0.00 |   0.00 |   0.00 |   0.00 |   0.00 |   3.65 |   0.00 |   3.65
         |   0.00 |   0.00 |   0.00 |   0.00 |   0.00 | 100.00 |   0.00 |
         |   0.00 |   0.00 |   0.00 |   0.00 |   0.00 | 100.00 |   0.00 |
---------+--------+--------+--------+--------+--------+--------+--------+
      37 |      0 |      0 |      0 |      0 |      0 |      0 |   6564 |   6564
         |   0.00 |   0.00 |   0.00 |   0.00 |   0.00 |   0.00 |   4.34 |   4.34
         |   0.00 |   0.00 |   0.00 |   0.00 |   0.00 |   0.00 | 100.00 |
         |   0.00 |   0.00 |   0.00 |   0.00 |   0.00 |   0.00 |  72.16 |
---------+--------+--------+--------+--------+--------+--------+--------+
      38 |      0 |      0 |      0 |      0 |      0 |      0 |   2532 |   2532
         |   0.00 |   0.00 |   0.00 |   0.00 |   0.00 |   0.00 |   1.67 |   1.67
         |   0.00 |   0.00 |   0.00 |   0.00 |   0.00 |   0.00 | 100.00 |
         |   0.00 |   0.00 |   0.00 |   0.00 |   0.00 |   0.00 |  27.84 |
---------+--------+--------+--------+--------+--------+--------+--------+
Total         533     1235     2463     3096     4070     5531     9096   151337
             0.35     0.82     1.63     2.05     2.69     3.65     6.01   100.00
(Continued)
The SAS System                                                                    21:37 Thursday, September 12, 2013  11

The FREQ Procedure

Table of higrad by educ

higrad     educ

Frequency|
Percent  |
Row Pct  |
Col Pct  |       0|       3|       6|       8|       9|      10|      11|  Total
---------+--------+--------+--------+--------+--------+--------+--------+
      39 |      0 |      0 |      0 |      0 |      0 |      0 |      0 |  42990
         |   0.00 |   0.00 |   0.00 |   0.00 |   0.00 |   0.00 |   0.00 |  28.41
         |   0.00 |   0.00 |   0.00 |   0.00 |   0.00 |   0.00 |   0.00 |
         |   0.00 |   0.00 |   0.00 |   0.00 |   0.00 |   0.00 |   0.00 |
---------+--------+--------+--------+--------+--------+--------+--------+
      40 |      0 |      0 |      0 |      0 |      0 |      0 |      0 |  27629
         |   0.00 |   0.00 |   0.00 |   0.00 |   0.00 |   0.00 |   0.00 |  18.26
         |   0.00 |   0.00 |   0.00 |   0.00 |   0.00 |   0.00 |   0.00 |
         |   0.00 |   0.00 |   0.00 |   0.00 |   0.00 |   0.00 |   0.00 |
---------+--------+--------+--------+--------+--------+--------+--------+
      41 |      0 |      0 |      0 |      0 |      0 |      0 |      0 |   5963
         |   0.00 |   0.00 |   0.00 |   0.00 |   0.00 |   0.00 |   0.00 |   3.94
         |   0.00 |   0.00 |   0.00 |   0.00 |   0.00 |   0.00 |   0.00 |
         |   0.00 |   0.00 |   0.00 |   0.00 |   0.00 |   0.00 |   0.00 |
---------+--------+--------+--------+--------+--------+--------+--------+
      42 |      0 |      0 |      0 |      0 |      0 |      0 |      0 |   7575
         |   0.00 |   0.00 |   0.00 |   0.00 |   0.00 |   0.00 |   0.00 |   5.01
         |   0.00 |   0.00 |   0.00 |   0.00 |   0.00 |   0.00 |   0.00 |
         |   0.00 |   0.00 |   0.00 |   0.00 |   0.00 |   0.00 |   0.00 |
---------+--------+--------+--------+--------+--------+--------+--------+
      43 |      0 |      0 |      0 |      0 |      0 |      0 |      0 |  26762
         |   0.00 |   0.00 |   0.00 |   0.00 |   0.00 |   0.00 |   0.00 |  17.68
         |   0.00 |   0.00 |   0.00 |   0.00 |   0.00 |   0.00 |   0.00 |
         |   0.00 |   0.00 |   0.00 |   0.00 |   0.00 |   0.00 |   0.00 |
---------+--------+--------+--------+--------+--------+--------+--------+
      44 |      0 |      0 |      0 |      0 |      0 |      0 |      0 |  10407
         |   0.00 |   0.00 |   0.00 |   0.00 |   0.00 |   0.00 |   0.00 |   6.88
         |   0.00 |   0.00 |   0.00 |   0.00 |   0.00 |   0.00 |   0.00 |
         |   0.00 |   0.00 |   0.00 |   0.00 |   0.00 |   0.00 |   0.00 |
---------+--------+--------+--------+--------+--------+--------+--------+
      45 |      0 |      0 |      0 |      0 |      0 |      0 |      0 |   1978
         |   0.00 |   0.00 |   0.00 |   0.00 |   0.00 |   0.00 |   0.00 |   1.31
         |   0.00 |   0.00 |   0.00 |   0.00 |   0.00 |   0.00 |   0.00 |
         |   0.00 |   0.00 |   0.00 |   0.00 |   0.00 |   0.00 |   0.00 |
---------+--------+--------+--------+--------+--------+--------+--------+
      46 |      0 |      0 |      0 |      0 |      0 |      0 |      0 |   2009
         |   0.00 |   0.00 |   0.00 |   0.00 |   0.00 |   0.00 |   0.00 |   1.33
         |   0.00 |   0.00 |   0.00 |   0.00 |   0.00 |   0.00 |   0.00 |
         |   0.00 |   0.00 |   0.00 |   0.00 |   0.00 |   0.00 |   0.00 |
---------+--------+--------+--------+--------+--------+--------+--------+
Total         533     1235     2463     3096     4070     5531     9096   151337
             0.35     0.82     1.63     2.05     2.69     3.65     6.01   100.00
(Continued)
The SAS System                                                                    21:37 Thursday, September 12, 2013  12

The FREQ Procedure

Table of higrad by educ

higrad     educ

Frequency|
Percent  |
Row Pct  |
Col Pct  |      12|      13|      14|      16|      18|      20|  Total
---------+--------+--------+--------+--------+--------+--------+
      31 |      0 |      0 |      0 |      0 |      0 |      0 |    533
         |   0.00 |   0.00 |   0.00 |   0.00 |   0.00 |   0.00 |   0.35
         |   0.00 |   0.00 |   0.00 |   0.00 |   0.00 |   0.00 |
         |   0.00 |   0.00 |   0.00 |   0.00 |   0.00 |   0.00 |
---------+--------+--------+--------+--------+--------+--------+
      32 |      0 |      0 |      0 |      0 |      0 |      0 |   1235
         |   0.00 |   0.00 |   0.00 |   0.00 |   0.00 |   0.00 |   0.82
         |   0.00 |   0.00 |   0.00 |   0.00 |   0.00 |   0.00 |
         |   0.00 |   0.00 |   0.00 |   0.00 |   0.00 |   0.00 |
---------+--------+--------+--------+--------+--------+--------+
      33 |      0 |      0 |      0 |      0 |      0 |      0 |   2463
         |   0.00 |   0.00 |   0.00 |   0.00 |   0.00 |   0.00 |   1.63
         |   0.00 |   0.00 |   0.00 |   0.00 |   0.00 |   0.00 |
         |   0.00 |   0.00 |   0.00 |   0.00 |   0.00 |   0.00 |
---------+--------+--------+--------+--------+--------+--------+
      34 |      0 |      0 |      0 |      0 |      0 |      0 |   3096
         |   0.00 |   0.00 |   0.00 |   0.00 |   0.00 |   0.00 |   2.05
         |   0.00 |   0.00 |   0.00 |   0.00 |   0.00 |   0.00 |
         |   0.00 |   0.00 |   0.00 |   0.00 |   0.00 |   0.00 |
---------+--------+--------+--------+--------+--------+--------+
      35 |      0 |      0 |      0 |      0 |      0 |      0 |   4070
         |   0.00 |   0.00 |   0.00 |   0.00 |   0.00 |   0.00 |   2.69
         |   0.00 |   0.00 |   0.00 |   0.00 |   0.00 |   0.00 |
         |   0.00 |   0.00 |   0.00 |   0.00 |   0.00 |   0.00 |
---------+--------+--------+--------+--------+--------+--------+
      36 |      0 |      0 |      0 |      0 |      0 |      0 |   5531
         |   0.00 |   0.00 |   0.00 |   0.00 |   0.00 |   0.00 |   3.65
         |   0.00 |   0.00 |   0.00 |   0.00 |   0.00 |   0.00 |
         |   0.00 |   0.00 |   0.00 |   0.00 |   0.00 |   0.00 |
---------+--------+--------+--------+--------+--------+--------+
      37 |      0 |      0 |      0 |      0 |      0 |      0 |   6564
         |   0.00 |   0.00 |   0.00 |   0.00 |   0.00 |   0.00 |   4.34
         |   0.00 |   0.00 |   0.00 |   0.00 |   0.00 |   0.00 |
         |   0.00 |   0.00 |   0.00 |   0.00 |   0.00 |   0.00 |
---------+--------+--------+--------+--------+--------+--------+
      38 |      0 |      0 |      0 |      0 |      0 |      0 |   2532
         |   0.00 |   0.00 |   0.00 |   0.00 |   0.00 |   0.00 |   1.67
         |   0.00 |   0.00 |   0.00 |   0.00 |   0.00 |   0.00 |
         |   0.00 |   0.00 |   0.00 |   0.00 |   0.00 |   0.00 |
---------+--------+--------+--------+--------+--------+--------+
Total       42990    27629    13538    26762    10407     3987   151337
            28.41    18.26     8.95    17.68     6.88     2.63   100.00
(Continued)
The SAS System                                                                    21:37 Thursday, September 12, 2013  13

The FREQ Procedure

Table of higrad by educ

higrad     educ

Frequency|
Percent  |
Row Pct  |
Col Pct  |      12|      13|      14|      16|      18|      20|  Total
---------+--------+--------+--------+--------+--------+--------+
      39 |  42990 |      0 |      0 |      0 |      0 |      0 |  42990
         |  28.41 |   0.00 |   0.00 |   0.00 |   0.00 |   0.00 |  28.41
         | 100.00 |   0.00 |   0.00 |   0.00 |   0.00 |   0.00 |
         | 100.00 |   0.00 |   0.00 |   0.00 |   0.00 |   0.00 |
---------+--------+--------+--------+--------+--------+--------+
      40 |      0 |  27629 |      0 |      0 |      0 |      0 |  27629
         |   0.00 |  18.26 |   0.00 |   0.00 |   0.00 |   0.00 |  18.26
         |   0.00 | 100.00 |   0.00 |   0.00 |   0.00 |   0.00 |
         |   0.00 | 100.00 |   0.00 |   0.00 |   0.00 |   0.00 |
---------+--------+--------+--------+--------+--------+--------+
      41 |      0 |      0 |   5963 |      0 |      0 |      0 |   5963
         |   0.00 |   0.00 |   3.94 |   0.00 |   0.00 |   0.00 |   3.94
         |   0.00 |   0.00 | 100.00 |   0.00 |   0.00 |   0.00 |
         |   0.00 |   0.00 |  44.05 |   0.00 |   0.00 |   0.00 |
---------+--------+--------+--------+--------+--------+--------+
      42 |      0 |      0 |   7575 |      0 |      0 |      0 |   7575
         |   0.00 |   0.00 |   5.01 |   0.00 |   0.00 |   0.00 |   5.01
         |   0.00 |   0.00 | 100.00 |   0.00 |   0.00 |   0.00 |
         |   0.00 |   0.00 |  55.95 |   0.00 |   0.00 |   0.00 |
---------+--------+--------+--------+--------+--------+--------+
      43 |      0 |      0 |      0 |  26762 |      0 |      0 |  26762
         |   0.00 |   0.00 |   0.00 |  17.68 |   0.00 |   0.00 |  17.68
         |   0.00 |   0.00 |   0.00 | 100.00 |   0.00 |   0.00 |
         |   0.00 |   0.00 |   0.00 | 100.00 |   0.00 |   0.00 |
---------+--------+--------+--------+--------+--------+--------+
      44 |      0 |      0 |      0 |      0 |  10407 |      0 |  10407
         |   0.00 |   0.00 |   0.00 |   0.00 |   6.88 |   0.00 |   6.88
         |   0.00 |   0.00 |   0.00 |   0.00 | 100.00 |   0.00 |
         |   0.00 |   0.00 |   0.00 |   0.00 | 100.00 |   0.00 |
---------+--------+--------+--------+--------+--------+--------+
      45 |      0 |      0 |      0 |      0 |      0 |   1978 |   1978
         |   0.00 |   0.00 |   0.00 |   0.00 |   0.00 |   1.31 |   1.31
         |   0.00 |   0.00 |   0.00 |   0.00 |   0.00 | 100.00 |
         |   0.00 |   0.00 |   0.00 |   0.00 |   0.00 |  49.61 |
---------+--------+--------+--------+--------+--------+--------+
      46 |      0 |      0 |      0 |      0 |      0 |   2009 |   2009
         |   0.00 |   0.00 |   0.00 |   0.00 |   0.00 |   1.33 |   1.33
         |   0.00 |   0.00 |   0.00 |   0.00 |   0.00 | 100.00 |
         |   0.00 |   0.00 |   0.00 |   0.00 |   0.00 |  50.39 |
---------+--------+--------+--------+--------+--------+--------+
Total       42990    27629    13538    26762    10407     3987   151337
            28.41    18.26     8.95    17.68     6.88     2.63   100.00
The SAS System                                                                    21:37 Thursday, September 12, 2013  14

The FREQ Procedure

                                    Cumulative    Cumulative
hrswkly    Frequency     Percent     Frequency      Percent
------------------------------------------------------------
      0       52204       34.50         52204        34.50  
      1          89        0.06         52293        34.55  
      2         150        0.10         52443        34.65  
      3         177        0.12         52620        34.77  
      4         307        0.20         52927        34.97  
      5         333        0.22         53260        35.19  
      6         309        0.20         53569        35.40  
      7         105        0.07         53674        35.47  
      8         618        0.41         54292        35.87  
      9          84        0.06         54376        35.93  
     10        1194        0.79         55570        36.72  
     11          34        0.02         55604        36.74  
     12         722        0.48         56326        37.22  
     13          98        0.06         56424        37.28  
     14         117        0.08         56541        37.36  
     15        1468        0.97         58009        38.33  
     16         662        0.44         58671        38.77  
     17          93        0.06         58764        38.83  
     18         301        0.20         59065        39.03  
     19          43        0.03         59108        39.06  
     20        4480        2.96         63588        42.02  
     21         112        0.07         63700        42.09  
     22         140        0.09         63840        42.18  
     23         118        0.08         63958        42.26  
     24        1055        0.70         65013        42.96  
     25        2292        1.51         67305        44.47  
     26         117        0.08         67422        44.55  
     27         132        0.09         67554        44.64  
     28         368        0.24         67922        44.88  
     29          50        0.03         67972        44.91  
     30        3787        2.50         71759        47.42  
     31          32        0.02         71791        47.44  
     32        1434        0.95         73225        48.39  
     33         121        0.08         73346        48.47  
     34         158        0.10         73504        48.57  
     35        4336        2.87         77840        51.43  
     36        1181        0.78         79021        52.22  
     37         566        0.37         79587        52.59  
     38        1186        0.78         80773        53.37  
     39         131        0.09         80904        53.46  
     40       48672       32.16        129576        85.62  
     41          67        0.04        129643        85.67  
     42         476        0.31        130119        85.98  
     43         265        0.18        130384        86.15  
     44         287        0.19        130671        86.34  
     45        4251        2.81        134922        89.15  
     46         131        0.09        135053        89.24  
     47         103        0.07        135156        89.31  
     48         757        0.50        135913        89.81  
     49          56        0.04        135969        89.85  
     50        6939        4.59        142908        94.43  
     51          13        0.01        142921        94.44  
     52         782        0.52        143703        94.96  
The SAS System                                                                    21:37 Thursday, September 12, 2013  15

The FREQ Procedure

                                    Cumulative    Cumulative
hrswkly    Frequency     Percent     Frequency      Percent
------------------------------------------------------------
     53          57        0.04        143760        94.99  
     54          63        0.04        143823        95.03  
     55        1646        1.09        145469        96.12  
     56         163        0.11        145632        96.23  
     57          29        0.02        145661        96.25  
     58          56        0.04        145717        96.29  
     59          12        0.01        145729        96.29  
     60        3390        2.24        149119        98.53  
     61           6        0.00        149125        98.54  
     62          14        0.01        149139        98.55  
     63          14        0.01        149153        98.56  
     64          24        0.02        149177        98.57  
     65         442        0.29        149619        98.86  
     66          21        0.01        149640        98.88  
     67           6        0.00        149646        98.88  
     68          22        0.01        149668        98.90  
     69           4        0.00        149672        98.90  
     70         661        0.44        150333        99.34  
     71           5        0.00        150338        99.34  
     72         121        0.08        150459        99.42  
     73           2        0.00        150461        99.42  
     74          11        0.01        150472        99.43  
     75          95        0.06        150567        99.49  
     76           8        0.01        150575        99.50  
     77           8        0.01        150583        99.50  
     78          10        0.01        150593        99.51  
     80         385        0.25        150978        99.76  
     82           3        0.00        150981        99.76  
     84          90        0.06        151071        99.82  
     85          27        0.02        151098        99.84  
     86           5        0.00        151103        99.85  
     87           2        0.00        151105        99.85  
     89           1        0.00        151106        99.85  
     90          57        0.04        151163        99.89  
     91           5        0.00        151168        99.89  
     94           1        0.00        151169        99.89  
     95           4        0.00        151173        99.89  
     96          11        0.01        151184        99.90  
     98          10        0.01        151194        99.91  
     99         143        0.09        151337       100.00  
The SAS System                                                                    21:37 Thursday, September 12, 2013  16

The FREQ Procedure

                                    Cumulative    Cumulative
weeksly    Frequency     Percent     Frequency      Percent
------------------------------------------------------------
      0       52204       34.50         52204        34.50  
      1         277        0.18         52481        34.68  
      2         314        0.21         52795        34.89  
      3         277        0.18         53072        35.07  
      4         525        0.35         53597        35.42  
      5         181        0.12         53778        35.54  
      6         372        0.25         54150        35.78  
      7          87        0.06         54237        35.84  
      8         876        0.58         55113        36.42  
      9         154        0.10         55267        36.52  
     10         522        0.34         55789        36.86  
     11          65        0.04         55854        36.91  
     12        1349        0.89         57203        37.80  
     13         251        0.17         57454        37.96  
     14         153        0.10         57607        38.07  
     15         226        0.15         57833        38.21  
     16         880        0.58         58713        38.80  
     17         158        0.10         58871        38.90  
     18         183        0.12         59054        39.02  
     19          34        0.02         59088        39.04  
     20        1240        0.82         60328        39.86  
     21          88        0.06         60416        39.92  
     22         270        0.18         60686        40.10  
     23          45        0.03         60731        40.13  
     24         671        0.44         61402        40.57  
     25         371        0.25         61773        40.82  
     26        1894        1.25         63667        42.07  
     27          64        0.04         63731        42.11  
     28         503        0.33         64234        42.44  
     29          57        0.04         64291        42.48  
     30         979        0.65         65270        43.13  
     31          28        0.02         65298        43.15  
     32         734        0.49         66032        43.63  
     33          73        0.05         66105        43.68  
     34         159        0.11         66264        43.79  
     35         434        0.29         66698        44.07  
     36         953        0.63         67651        44.70  
     37         101        0.07         67752        44.77  
     38         287        0.19         68039        44.96  
     39         277        0.18         68316        45.14  
     40        2272        1.50         70588        46.64  
     41          73        0.05         70661        46.69  
     42         436        0.29         71097        46.98  
     43         219        0.14         71316        47.12  
     44         774        0.51         72090        47.64  
     45         491        0.32         72581        47.96  
     46         456        0.30         73037        48.26  
     47         171        0.11         73208        48.37  
     48        1230        0.81         74438        49.19  
     49         382        0.25         74820        49.44  
     50        1782        1.18         76602        50.62  
     51         510        0.34         77112        50.95  
     52       74225       49.05        151337       100.00  
The SAS System                                                                    21:37 Thursday, September 12, 2013  17

The MEANS Procedure

Variable            N            Mean         Std Dev         Minimum         Maximum
-------------------------------------------------------------------------------------
numfam         151337       1.2342785       0.5637849       1.0000000      12.0000000
state          151337      55.0658002      26.5430045      11.0000000      95.0000000
famkind        151337       1.6100028       0.8387889       1.0000000       3.0000000
famtype        151337       1.4323265       0.9873826       1.0000000       5.0000000
povstat        151337       3.4818584       1.0501337       1.0000000       4.0000000
povll          151337       9.2744471       4.1642650       1.0000000      14.0000000
numperf        151337       2.9266472       1.5974386       1.0000000      16.0000000
age            151337      44.5012522      17.8129458      16.0000000      85.0000000
race           151337       1.4888692       1.3427502       1.0000000      21.0000000
sex            151337       1.5231900       0.4994636       1.0000000       2.0000000
higrad         151337      40.0281293       2.8417068      31.0000000      46.0000000
ethnic         151337       0.3276727       0.9317588               0       5.0000000
hrswkly        151337      25.2011141      20.7837575               0      99.0000000
hourslw        151337      22.1169906      21.4628341               0      99.0000000
marstat        151337       3.4343353       2.6799902       1.0000000       7.0000000
classly        151337       1.1830947       1.5183796               0       7.0000000
ftptr          151337       2.8194361       1.7936697       1.0000000       5.0000000
esr            151337       3.1920020       2.8010686               0       7.0000000
weeksu         151337       0.8976192       6.4146192               0      52.0000000
mover          151337       0.1232613       0.4096058               0       4.0000000
ernsrc         151337       0.7026239       0.5614608               0       4.0000000
alloc_e        151337       0.0080086       0.0891321               0       1.0000000
alloc_v        151337       0.1247349       0.3304191               0       1.0000000
hhnum          151337        49131.94        28164.74       3.0000000        96659.00
type           151337      41.8015356       1.0741344      41.0000000      56.0000000
hhseq          151337        49121.53        28159.57       3.0000000        96663.00
numperhh       151337       3.2218823       1.6435682       1.0000000      16.0000000
hhtype         151337       2.5363262       2.1483057       1.0000000       9.0000000
livqrt         151337       1.1839603       0.8735107       1.0000000      12.0000000
htenure        151337       1.3173976       0.4896921       1.0000000       3.0000000
cbsa           151337        26281.53        20741.78               0        79600.00
county         151337      30.1198517      68.6938917               0     810.0000000
cbsa_size      151337       3.7159122       2.5620275               0       7.0000000
numperlt15     151337       0.6907498       1.0537310               0      10.0000000
foodstamps     151337       1.8896238       0.3133591       1.0000000       2.0000000
numkidsfs      151337       0.2885547       1.0017763               0       9.0000000
nummonthsfs    151337       1.1618837       3.4502416               0      12.0000000
valuefs        151337     369.2038233         1384.30               0        24999.00
ifam           151337       1.1023147       0.3608490       1.0000000      12.0000000
ownkidsu6      151337       0.2078936       0.5374221               0       5.0000000
ownkidsu18     151337       0.7555191       1.1063578               0       9.0000000
povcut         151337        18904.02         6739.87        10788.00        50059.00
famwagesal     151337        59432.79        80602.75               0      2099999.00
faminc         151337        75276.87        85452.38       -19998.00      2099999.00
famfs          151337     301.7165597         1178.67               0         9999.00
famlunch       151337     110.6527287     311.3119975               0         4443.00
fammcare       151337         2158.28         4928.24               0        29999.00
fammcaid       151337         1042.19         3294.66               0        29999.00
famhip         151337         1940.37         3398.33               0       180000.00
fampocket      151337         3912.19         7140.96               0       600120.00
famotc         151337     365.8061280     689.3406921               0        30000.00
famnum         151337       1.1023147       0.3608490       1.0000000      12.0000000
ip             151337       1.6071549       0.8671104       1.0000000      12.0000000
-------------------------------------------------------------------------------------
The SAS System                                                                    21:37 Thursday, September 12, 2013  18

The MEANS Procedure

Variable            N            Mean         Std Dev         Minimum         Maximum
-------------------------------------------------------------------------------------
relhead        151337       3.5095383       3.1324024       1.0000000      14.0000000
famrel         151337       1.4432888       1.0659193               0       4.0000000
hhdfxm         151337      14.3210319      19.9442493       1.0000000      51.0000000
cob            151337      94.6274341      88.4479801      57.0000000     555.0000000
momcob         151337     105.8103174      97.1781297      57.0000000     555.0000000
dadcob         151337     106.1541791      97.5409738      57.0000000     555.0000000
immyr          151337       2.2809491       5.4638534               0      22.0000000
citizen        151337       1.6030184       1.3299848       1.0000000       5.0000000
weight         151337       160418.50       151159.70               0      1193569.00
psupwgt        151337       160924.32       100266.79         8888.00      1035687.00
ogrflag        151337       0.1318250       0.3383015               0       1.0000000
uhrswk          12861      38.3119509      10.6321955       1.0000000      99.0000000
paidhr          12861       1.4192520       0.4934559       1.0000000       2.0000000
hrpay           12861     932.7552290         1082.35      -1.0000000         9999.00
wkpay           12861     855.7874971     628.0006563       1.0000000         2885.00
enroll         151337       0.2141975       0.5309485               0       2.0000000
weeksly        151337      30.3239129      24.1698639               0      52.0000000
numjobs        151337       0.7303303       0.6087497               0       3.0000000
occ2ly         151337      38.2219814      16.4293978       1.0000000      53.0000000
occ1ly         151337      16.5205535       7.6594167       1.0000000      24.0000000
ind2ly         151337      15.6788954       7.0558000       1.0000000      23.0000000
ind1ly         151337      10.3549033       4.2354953       1.0000000      15.0000000
ernval         151337        28172.93        51685.48        -9999.00      1099999.00
wagesal        151337        27315.40        51153.44               0      1199999.00
selfinc        151337         1492.66        14659.44        -9999.00      1099999.00
farminc        151337     199.4265844         5278.99       -12000.00       500000.00
uiamount       151337     281.9316691         1912.85               0        99999.00
wcamount       151337      46.5682285         1044.38               0        99999.00
ssamount       151337         2218.72         5585.29               0        50000.00
sdiamount      151337     181.0614390         1337.50               0        25000.00
welfare        151337      32.6640940     445.7047859               0        25000.00
disability     151337      84.5274982         1477.31               0        99999.00
income         151337        35239.88        54157.99       -19998.00      1385685.00
totearn        151337        29007.49        53031.40        -9999.00      1350000.00
mcare          151337       1.8317860       0.3740574       1.0000000       2.0000000
mcaid          151337       0.0362172       0.2103549               0       2.0000000
hins_priv      151337       1.3380138       0.4730348       1.0000000       2.0000000
hins_emp       151337       0.4961378       0.6175462               0       2.0000000
health         151337       2.3031579       1.0937827       1.0000000       5.0000000
eitc           151337     206.9704236     841.0769679               0         5751.00
tax_income     151337        22778.71        56420.96               0      2073799.00
fedtax         151337         3994.60        15111.72               0       696138.00
statetax       151337         1019.81         3330.77               0       123790.00
imm            151337       0.1628022       0.3691863               0       1.0000000
hispanic       151337       0.1646722       0.3708857               0       1.0000000
dropout        151337       0.1719606       0.3773474               0       1.0000000
hs             151337       0.2840680       0.4509709               0       1.0000000
somecoll       151337       0.2720220       0.4450027               0       1.0000000
ba             151337       0.1768371       0.3815321               0       1.0000000
collplus       151337       0.2719494       0.4449654               0       1.0000000
white          151337       0.7836352       0.4117672               0       1.0000000
black          151337       0.1191183       0.3239287               0       1.0000000
asian          151337       0.0602034       0.2378641               0       1.0000000
-------------------------------------------------------------------------------------
The SAS System                                                                    21:37 Thursday, September 12, 2013  19

The MEANS Procedure

Variable            N            Mean         Std Dev         Minimum         Maximum
-------------------------------------------------------------------------------------
maplus         151337       0.0951122       0.2933709               0       1.0000000
phd            151337       0.0263452       0.1601602               0       1.0000000
educ           151337      13.1831211       2.9430420               0      20.0000000
annhrs         151337         1197.76         1069.50               0         5148.00
earnwk          99133     868.3335946         1257.04               0        98000.00
earnhr          99133      22.3776122      40.2720610               0         3000.00
wage_ogr        12861      21.1646166      17.9271103       0.0200000         1154.00
-------------------------------------------------------------------------------------
The SAS System                                                                    21:37 Thursday, September 12, 2013  20

The CORR Procedure

   8  Variables:    wage_ogr   wkpay      wagesal    totearn    income     tax_income educ       annhrs     


                                     Simple Statistics
 
Variable             N          Mean       Std Dev           Sum       Minimum       Maximum

wage_ogr         12861      21.16462      17.92711        272198       0.02000          1154
wkpay            12861     855.78750     628.00066      11006283       1.00000          2885
wagesal         151337         27315         51153    4133831093             0       1199999
totearn         151337         29007         53031    4389906451         -9999       1350000
income          151337         35240         54158    5333097393        -19998       1385685
tax_income      151337         22779         56421    3447261606             0       2073799
educ            151337      13.18312       2.94304       1995094             0      20.00000
annhrs          151337          1198          1069     181265094             0          5148


                                        Pearson Correlation Coefficients 
                                           Prob > |r| under H0: Rho=0 
                                              Number of Observations
 
                                                                                    tax_
               wage_ogr        wkpay      wagesal      totearn       income       income         educ       annhrs

wage_ogr        1.00000      0.69823      0.41832      0.41866      0.42459      0.29265      0.36443      0.19538
                              <.0001       <.0001       <.0001       <.0001       <.0001       <.0001       <.0001
                  12861        12861        12861        12861        12861        12861        12861        12861

wkpay           0.69823      1.00000      0.59654      0.59645      0.59011      0.39086      0.44564      0.42660
                 <.0001                    <.0001       <.0001       <.0001       <.0001       <.0001       <.0001
                  12861        12861        12861        12861        12861        12861        12861        12861

wagesal         0.41832      0.59654      1.00000      0.95519      0.91951      0.59673      0.31367      0.50428
                 <.0001       <.0001                    <.0001       <.0001       <.0001       <.0001       <.0001
                  12861        12861       151337       151337       151337       151337       151337       151337

totearn         0.41866      0.59645      0.95519      1.00000      0.96499      0.62137      0.31868      0.51695
                 <.0001       <.0001       <.0001                    <.0001       <.0001       <.0001       <.0001
                  12861        12861       151337       151337       151337       151337       151337       151337

income          0.42459      0.59011      0.91951      0.96499      1.00000      0.64384      0.34072      0.44020
                 <.0001       <.0001       <.0001       <.0001                    <.0001       <.0001       <.0001
                  12861        12861       151337       151337       151337       151337       151337       151337

tax_income      0.29265      0.39086      0.59673      0.62137      0.64384      1.00000      0.26399      0.26278
                 <.0001       <.0001       <.0001       <.0001       <.0001                    <.0001       <.0001
                  12861        12861       151337       151337       151337       151337       151337       151337

educ            0.36443      0.44564      0.31367      0.31868      0.34072      0.26399      1.00000      0.27308
                 <.0001       <.0001       <.0001       <.0001       <.0001       <.0001                    <.0001
                  12861        12861       151337       151337       151337       151337       151337       151337

annhrs          0.19538      0.42660      0.50428      0.51695      0.44020      0.26278      0.27308      1.00000
                 <.0001       <.0001       <.0001       <.0001       <.0001       <.0001       <.0001             
                  12861        12861       151337       151337       151337       151337       151337       151337
The SAS System                                                                    21:37 Thursday, September 12, 2013  21

The CORR Procedure

  10  Variables:    wage_ogr   wkpay      earnwk     ernval     wagesal    totearn    income     tax_income educ        
                    annhrs                                                                                              


                                     Simple Statistics
 
Variable             N          Mean       Std Dev           Sum       Minimum       Maximum

wage_ogr         12538      21.35421      18.02149        267739       0.02000          1154
wkpay            12538     866.00574     627.38017      10857980       1.00000          2885
earnwk           93229     923.32337          1276      86080514       0.01923         98000
ernval           93229         43420         58257    4047996926         -9999       1099999
wagesal          93229         44341         59099    4133831093       1.00000       1199999
totearn          93229         44765         59822    4173435024         -8719       1350000
income           93229         48178         61706    4491559122         -8499       1385685
tax_income       93229         30937         63821    2884214963             0       2073799
educ             93229      13.71198       2.78526       1278354             0      20.00000
annhrs           93229          1832     754.43751     170800049       1.00000          5148


                                           Pearson Correlation Coefficients 
                                              Prob > |r| under H0: Rho=0 
                                                 Number of Observations
 
                                                                                              tax_
             wage_ogr      wkpay     earnwk     ernval    wagesal    totearn     income     income       educ     annhrs

wage_ogr      1.00000    0.69416    0.40369    0.41518    0.41629    0.41605    0.42235    0.28972    0.36068    0.18576
                          <.0001     <.0001     <.0001     <.0001     <.0001     <.0001     <.0001     <.0001     <.0001
                12538      12538      12538      12538      12538      12538      12538      12538      12538      12538

wkpay         0.69416    1.00000    0.56949    0.59520    0.59631    0.59550    0.58954    0.38885    0.44157    0.42840
               <.0001                <.0001     <.0001     <.0001     <.0001     <.0001     <.0001     <.0001     <.0001
                12538      12538      12538      12538      12538      12538      12538      12538      12538      12538

earnwk        0.40369    0.56949    1.00000    0.87765    0.88916    0.88199    0.87327    0.57936    0.29068    0.25275
               <.0001     <.0001                <.0001     <.0001     <.0001     <.0001     <.0001     <.0001     <.0001
                12538      12538      93229      93229      93229      93229      93229      93229      93229      93229

ernval        0.41518    0.59520    0.87765    1.00000    0.98762    0.98227    0.96664    0.63761    0.32046    0.37203
               <.0001     <.0001     <.0001                <.0001     <.0001     <.0001     <.0001     <.0001     <.0001
                12538      12538      93229      93229      93229      93229      93229      93229      93229      93229

wagesal       0.41629    0.59631    0.88916    0.98762    1.00000    0.99210    0.97660    0.64531    0.32322    0.37363
               <.0001     <.0001     <.0001     <.0001                <.0001     <.0001     <.0001     <.0001     <.0001
                12538      12538      93229      93229      93229      93229      93229      93229      93229      93229

totearn       0.41605    0.59550    0.88199    0.98227    0.99210    1.00000    0.98476    0.64816    0.32328    0.37438
               <.0001     <.0001     <.0001     <.0001     <.0001                <.0001     <.0001     <.0001     <.0001
                12538      12538      93229      93229      93229      93229      93229      93229      93229      93229

income        0.42235    0.58954    0.87327    0.96664    0.97660    0.98476    1.00000    0.66110    0.33531    0.34459
               <.0001     <.0001     <.0001     <.0001     <.0001     <.0001                <.0001     <.0001     <.0001
                12538      12538      93229      93229      93229      93229      93229      93229      93229      93229
The SAS System                                                                    21:37 Thursday, September 12, 2013  22

The CORR Procedure

                                           Pearson Correlation Coefficients 
                                              Prob > |r| under H0: Rho=0 
                                                 Number of Observations
 
                                                                                              tax_
             wage_ogr      wkpay     earnwk     ernval    wagesal    totearn     income     income       educ     annhrs

tax_income    0.28972    0.38885    0.57936    0.63761    0.64531    0.64816    0.66110    1.00000    0.25414    0.20371
               <.0001     <.0001     <.0001     <.0001     <.0001     <.0001     <.0001                <.0001     <.0001
                12538      12538      93229      93229      93229      93229      93229      93229      93229      93229

educ          0.36068    0.44157    0.29068    0.32046    0.32322    0.32328    0.33531    0.25414    1.00000    0.18220
               <.0001     <.0001     <.0001     <.0001     <.0001     <.0001     <.0001     <.0001                <.0001
                12538      12538      93229      93229      93229      93229      93229      93229      93229      93229

annhrs        0.18576    0.42840    0.25275    0.37203    0.37363    0.37438    0.34459    0.20371    0.18220    1.00000
               <.0001     <.0001     <.0001     <.0001     <.0001     <.0001     <.0001     <.0001     <.0001           
                12538      12538      93229      93229      93229      93229      93229      93229      93229      93229
The SAS System                                                                    21:37 Thursday, September 12, 2013  23

The CORR Procedure

  10  Variables:    wage_ogr   wkpay      earnwk     ernval     wagesal    totearn    income     tax_income educ        
                    annhrs                                                                                              


                                     Simple Statistics
 
Variable             N          Mean       Std Dev           Sum       Minimum       Maximum

wage_ogr         12538      21.35421      18.02149        267739       0.02000          1154
wkpay            12538     866.00574     627.38017      10857980       1.00000          2885
earnwk           12538     938.48294          1080      11766699       0.23077         22449
ernval           12538         45332         52351     568375402         -4000       1099999
wagesal          12538         46332         52886     580912905      12.00000       1099999
totearn          12538         46497         53080     582975114         -1100       1099999
income           12538         49522         54590     620904444         -2842       1119415
tax_income       12538         32532         59706     407880916             0       1357299
educ             12538      13.93954       2.70592        174774             0      20.00000
annhrs           12538          1930     644.39313      24199499       1.00000          5148


                                      Pearson Correlation Coefficients, N = 12538 
                                               Prob > |r| under H0: Rho=0
 
                                                                                              tax_
             wage_ogr      wkpay     earnwk     ernval    wagesal    totearn     income     income       educ     annhrs

wage_ogr      1.00000    0.69416    0.40369    0.41518    0.41629    0.41605    0.42235    0.28972    0.36068    0.18576
                          <.0001     <.0001     <.0001     <.0001     <.0001     <.0001     <.0001     <.0001     <.0001

wkpay         0.69416    1.00000    0.56949    0.59520    0.59631    0.59550    0.58954    0.38885    0.44157    0.42840
               <.0001                <.0001     <.0001     <.0001     <.0001     <.0001     <.0001     <.0001     <.0001

earnwk        0.40369    0.56949    1.00000    0.92696    0.93603    0.93488    0.92630    0.60442    0.31568    0.27439
               <.0001     <.0001                <.0001     <.0001     <.0001     <.0001     <.0001     <.0001     <.0001

ernval        0.41518    0.59520    0.92696    1.00000    0.99096    0.98776    0.97163    0.62642    0.32018    0.36863
               <.0001     <.0001     <.0001                <.0001     <.0001     <.0001     <.0001     <.0001     <.0001

wagesal       0.41629    0.59631    0.93603    0.99096    1.00000    0.99824    0.98240    0.63927    0.32401    0.37201
               <.0001     <.0001     <.0001     <.0001                <.0001     <.0001     <.0001     <.0001     <.0001

totearn       0.41605    0.59550    0.93488    0.98776    0.99824    1.00000    0.98420    0.64171    0.32356    0.37080
               <.0001     <.0001     <.0001     <.0001     <.0001                <.0001     <.0001     <.0001     <.0001

income        0.42235    0.58954    0.92630    0.97163    0.98240    0.98420    1.00000    0.65444    0.33311    0.34593
               <.0001     <.0001     <.0001     <.0001     <.0001     <.0001                <.0001     <.0001     <.0001

tax_income    0.28972    0.38885    0.60442    0.62642    0.63927    0.64171    0.65444    1.00000    0.24465    0.20360
               <.0001     <.0001     <.0001     <.0001     <.0001     <.0001     <.0001                <.0001     <.0001

educ          0.36068    0.44157    0.31568    0.32018    0.32401    0.32356    0.33311    0.24465    1.00000    0.15524
               <.0001     <.0001     <.0001     <.0001     <.0001     <.0001     <.0001     <.0001                <.0001

annhrs        0.18576    0.42840    0.27439    0.36863    0.37201    0.37080    0.34593    0.20360    0.15524    1.00000
               <.0001     <.0001     <.0001     <.0001     <.0001     <.0001     <.0001     <.0001     <.0001           
