1                                                          The SAS System                         21:37 Thursday, September 12, 2013

NOTE: Copyright (c) 2002-2010 by SAS Institute Inc., Cary, NC, USA. 
NOTE: SAS (r) Proprietary Software 9.3 (TS1M0) 
      Licensed to UNIVERSITY OF CALIFORNIA SYSTEM-SFA-T&R, Site 70081487.
NOTE: This session is executing on the Linux 3.2.0-38-generic (LIN X64) platform.



You are running SAS 9. Some SAS 8 files will be automatically converted 
by the V9 engine; others are incompatible.  Please see 
http://support.sas.com/rnd/migration/planning/platform/64bit.html

PROC MIGRATE will preserve current SAS file attributes and is 
recommended for converting all your SAS libraries from any 
SAS 8 release to SAS 9.  For details and examples, please see
http://support.sas.com/rnd/migration/index.html


This message is contained in the SAS news file, and is presented upon
initialization.  Edit the file "news" in the "misc/base" directory to
display site-specific news and information in the program log.
The command line option "-nonews" will prevent this display.




NOTE: SAS initialization used:
      real time           0.07 seconds
      cpu time            0.04 seconds
      
1          * read;
2          options linesize = 120 nocenter;
3          
4          libname cps '/var/tmp/';
NOTE: Libref CPS was successfully assigned as follows: 
      Engine:        V9 
      Physical Name: /var/tmp
5          
6          
7          data cps.extract2012;
8          
9          infile "/var/tmp/march2012.raw" lrecl=1016;
10         
11         /* length statement */
12         
13         length
14         numfam state
15         famkind famtype povstat povll numperf
16         age race sex  higrad ethnic
17         hrswkly hourslw marstat  classly
18         ftptr esr weeksu mover ernsrc
19         alloc_e alloc_v 3;
20         
21         
22         
23         * start of loop;
24         
25         retain hhnum;
26         
2 The SAS System                                                                      21:37 Thursday, September 12, 2013

27         
28         
29         input type 7-8 @;
30         
31         nexthh3:;
32         
33          if type ne 0 then do;
34           if 41<=type<=79 then go to nextper3;
35           else if 1<=type<=39 then go to nextfam3;
36           else do;
37            put 'attempt to read hh rec failed at _n_ =' _n_ ' type=' type;
38            abort;
39           end;
40          end;
41         
42          else do;
43             *read household record;
44         
45           input
46               hhseq 2-6
47               numperhh 21-22
48               numfam 23-24
49               hhtype 25   /*0=nonint 1=HWprimary 2=HW AF  3=Mprim 4=Fprim */
50               livqrt 31-32   /*01=house/apt, 5-6=mobile home */
51               htenure 35  /*1=own  2=rent 3=no cash rent */
52               state 40-41
53               cbsa 44-48
54               county 49-51
55               cbsa_size 55  /* 0=nonmet 2-7 = city size */
56               numperlt15 60-61  /*number persons under 15 */
57               foodstamps 76    /*=1 if anyone got FS*/
58               numkidsfs  77   /*number of kids covered by FS*/
59               nummonthsfs 79-80   /*number months FS last year 0-12*/
60               valuefs    387-391 ;  /*value FS  -- moved in 2010 */
61         
62           hhnum+1;
63         
64           do ifam=1 to numfam;
65            input type 7-8 @;
66         
67            nextfam3:;
68             if type<1 or type>39 then do;
69              if type=0 then go to nexthh3;
70              else if (41<=type<=79) then go to nextper3;
71              else do;
72               put 'attempt to read fam rec at _n_=' _n_ ' type= ' type;
73               abort;
74              end;
75             end;
76         
77         
78         
79             *Read family record;
80             else input
81                      hh_fam_id $ 2-8
82                      famkind 9   /*1=hw 2=male hd 3=fem hd*/
83                      famtype 10  /*1=prim 2=nonfam 3=rel subfam 4=unrelsub 5=ind */
84                      numperf 11-12
3 The SAS System                                                                      21:37 Thursday, September 12, 2013

85                      ownkidsu6 25
86                      ownkidsu18 27  /*own never married kids under 18*/
87                      povcut 32-36
88                      povstat 37  /*1=poor 2=100-124 3=125-150 4=150+ */
89                      povll   38-39 /* detailed ratio faminc-povline 01..14 */
90                      famwagesal 48-54   /*family wage-salary*/
91                      faminc  205-212
92                      famfs   243-246 /*imputed family value FS*/
93                      famlunch 247-250 /*imputed family school lunch*/
94                      fammcare 251-255 /*imputed value medicare*/
95                      fammcaid 256-260 /*imputed value medicaid*/
96                      famhip   272-278 /*total family health insurance payments*/
97                      fampocket 279-285 /*total family out of pocket*/
98                      famotc    286-291 ; /*total family over the counter*/
99         
100        	   famnum=type;
101        
102        
103            do ip=1 to numperf;     /* loop over persons in family */
104             input type 7-8 @;
105        
106             nextper3:;
107              if type<41 then do;
108               if type=0 then go to nexthh3;
109               else if type <41 then do;
110                ifam=ifam+1;
111                go to nextfam3;
112               end;
113              end;
114        
115              else do;                  /*valid p-record, so continue input*/
116        
117                      /***********positions changed in 2012 ?? ***************/
118               input      relhead 15-16 /*1=ref 2=lone ref 3=H 4=W 5=child...*/
119                          age 19-20
120                          marstat 21 /*1,2=married, sp pres; 7=never*/
121                          sex 24
122                          higrad 25-26
123                          race 27-28  /*expanded race code*/
124                          ethnic  32  /*1=mex ..5=oth span 0=not */
125                          famrel  36 /*fam rel 1=ref 2=spouse 3-5 =kids ...*/
126                          hhdfxm 41-42  /*detailed household/family status -- NEW */
127                          cob  84-86
128                          momcob 87-89
129                          dadcob 90-92
130                          immyr  93-94
131                          citizen 95
132        
133                          weight 139-146   /* basic cps weight, 2 decimal implied*/
134                          psupwgt 155-162 /*weight for march cps*/
135                          hourslw 163-164
136        
137                          ogrflag 183
138                          uhrswk 184-185 /*ogr usual hours on main job*/
139                          paidhr  186    /*ogr paid hr */
140                          hrpay  187-190 /*ogr hrly pay*/
141                          wkpay  191-194 /*usual earns wk*/
142        
4 The SAS System                                                                      21:37 Thursday, September 12, 2013

143                          enroll 197   /*enrolled last week 16-24 ONLY*/
144                          esr  200     /*1,2=work  3-4=u   7=nilf  */
145                          weeksu  255-256  /*weeks unemployed*/
146                          weeksly 258-259
147                          numjobs 267   /*number employers LY 1-3, 3=3+ */
148                          hrswkly 268-269
149                          ftptr   277  /*1=ftfy,2=ptfy,3=ftpy,4=ptpy,5=nonwk*/
150        
151                          occ2ly  283-284  /*2 digit occ longest job*/
152                          occ1ly  285-286
153                          ind2ly  287-288
154                          ind1ly  289-290
155                          classly 291  /*1=priv 2=fed 3=st 4=loc 5-6=self 7=nopay*/
156        
157                          mover   323   /*0=nonmover 1=cbsa 2=other 3=abroad 4=ni*/
158                          ernsrc  353     /*earns source 1=ws 2-self 3-farm 4=nopay*/
159                          ernval  355-361  /* earns from longest job*/
160        
161                          wagesal 364-370
162                          selfinc 380-386
163                          farminc 395-401
164                          uiamount 411-415
165                          wcamount 418-422
166                          ssamount 424-428
167                          sdiamount 433-437
168                          welfare 445-449
169                          disability 500-505
170                          income  580-587
171                          totearn 588-595
172                          mcare 629
173                          mcaid 636
174                          hins_priv 642     /*any private ins*/
175                          hins_emp  644     /*current past employer or union*/
176                          health  691   /*health status 1=exc 5=poor*/
177                          eitc         736-739
178                          tax_income   765-771
179                          fedtax    772-777
180                          statetax  784-789
181        
182                          alloc_v 941  /*alloc for earnings longest job*/
183                          alloc_e 944 ;  /*alloc for total wagesal */
184        
185        
186               length imm hispanic dropout hs somecoll ba collplus white black asian 3;
187               imm=(citizen in (4,5));
188               hispanic=(ethnic>0);
189               white=(race=1);
190               black=(race=2);
191               asian=(race=4);
192               dropout=(higrad<=38);
193               hs=(higrad=39);
194               somecoll=(40<=higrad<=42);
195               ba=(higrad=43);
196               collplus=(higrad>=43);
197               maplus=(higrad>=44);
198               phd=(higrad>=45);
199               educ=0*(higrad<=31)+3*(higrad=32)+6*(higrad=33)+8*(higrad=34)
200        		+ 9*(higrad=35)+10*(higrad=36)+11*(higrad in (37,38))
5 The SAS System                                                                      21:37 Thursday, September 12, 2013

201        	        + 12*(higrad=39)+13*(higrad=40)+14*(higrad in (41,42))
202        		+ 16*(higrad=43)+18*(higrad=44)+20*(higrad>=45);
203        
204               annhrs=hrswkly*weeksly;
205               if annhrs>0 then do;
206        	earnwk=wagesal/weeksly;
207          	earnhr=wagesal/annhrs;
208        	end;
209               else do;
210        	earnwk=.;
211        	earnhr=.;
212        	end;
213        
214               *OGR items;
215               *set to missing if not in OGR or if weekly pay/weekly hours missing;
216        
217               if ogrflag=1 and wkpay>0 and uhrswk>0 then do;
218                 if paidhr=1 and hrpay>0 then wage_ogr=hrpay/100;
219                  else wage_ogr=wkpay/uhrswk;
220               end;
221        
222               else do;
223                paidhr=.;
224                wage_ogr=.;
225                hrpay=.;
226                wkpay=.;
227                uhrswk=.;
228                end;
229        
230        
231        
232        
233               if age>=16 then output;
234        
235        
236              end; /* end of p-record input */
237            end;  /* end of person loop*/
238          end;  /* end of family loop*/
239         end;  /* end of household loop */
240        
241        
242        
243        run;

NOTE: The infile "/var/tmp/march2012.raw" is:
      Filename=/var/tmp/march2012.raw,
      Owner Name=card,Group Name=regfac,
      Access Permission=rw-r--r--,
      Last Modified=Tue Sep  3 15:56:35 2013,
      File Size (bytes)=420139363

NOTE: 384391 records were read from the infile "/var/tmp/march2012.raw".
      The minimum record length was 1016.
      The maximum record length was 1016.
      One or more lines were truncated.
NOTE: The data set CPS.EXTRACT2012 has 151337 observations and 114 variables.
NOTE: DATA statement used (Total process time):
      real time           3.56 seconds
6 The SAS System                                                                      21:37 Thursday, September 12, 2013

      cpu time            2.96 seconds
      

244        
245        proc freq;
246        tables age higrad race ethnic
247               citizen immyr
248                hhdfxm*famrel higrad*educ
249                hrswkly weeksly;
250        
251        

NOTE: There were 151337 observations read from the data set CPS.EXTRACT2012.
NOTE: The PROCEDURE FREQ printed pages 1-16.
NOTE: PROCEDURE FREQ used (Total process time):
      real time           0.28 seconds
      cpu time            0.28 seconds
      

252        proc means;
253        

NOTE: There were 151337 observations read from the data set CPS.EXTRACT2012.
NOTE: The PROCEDURE MEANS printed pages 17-19.
NOTE: PROCEDURE MEANS used (Total process time):
      real time           0.25 seconds
      cpu time            0.96 seconds
      

254        proc corr;
255        var wage_ogr wkpay wagesal totearn income tax_income educ annhrs;
256        
257        

NOTE: The PROCEDURE CORR printed page 20.
NOTE: PROCEDURE CORR used (Total process time):
      real time           0.14 seconds
      cpu time            0.14 seconds
      

258        proc corr;
259        where (wagesal>0);
260        var wage_ogr wkpay earnwk ernval wagesal totearn income tax_income educ annhrs;
261        

NOTE: The PROCEDURE CORR printed pages 21-22.
NOTE: PROCEDURE CORR used (Total process time):
      real time           0.19 seconds
      cpu time            0.19 seconds
      

262        proc corr;
263        where (wagesal>0 and wkpay>0);
264        var wage_ogr wkpay earnwk ernval wagesal totearn income tax_income educ annhrs;
265        
266        
267        
NOTE: The PROCEDURE CORR printed page 23.
7 The SAS System                                                                      21:37 Thursday, September 12, 2013

NOTE: PROCEDURE CORR used (Total process time):
      real time           0.12 seconds
      cpu time            0.11 seconds
      

NOTE: SAS Institute Inc., SAS Campus Drive, Cary, NC USA 27513-2414
NOTE: The SAS System used:
      real time           4.66 seconds
      cpu time            4.70 seconds
      
