-----------------------------------------------------------------------------------------------------
      name:  <unnamed>
       log:  /accounts/fac/card/gradlab/data/ps2r/CHECK_cps2012.log
  log type:  text
 opened on:   3 Sep 2013, 22:30:59

. use cps2012

. desc

Contains data from cps2012.dta
  obs:       130,964                          
 vars:            54                          
 size:    11,786,760                          
-----------------------------------------------------------------------------------------------------
              storage  display     value
variable name   type   format      label      variable label
-----------------------------------------------------------------------------------------------------
state           byte   %8.0g                  
age             byte   %8.0g                  
race            byte   %8.0g                  
higrad          byte   %8.0g                  
ethnic          byte   %8.0g                  
hrswkly         byte   %8.0g                  
classly         byte   %8.0g                  
mover           byte   %8.0g                  
cbsa_size       byte   %8.0g                  
psupwgt         float  %9.0g                  
wkpay           int    %8.0g                  
weeksly         byte   %8.0g                  
numjobs         byte   %8.0g                  
occ1ly          byte   %8.0g                  
ind1ly          byte   %8.0g                  
wagesal         long   %12.0g                 
selfinc         long   %12.0g                 
farminc         long   %12.0g                 
health          byte   %8.0g                  
imm             byte   %8.0g                  
hispanic        byte   %8.0g                  
collplus        byte   %8.0g                  
white           byte   %8.0g                  
black           byte   %8.0g                  
asian           byte   %8.0g                  
maplus          byte   %8.0g                  
phd             byte   %8.0g                  
educ            byte   %8.0g                  
annhrs          int    %8.0g                  
earnwk          float  %9.0g                  
wage_ogr        float  %9.0g                  
gen2            byte   %8.0g                  
workly          byte   %8.0g                  
alloc_ws        byte   %8.0g                  
wage            float  %9.0g                  
twage           float  %9.0g                  
trim            byte   %8.0g                  
trimmed         byte   %8.0g                  
logwage         float  %9.0g                  
female          byte   %8.0g                  
exp             byte   %8.0g                  
exp2            int    %8.0g                  
exp3            long   %12.0g                 
famearn         long   %12.0g                 
fedwkr          byte   %8.0g                  
statewkr        byte   %8.0g                  
localwkr        byte   %8.0g                  
selfemp         byte   %8.0g                  
cbsa1           byte   %8.0g                  
cbsa2           byte   %8.0g                  
cbsa3           byte   %8.0g                  
cbsa4           byte   %8.0g                  
cbsa5           byte   %8.0g                  
cbsa6           byte   %8.0g                  
-----------------------------------------------------------------------------------------------------
Sorted by:  

. summ if female==0

    Variable |       Obs        Mean    Std. Dev.       Min        Max
-------------+--------------------------------------------------------
       state |     62968    55.35893    26.61028         11         95
         age |     62968    42.36736    14.29391         18         70
        race |     62968    1.481403    1.344654          1         20
      higrad |     62968    40.21911    2.731335         31         46
      ethnic |     62968    .3358849    .9336802          0          5
-------------+--------------------------------------------------------
     hrswkly |     62968    32.73563    19.79989          0         99
     classly |     62968    1.433744    1.594791          0          7
       mover |     62968    .1338299    .4277526          0          4
   cbsa_size |     62968     3.72432    2.560499          0          7
     psupwgt |     62968    1.011629    .6413845    .055231   6.435876
-------------+--------------------------------------------------------
       wkpay |      6283    1000.381    678.4347          1       2885
     weeksly |     62968    37.16712    21.74491          0         52
     numjobs |     62968    .8827817    .5672606          0          3
      occ1ly |     62968    15.52462    7.864001          1         24
      ind1ly |     62968    8.779825    4.394106          1         15
-------------+--------------------------------------------------------
     wagesal |     62968    40061.88    64778.58          0    1199999
     selfinc |     62968     2421.06    19389.28      -9999    1099999
     farminc |     62968    379.7215    7106.966     -12000     500000
      health |     62968    2.223892    1.056607          1          5
         imm |     62968    .1721668    .3775284          0          1
-------------+--------------------------------------------------------
    hispanic |     62968    .1727068    .3779966          0          1
    collplus |     62968    .2830327    .4504757          0          1
       white |     62968    .7919261    .4059332          0          1
       black |     62968    .1105323    .3135546          0          1
       asian |     62968    .0597288    .2369855          0          1
-------------+--------------------------------------------------------
      maplus |     62968    .1000508    .3000701          0          1
         phd |     62968    .0334773    .1798808          0          1
        educ |     62968    13.35313    2.886759          0         20
      annhrs |     62968    1570.975    1049.358          0       5148
      earnwk |     49684    1049.856    1515.614          0      98000
-------------+--------------------------------------------------------
    wage_ogr |      6283    23.46584    21.07401        .02       1154
        gen2 |     62968    .0808824    .2726565          0          1
      workly |     62968    .7890357    .4079963          0          1
    alloc_ws |     62968    .1563016    .3631439          0          1
        wage |     49684    25.30217    45.99271          0       3000
-------------+--------------------------------------------------------
       twage |     49684     24.9844    30.43072          4        400
        trim |     49684    .0910353    .2945078          0          2
     trimmed |     62968    .0702579    .2555832          0          1
     logwage |     49684    2.869411    .8097065   1.386294   5.991465
      female |     62968           0           0          0          0
-------------+--------------------------------------------------------
         exp |     62968     24.0151    14.30735          0         65
        exp2 |     62968    781.4221    741.1176          0       4225
        exp3 |     62968    28970.09       36210          0     274625
     famearn |     62968    66701.36    83545.93          0    2099999
      fedwkr |     62968    .0324451    .1771803          0          1
-------------+--------------------------------------------------------
    statewkr |     62968    .0286971    .1669552          0          1
    localwkr |     62968    .0442288    .2056047          0          1
     selfemp |     62968     .090808    .2873382          0          1
       cbsa1 |     62968    .0779444    .2680861          0          1
       cbsa2 |     62968    .0876953    .2828536          0          1
-------------+--------------------------------------------------------
       cbsa3 |     62968    .1031317    .3041333          0          1
       cbsa4 |     62968    .1575562    .3643273          0          1
       cbsa5 |     62968    .1664496    .3724867          0          1
       cbsa6 |     62968    .1580485    .3647894          0          1

. summ if female==1

    Variable |       Obs        Mean    Std. Dev.       Min        Max
-------------+--------------------------------------------------------
       state |     67996    55.01349    26.46916         11         95
         age |     67996    42.37882    14.21275         18         70
        race |     67996    1.509398    1.352352          1         21
      higrad |     67996    40.38255    2.660955         31         46
      ethnic |     67996    .3405789    .9518203          0          5
-------------+--------------------------------------------------------
     hrswkly |     67996    24.61423     19.3298          0         99
     classly |     67996    1.209203    1.471044          0          7
       mover |     67996    .1332873     .422108          0          4
   cbsa_size |     67996    3.749294    2.553924          0          7
     psupwgt |     67996    .9745072    .6030072   .0663605   5.000106
-------------+--------------------------------------------------------
       wkpay |      6263    733.7027    537.5697          1       2885
     weeksly |     67996    31.41369    23.81226          0         52
     numjobs |     67996     .758677    .5998643          0          3
      occ1ly |     67996    15.69342    7.449732          1         24
      ind1ly |     67996     10.7384    3.658752          1         15
-------------+--------------------------------------------------------
     wagesal |     67996    22902.72    38850.11          0    1099999
     selfinc |     67996    938.7296    10734.21      -9999    1099999
     farminc |     67996    36.11248    1179.468      -9999     100101
      health |     67996    2.271663    1.069893          1          5
         imm |     67996    .1699512    .3755927          0          1
-------------+--------------------------------------------------------
    hispanic |     67996    .1688629    .3746335          0          1
    collplus |     67996    .2999441    .4582365          0          1
       white |     67996    .7705453    .4204852          0          1
       black |     67996    .1288164    .3349991          0          1
       asian |     67996    .0628713    .2427332          0          1
-------------+--------------------------------------------------------
      maplus |     67996    .1006824    .3009099          0          1
         phd |     67996    .0212071    .1440753          0          1
        educ |     67996    13.48503    2.800517          0         20
      annhrs |     67996    1164.996    997.4638          0       5148
      earnwk |     46317    703.7857     884.708          0      45000
-------------+--------------------------------------------------------
    wage_ogr |      6263    19.12475    13.20332        .04        260
        gen2 |     67996    .0766369    .2660163          0          1
      workly |     67996    .6811724    .4660255          0          1
    alloc_ws |     67996    .1260368    .3318933          0          1
        wage |     46317    19.47971    30.61868          0       2000
-------------+--------------------------------------------------------
       twage |     46317    19.45935    22.23555          4        400
        trim |     46317    .0799275      .27435          0          2
     trimmed |     67996    .0538561    .2257352          0          1
     logwage |     46317    2.681331    .7226205   1.386294   5.991465
      female |     67996           1           0          1          1
-------------+--------------------------------------------------------
         exp |     67996    23.89468    14.45291          0         65
        exp2 |     67996    779.8394    755.0489          0       4225
        exp3 |     67996    29130.91    37254.27          0     274625
     famearn |     67996    60853.68    79907.61          0    2099999
      fedwkr |     67996    .0191335    .1369951          0          1
-------------+--------------------------------------------------------
    statewkr |     67996     .040973    .1982291          0          1
    localwkr |     67996    .0639449    .2446566          0          1
     selfemp |     67996    .0485176    .2148588          0          1
       cbsa1 |     67996    .0788282    .2694724          0          1
       cbsa2 |     67996    .0872551    .2822106          0          1
-------------+--------------------------------------------------------
       cbsa3 |     67996    .1033002    .3043528          0          1
       cbsa4 |     67996     .158877     .365564          0          1
       cbsa5 |     67996     .166951    .3729349          0          1
       cbsa6 |     67996    .1600829    .3666857          0          1

.  reg logwage educ exp exp2 exp3 if female==0

      Source |       SS       df       MS              Number of obs =   49684
-------------+------------------------------           F(  4, 49679) = 2931.89
       Model |  6220.93256     4  1555.23314           Prob > F      =  0.0000
    Residual |  26352.4659 49679  .530454838           R-squared     =  0.1910
-------------+------------------------------           Adj R-squared =  0.1909
       Total |  32573.3984 49683  .655624629           Root MSE      =  .72832

------------------------------------------------------------------------------
     logwage |      Coef.   Std. Err.      t    P>|t|     [95% Conf. Interval]
-------------+----------------------------------------------------------------
        educ |   .1055153   .0011516    91.62   0.000     .1032581    .1077725
         exp |   .0740451   .0022749    32.55   0.000     .0695863    .0785038
        exp2 |  -.0022053   .0001032   -21.37   0.000    -.0024076   -.0020031
        exp3 |   .0000196   1.35e-06    14.52   0.000      .000017    .0000223
       _cons |   .7950104   .0208656    38.10   0.000     .7541135    .8359072
------------------------------------------------------------------------------

.  reg logwage educ exp exp2 exp3 if female==1

      Source |       SS       df       MS              Number of obs =   46317
-------------+------------------------------           F(  4, 46312) = 2726.17
       Model |  4609.37686     4  1152.34421           Prob > F      =  0.0000
    Residual |  19575.9273 46312  .422696651           R-squared     =  0.1906
-------------+------------------------------           Adj R-squared =  0.1905
       Total |  24185.3042 46316   .52218033           Root MSE      =  .65015

------------------------------------------------------------------------------
     logwage |      Coef.   Std. Err.      t    P>|t|     [95% Conf. Interval]
-------------+----------------------------------------------------------------
        educ |   .1100107   .0011684    94.16   0.000     .1077207    .1123007
         exp |   .0533535   .0020066    26.59   0.000     .0494206    .0572864
        exp2 |  -.0017256   .0000925   -18.65   0.000     -.001907   -.0015442
        exp3 |   .0000176   1.22e-06    14.46   0.000     .0000153      .00002
       _cons |   .7102951   .0200326    35.46   0.000      .671031    .7495593
------------------------------------------------------------------------------

.  reg logwage educ exp exp2 exp3 cbsa1-cbsa6 if female==0

      Source |       SS       df       MS              Number of obs =   49684
-------------+------------------------------           F( 10, 49673) = 1220.34
       Model |  6424.20309    10  642.420309           Prob > F      =  0.0000
    Residual |  26149.1953 49673  .526426738           R-squared     =  0.1972
-------------+------------------------------           Adj R-squared =  0.1971
       Total |  32573.3984 49683  .655624629           Root MSE      =  .72555

------------------------------------------------------------------------------
     logwage |      Coef.   Std. Err.      t    P>|t|     [95% Conf. Interval]
-------------+----------------------------------------------------------------
        educ |   .1036147   .0011527    89.89   0.000     .1013554    .1058741
         exp |   .0734812   .0022666    32.42   0.000     .0690386    .0779238
        exp2 |  -.0021789   .0001028   -21.19   0.000    -.0023804   -.0019774
        exp3 |   .0000193   1.35e-06    14.37   0.000     .0000167     .000022
       cbsa1 |   .0343806   .0133118     2.58   0.010     .0082892    .0604719
       cbsa2 |   .0676012    .012865     5.25   0.000     .0423857    .0928166
       cbsa3 |   .0814254    .012058     6.75   0.000     .0577915    .1050593
       cbsa4 |   .0990048   .0104915     9.44   0.000     .0784413    .1195682
       cbsa5 |   .1800952   .0103189    17.45   0.000       .15987    .2003205
       cbsa6 |   .1440142   .0105255    13.68   0.000     .1233841    .1646443
       _cons |   .7366746   .0212681    34.64   0.000     .6949889    .7783603
------------------------------------------------------------------------------

.  reg logwage educ exp exp2 exp3 cbsa1-cbsa6 if female==1

      Source |       SS       df       MS              Number of obs =   46317
-------------+------------------------------           F( 10, 46306) = 1174.61
       Model |  4893.57508    10  489.357508           Prob > F      =  0.0000
    Residual |  19291.7291 46306  .416614026           R-squared     =  0.2023
-------------+------------------------------           Adj R-squared =  0.2022
       Total |  24185.3042 46316   .52218033           Root MSE      =  .64546

------------------------------------------------------------------------------
     logwage |      Coef.   Std. Err.      t    P>|t|     [95% Conf. Interval]
-------------+----------------------------------------------------------------
        educ |   .1080671   .0011637    92.86   0.000     .1057862     .110348
         exp |   .0527129   .0019924    26.46   0.000     .0488078     .056618
        exp2 |   -.001692   .0000919   -18.41   0.000    -.0018721   -.0015119
        exp3 |   .0000172   1.21e-06    14.22   0.000     .0000149    .0000196
       cbsa1 |   .0616051   .0120894     5.10   0.000     .0379096    .0853005
       cbsa2 |   .0774908   .0118496     6.54   0.000     .0542653    .1007163
       cbsa3 |    .101781   .0111739     9.11   0.000     .0798799    .1236821
       cbsa4 |   .1397786   .0096077    14.55   0.000     .1209473    .1586098
       cbsa5 |   .2160016   .0094974    22.74   0.000     .1973866    .2346166
       cbsa6 |   .1838937   .0097602    18.84   0.000     .1647636    .2030238
       _cons |   .6298376   .0203909    30.89   0.000     .5898712     .669804
------------------------------------------------------------------------------

. exit, clear
