c10_zmath	wgt10_math	sat	constant	c08_zlang	c08_zmath	feeder_school	m_id_pairs
-1.5837266445159912	1.0	0	1	-1.2939051389694214	-0.791665256023407	0	7
-0.1750829517841339	1.0	0	1	0.3860589861869812	-0.27411967515945435	0	7
1.1674699783325195	0.5	0	1	0.545198917388916	-1.006974697113037	0	7
0.10144013166427612	0.5	0	1	-1.6338273286819458	-0.9681729078292847	0	7
0.31530633568763733	1.0	0	1	-0.4054504334926605	-1.4019933938980103	0	7
-0.051826223731040955	1.0	0	1	-0.24555842578411102	0.5105927586555481	0	7
-0.4094035029411316	0.5	0	1	0.06896096467971802	1.1558575630187988	0	7
1.515442132949829	1.0	1	1	-2.2948384284973145	-1.3169745206832886	1	16
0.9136738181114197	1.0	1	1	-1.3899908065795898	-1.3169745206832886	1	16
1.4905916452407837	1.0	1	1	1.7209129333496094	-1.006974697113037	1	16
-0.15360011160373688	0.5	1	1	-0.011714157648384571	-0.031106479465961456	1	16
-0.4094035029411316	0.5	1	1	-0.852617084980011	-1.635053277015686	1	16
0.5883457064628601	1.0	1	1	1.0263947248458862	0.11023236066102982	1	16
0.19397391378879547	1.0	1	1	-0.08822963386774063	0.5105927586555481	2	53
-0.24888770282268524	1.0	1	1	-0.5065860152244568	-1.2528576850891113	2	53
1.1674699783325195	0.5	1	1	-0.24555842578411102	0.6025957465171814	2	53
0.8889395594596863	0.5	1	1	-0.24555842578411102	0.2403569370508194	2	53
0.5536248087882996	1.0	1	1	-0.08822963386774063	-0.16600877046585083	2	53
2.701261520385742	1.0	1	1	0.3671334981918335	1.1954058408737183	2	53
0.8009843230247498	0.5	0	1	-0.20608042180538177	-1.4737908840179443	3	23
1.3726269006729126	0.5	0	1	0.6422362327575684	-0.0134059377014637	3	23
0.43511253595352173	1.0	0	1	0.545198917388916	1.1204067468643188	3	23
-0.15360011160373688	0.5	0	1	0.7044156193733215	-0.434668630361557	3	23
-0.6814807057380676	1.0	0	1	0.04598328098654747	-1.635053277015686	3	23
-0.8190206289291382	1.0	0	1	-0.6873989105224609	-0.9883949756622314	3	23
1.1458377838134766	1.0	0	1	-0.08822963386774063	0.5105927586555481	3	23
0.6714237332344055	1.0	0	1	0.9306313991546631	1.395387053489685	3	23
-0.5498631000518799	1.0	0	1	-0.5706073045730591	-1.1607719659805298	3	23
-0.15360011160373688	0.5	0	1	-0.5438997745513916	-1.635053277015686	3	23
1.1674699783325195	0.5	0	1	-1.1987711191177368	-1.3500697612762451	3	23
0.6714237332344055	1.0	0	1	0.3731043338775635	0.534945547580719	3	23
0.07138076424598694	1.0	0	1	0.06896096467971802	-0.434668630361557	3	23
-0.29843923449516296	1.0	0	1	0.06896096467971802	-0.223771870136261	3	23
-0.1750829517841339	1.0	0	1	-0.24555842578411102	0.2403569370508194	3	23
-0.6814807057380676	1.0	0	1	-1.7045714855194092	-0.4437428116798401	3	23
-0.4228074550628662	1.0	1	1	-0.5706073045730591	-1.5722137689590454	4	38
0.5536248087882996	1.0	1	1	-0.9214580059051514	-1.637906551361084	4	38
0.43511253595352173	1.0	1	1	-0.9214580059051514	0.2574104964733124	4	38
-0.6814807057380676	1.0	1	1	-0.33576536178588867	-1.6229432821273804	4	38
-0.1750829517841339	1.0	0	1	0.022606531158089638	-1.0306307077407837	5	42
0.8889395594596863	0.5	0	1	1.0042612552642822	1.1179018020629883	5	42
-0.4228074550628662	1.0	0	1	-1.2939051389694214	-0.9291553497314453	5	42
0.5536248087882996	1.0	0	1	0.836679220199585	-0.06458323448896408	5	42
-0.8190206289291382	1.0	0	1	0.12322019040584564	-0.7536098957061768	5	42
-0.6699015498161316	0.5	0	1	0.3860589861869812	-0.16600877046585083	5	42
0.07138076424598694	1.0	0	1	0.864415168762207	0.1586889922618866	5	42
-2.4496092796325684	1.0	0	1	-0.08822963386774063	-1.2749212980270386	5	42
-0.4228074550628662	1.0	0	1	0.15000446140766144	-0.031106479465961456	5	42
-0.29843923449516296	1.0	0	1	-1.4864448308944702	-0.9372177124023438	5	42
-2.330350637435913	0.5	0	1	-0.4866167902946472	-1.5500507354736328	5	42
1.6433271169662476	1.0	0	1	0.312659353017807	0.6452462077140808	5	42
1.6433271169662476	1.0	1	1	0.3860589861869812	0.7803641557693481	6	45
2.677124500274658	1.0	1	1	-0.08822963386774063	1.1954058408737183	6	45
2.394728660583496	0.5	1	1	2.6522839069366455	2.4171903133392334	6	45
1.515442132949829	1.0	1	1	0.3860589861869812	1.1954058408737183	6	45
1.0260149240493774	1.0	1	1	0.7044156193733215	0.9166764616966248	6	45
1.5863769054412842	1.0	1	1	0.18833127617835999	0.7803641557693481	6	45
0.3586867153644562	0.5	1	1	-0.17298763990402222	0.16686740517616272	7	36
-0.4094035029411316	0.5	1	1	-0.5706073045730591	-1.1607719659805298	7	36
1.4579112529754639	0.5	1	1	0.864415168762207	-0.30019769072532654	7	36
2.300851345062256	1.0	1	1	2.5094752311706543	1.9475208520889282	8	43
1.1674699783325195	0.5	1	1	-0.8576209545135498	-0.8568768501281738	8	43
-0.8190206289291382	1.0	1	1	-0.4054504334926605	-0.5711800456047058	8	43
-0.9382296204566956	0.5	1	1	0.545198917388916	2.260340690612793	8	43
1.515442132949829	1.0	1	1	-0.24555842578411102	-0.20132684707641602	8	43
1.1674699783325195	0.5	1	1	-0.011714157648384571	-0.16600877046585083	8	43
2.038395643234253	1.0	1	1	1.9108892679214478	1.637089729309082	8	43
0.07138076424598694	1.0	1	1	-1.2578808069229126	-0.5711800456047058	8	43
-1.5837266445159912	1.0	1	1	-0.4054504334926605	-0.21232539415359497	9	22
-0.6699015498161316	0.5	1	1	-0.4677065908908844	1.339017391204834	9	22
-0.1750829517841339	1.0	1	1	-0.5029022097587585	1.637089729309082	9	22
-0.4822792410850525	1.0	1	1	-0.33576536178588867	-1.0210587978363037	9	22
0.43511253595352173	1.0	1	1	0.22710321843624115	1.1954058408737183	9	22
1.4579112529754639	0.5	1	1	0.972273588180542	1.7912850379943848	10	13
1.4579112529754639	0.5	1	1	0.5389978885650635	1.363171100616455	10	13
0.6203460097312927	0.5	1	1	1.1917511224746704	1.0073025226593018	10	13
1.0723316669464111	1.0	1	1	1.5860859155654907	0.1671162247657776	10	13
-0.4094035029411316	0.5	1	1	-0.17298763990402222	-0.6402568221092224	10	13
1.1674699783325195	0.5	1	1	1.9108892679214478	1.4564348459243774	10	13
0.5536248087882996	1.0	1	1	-0.08822963386774063	0.6054987907409668	10	13
0.8889395594596863	0.5	1	1	-0.21533599495887756	0.10452568531036377	10	13
1.515442132949829	1.0	0	1	0.7044156193733215	1.1224305629730225	11	43
-1.1119999885559082	1.0	0	1	-1.2939051389694214	-0.7234178185462952	11	43
1.7599648237228394	0.5	0	1	-0.08822963386774063	0.5754892230033875	11	43
1.4177988767623901	1.0	1	1	-0.7426712512969971	-0.949410617351532	12	19
1.7096502780914307	1.0	1	1	0.473410964012146	-0.2392992079257965	12	19
2.259129762649536	1.0	1	1	0.22710321843624115	-0.8297205567359924	12	19
-0.15360011160373688	0.5	1	1	-0.2567479610443115	-1.1700783967971802	12	19
0.7429226040840149	1.0	1	1	-0.5706073045730591	-0.5711800456047058	12	19
0.23484937846660614	1.0	1	1	1.0263947248458862	-0.6308343410491943	12	19
1.0704072713851929	1.0	1	1	0.22710321843624115	-0.0988396480679512	12	19
1.6461970806121826	1.0	1	1	1.11164391040802	0.41162243485450745	12	19
0.9964367151260376	1.0	1	1	-0.24555842578411102	-0.14742900431156158	13	50
0.13337408006191254	1.0	1	1	-1.2454326152801514	-1.7199229001998901	13	50
1.9056998491287231	1.0	1	1	-0.08822963386774063	-0.8568768501281738	13	50
2.0388436317443848	1.0	1	1	1.1917511224746704	1.637089729309082	13	50
1.9056998491287231	1.0	1	1	-0.37720808386802673	0.9166764616966248	13	50
0.5173777341842651	1.0	1	1	-0.21533599495887756	-0.031106479465961456	13	50
0.9913604259490967	1.0	1	1	-0.08822963386774063	-0.16600877046585083	14	33
0.12814852595329285	1.0	1	1	1.2391799688339233	-0.4881517291069031	14	33
2.2726995944976807	1.0	1	1	1.3618196249008179	1.6063004732131958	14	33
2.740527629852295	1.0	1	1	1.7209129333496094	2.1041712760925293	14	33
-0.6699015498161316	0.5	1	1	-0.7436075210571289	-0.9372177124023438	14	33
1.0975801944732666	1.0	1	1	0.7044156193733215	0.7803641557693481	14	33
0.15057694911956787	1.0	1	1	0.7263956069946289	1.1753995418548584	14	33
-1.497695803642273	0.5	1	1	-0.33576536178588867	-0.6162027716636658	14	33
-0.3691086173057556	1.0	1	1	-0.08822963386774063	1.7620716094970703	14	33
0.10144013166427612	0.5	1	1	-0.5029022097587585	-1.092789888381958	14	33
0.8889395594596863	0.5	1	1	-0.24555842578411102	0.6452462077140808	15	24
1.4579112529754639	0.5	1	1	-0.4054504334926605	0.3757568895816803	15	24
-0.15360011160373688	0.5	1	1	-1.1055865287780762	0.7803641557693481	15	24
1.2670375108718872	1.0	0	1	1.0263947248458862	0.7803641557693481	16	13
1.7736343145370483	1.0	0	1	0.864415168762207	0.40871936082839966	16	13
0.5536248087882996	1.0	0	1	1.1917511224746704	0.9166764616966248	16	13
-1.1119999885559082	1.0	0	1	-0.4054504334926605	-1.1607719659805298	16	13
1.3900951147079468	1.0	0	1	1.0263947248458862	1.1954058408737183	16	13
-0.051826223731040955	1.0	0	1	0.22710321843624115	-0.26353585720062256	16	13
2.394728660583496	0.5	0	1	0.864415168762207	1.486178994178772	16	13
0.7891231775283813	1.0	0	1	0.545198917388916	1.9140772819519043	16	13
-0.9382296204566956	0.5	0	1	-1.4864448308944702	-1.2937333583831787	16	13
1.2670375108718872	1.0	0	1	0.9678530693054199	1.7912850379943848	16	13
0.07138076424598694	1.0	0	1	0.7044156193733215	-0.5711800456047058	17	56
-0.8190206289291382	1.0	0	1	-0.33576536178588867	-0.5302382111549377	17	56
-1.2595763206481934	1.0	0	1	-2.0913853645324707	-0.5711800456047058	17	56
-0.8190206289291382	1.0	0	1	0.545198917388916	-0.5711800456047058	17	56
-0.5498631000518799	1.0	0	1	0.545198917388916	-0.8568768501281738	17	56
-2.330350637435913	0.5	0	1	0.15000446140766144	-1.0519144535064697	17	56
0.5138442516326904	1.0	0	1	0.545198917388916	-0.13848745822906494	17	56
-1.0666953325271606	1.0	0	1	0.22710321843624115	-0.8568768501281738	17	56
-1.2655483484268188	1.0	0	1	0.06896096467971802	-1.3169745206832886	17	56
2.5623779296875	1.0	1	1	0.9643381237983704	0.7820727825164795	18	6
1.7599648237228394	0.5	1	1	1.819884181022644	1.829174518585205	18	6
-2.4496092796325684	1.0	1	1	-0.5706073045730591	-1.7432637214660645	18	6
0.43511253595352173	1.0	1	1	0.4825897514820099	0.8080512881278992	18	6
-0.5082908868789673	1.0	1	1	-0.5706073045730591	-0.6844003796577454	18	6
-0.051826223731040955	1.0	1	1	-0.345834344625473	0.3424128592014313	18	6
2.300851345062256	1.0	1	1	1.877136468887329	1.0548301935195923	18	6
0.45744141936302185	1.0	1	1	0.715144693851471	1.004764437675476	18	6
-0.5498631000518799	1.0	1	1	-0.22818319499492645	-1.3169745206832886	19	21
-0.6814807057380676	1.0	1	1	-0.6716967225074768	-1.4257490634918213	19	21
-2.2726869583129883	1.0	1	1	-0.33576536178588867	-1.0251396894454956	19	21
0.43511253595352173	1.0	1	1	0.7044156193733215	-0.30019769072532654	20	35
1.4579112529754639	0.5	1	1	0.15000446140766144	-0.031106479465961456	20	35
-1.749252200126648	1.0	1	1	-0.5029022097587585	-1.1607719659805298	20	35
-1.0666953325271606	1.0	1	1	-1.4197680950164795	-0.16600877046585083	20	35
1.2670375108718872	1.0	1	1	-0.4054504334926605	-0.7555010318756104	21	31
0.6714237332344055	1.0	1	1	0.545198917388916	0.10452568531036377	21	31
0.9072040915489197	1.0	1	1	1.1917511224746704	-0.26101431250572205	21	31
1.6433271169662476	1.0	1	1	1.1917511224746704	1.486178994178772	21	31
0.6203460097312927	0.5	1	1	-0.5706073045730591	-0.8568768501281738	21	31
0.7891231775283813	1.0	1	1	0.3860589861869812	-0.16600877046585083	21	31
-0.9627814888954163	1.0	1	1	-1.2939051389694214	-0.6475726962089539	21	31
0.508519172668457	1.0	1	1	0.545198917388916	0.10452568531036377	21	31
1.515442132949829	1.0	1	1	-1.4864448308944702	0.10452568531036377	21	31
1.7864243984222412	1.0	1	1	0.4757900834083557	-0.5895772576332092	21	31
0.31530633568763733	1.0	1	1	-1.4864448308944702	-0.8012537360191345	22	7
0.3586867153644562	0.5	1	1	0.509788453578949	0.4473884403705597	22	7
2.394728660583496	0.5	1	1	0.06896096467971802	-0.11635766178369522	22	7
0.5536248087882996	1.0	1	1	0.22710321843624115	-0.033594854176044464	22	7
-0.29843923449516296	1.0	1	1	0.3895125091075897	-0.23644591867923737	22	7
1.2670375108718872	1.0	1	1	0.7044156193733215	1.1954058408737183	23	3
-0.9627814888954163	1.0	1	1	0.864415168762207	0.7110716104507446	23	3
1.0260149240493774	1.0	1	1	1.5378897190093994	1.4921178817749023	23	3
1.1458377838134766	1.0	1	1	1.1917511224746704	-0.16600877046585083	23	3
1.1458377838134766	1.0	0	1	1.3618196249008179	1.7912850379943848	24	2
-1.4227298498153687	1.0	0	1	0.06896096467971802	1.9496276378631592	24	2
0.3712446391582489	1.0	0	1	-0.7426712512969971	0.8518961668014526	24	2
-1.214935302734375	0.5	0	1	-0.5029022097587585	-0.688298761844635	24	2
-0.5498631000518799	1.0	0	1	-0.9214580059051514	-0.9567098617553711	25	22
-0.15360011160373688	0.5	0	1	0.614791989326477	0.28659066557884216	25	22
-0.9382296204566956	0.5	0	1	1.0574767589569092	0.2574270963668823	25	22
0.31530633568763733	1.0	0	1	0.8308312296867371	0.2792748808860779	25	22
0.3586867153644562	0.5	0	1	1.1202393770217896	0.30815646052360535	25	22
-0.2519069015979767	1.0	0	1	1.1333322525024414	0.2403569370508194	25	22
-1.0449138879776	0.5	0	1	0.8434789180755615	-0.6682260036468506	25	22
-0.7952816486358643	1.0	0	1	0.864415168762207	-0.031106479465961456	25	22
-0.15360011160373688	0.5	0	1	1.7209129333496094	0.6452462077140808	25	22
2.0721709728240967	0.5	0	1	2.419882297515869	1.486178994178772	25	22
0.5536248087882996	1.0	0	1	0.628253161907196	-0.16600877046585083	25	22
2.038395643234253	1.0	0	1	1.0263947248458862	1.0548301935195923	25	22
-0.4401761591434479	0.5	0	1	-0.24555842578411102	0.2403569370508194	25	22
1.0645347833633423	0.5	0	1	-0.19206663966178894	0.7803641557693481	25	22
-1.1027765274047852	0.5	0	1	-1.855468988418579	-1.7422020435333252	25	22
-1.0400201082229614	0.5	0	1	-0.17535141110420227	0.10452568531036377	25	22
0.43511253595352173	1.0	1	1	0.48045623302459717	0.5539234280586243	26	2
0.10144013166427612	0.5	1	1	-0.4054504334926605	-0.5711800456047058	26	2
-0.4228074550628662	1.0	1	1	-0.4054504334926605	-0.7115566730499268	26	2
-0.9382296204566956	0.5	1	1	0.545198917388916	-0.5711800456047058	26	2
-1.497695803642273	0.5	1	1	0.18616703152656555	-0.24956783652305603	26	2
1.7599648237228394	0.5	1	1	-1.097098469734192	-0.7115566730499268	26	2
0.10144013166427612	0.5	1	1	0.3860589861869812	0.10452568531036377	26	2
0.5536248087882996	1.0	1	1	0.15000446140766144	-0.1336435079574585	26	2
1.9056998491287231	1.0	1	1	0.9678530693054199	0.5951140522956848	26	2
0.07138076424598694	1.0	1	1	-0.36486735939979553	-1.5689293146133423	26	2
0.07138076424598694	1.0	1	1	0.312659353017807	0.21112701296806335	26	2
0.5536248087882996	1.0	0	1	0.46355682611465454	1.8245460987091064	27	39
1.3900951147079468	1.0	0	1	1.7209129333496094	1.9475208520889282	27	39
0.07138076424598694	1.0	0	1	1.5378897190093994	1.9475208520889282	27	39
0.6714237332344055	1.0	0	1	-0.08822963386774063	0.3757568895816803	27	39
1.2670375108718872	1.0	0	1	1.0263947248458862	1.9475208520889282	27	39
1.3900951147079468	1.0	0	1	1.7209129333496094	1.486178994178772	27	39
0.07138076424598694	1.0	0	1	1.1917511224746704	2.21506929397583	27	39
0.07138076424598694	1.0	0	1	1.7209129333496094	0.7517479658126831	27	39
1.515442132949829	1.0	0	1	1.7209129333496094	2.260340690612793	27	39
-0.4094035029411316	0.5	0	1	1.3618196249008179	1.018068790435791	27	39
0.43511253595352173	1.0	0	1	0.146320641040802	0.7156170010566711	27	39
-0.4228074550628662	1.0	0	1	-0.7426712512969971	-1.105082392692566	27	39
1.7599648237228394	0.5	0	1	1.1917511224746704	2.4171903133392334	27	39
1.7736343145370483	1.0	0	1	2.1064682006835938	1.990868091583252	27	39
1.3900951147079468	1.0	0	1	1.9108892679214478	1.1954058408737183	27	39
1.0260149240493774	1.0	0	1	0.6069639325141907	1.486178994178772	27	39
0.7891231775283813	1.0	0	1	1.7209129333496094	1.0548301935195923	27	39
1.6433271169662476	1.0	0	1	1.3618196249008179	1.637089729309082	27	39
-1.1119999885559082	1.0	0	1	1.0263947248458862	0.3757568895816803	27	39
0.9072040915489197	1.0	0	1	1.9108892679214478	2.260340690612793	27	39
-0.9627814888954163	1.0	0	1	0.31044909358024597	0.5105927586555481	27	39
0.5536248087882996	1.0	0	1	1.5378897190093994	1.486178994178772	27	39
0.6714237332344055	1.0	0	1	1.1403467655181885	1.339017391204834	27	39
1.3900951147079468	1.0	1	1	-0.24555842578411102	0.6452462077140808	28	56
2.300851345062256	1.0	1	1	0.545198917388916	0.5808640718460083	28	56
1.6433271169662476	1.0	1	1	-0.04271945729851723	0.6452462077140808	28	56
1.2670375108718872	1.0	1	1	1.1917511224746704	0.6950134038925171	28	56
0.10144013166427612	0.5	1	1	-0.4054504334926605	-0.6834381818771362	28	56
1.6433271169662476	1.0	1	1	-0.24555842578411102	1.0548301935195923	28	56
2.1703782081604004	1.0	1	1	0.2885919213294983	1.0548301935195923	28	56
3.0172998905181885	1.0	1	1	2.7218921184539795	2.937539577484131	28	56
-0.051826223731040955	1.0	1	1	1.3618196249008179	0.2403569370508194	28	56
0.7891231775283813	1.0	1	1	-0.24555842578411102	0.9000044465065002	28	56
0.6714237332344055	1.0	1	1	-0.9214580059051514	0.0856141746044159	28	56
0.7891231775283813	1.0	1	1	0.3860589861869812	0.2361101508140564	28	56
1.0752182006835938	1.0	1	1	0.3860589861869812	-0.031106479465961456	28	56
0.6203460097312927	0.5	1	1	0.3860589861869812	-0.30019769072532654	28	56
2.394728660583496	0.5	1	1	0.312659353017807	-0.16600877046585083	28	56
0.10144013166427612	0.5	1	1	0.22710321843624115	0.4907688498497009	28	56
2.1703782081604004	1.0	1	1	0.6024358868598938	1.3576966524124146	28	56
-1.2655483484268188	1.0	1	1	-1.683927059173584	-1.1019470691680908	28	56
0.10144013166427612	0.5	1	1	-0.4054504334926605	0.2403569370508194	28	56
1.9056998491287231	1.0	1	1	1.1917511224746704	1.7643941640853882	28	56
-1.404431939125061	1.0	1	1	2.441033363342285	-0.5657222270965576	29	37
-0.28788861632347107	1.0	1	1	-1.4864448308944702	-0.30019769072532654	29	37
-2.094985008239746	1.0	1	1	-0.6697781682014465	-1.2177718877792358	29	37
-0.8190206289291382	1.0	1	1	-0.9042670726776123	-0.9911155104637146	29	37
-0.2252151072025299	1.0	1	1	0.9320281744003296	-1.6313538551330566	29	37
-0.1750829517841339	1.0	1	1	0.9306313991546631	-1.1607719659805298	29	37
0.5914478898048401	1.0	1	1	1.5378897190093994	0.10452568531036377	29	37
0.6714237332344055	1.0	1	1	-1.2735215425491333	-1.324074625968933	29	37
0.3943864107131958	1.0	1	1	-1.8899126052856445	-0.9502898454666138	29	37
1.0749527215957642	1.0	1	1	0.17786316573619843	-0.8277133107185364	29	37
-1.9198377132415771	1.0	1	1	-1.1055865287780762	-0.47549429535865784	29	37
0.5536248087882996	1.0	1	1	-1.625769019126892	-0.9752397537231445	29	37
-0.29843923449516296	1.0	1	1	0.44323456287384033	-1.8662550449371338	29	37
1.7599648237228394	0.5	0	1	2.8233654499053955	1.0637882947921753	30	3
1.4579112529754639	0.5	0	1	2.5094752311706543	0.9845588803291321	30	3
1.6433271169662476	1.0	0	1	1.0263947248458862	1.0548301935195923	30	3
1.7599648237228394	0.5	0	1	0.7044156193733215	1.018068790435791	30	3
0.9072040915489197	1.0	0	1	1.5378897190093994	1.7120888233184814	30	3
0.6714237332344055	1.0	0	1	1.9108892679214478	1.955417275428772	30	3
-0.4094035029411316	0.5	0	1	0.22710321843624115	0.9722830057144165	30	3
1.0260149240493774	1.0	0	1	0.545198917388916	0.5304332971572876	30	3
-0.5498631000518799	1.0	0	1	1.6096469163894653	0.754402220249176	30	3
-0.5162535905838013	1.0	0	1	-0.24555842578411102	0.9382422566413879	30	3
2.0721709728240967	0.5	1	1	1.9108892679214478	1.637089729309082	31	9
0.5536248087882996	1.0	1	1	0.22710321843624115	-0.031106479465961456	31	9
1.7599648237228394	0.5	1	1	1.9108892679214478	1.486178994178772	31	9
0.1333906650543213	0.5	1	1	0.06896096467971802	-1.4749853610992432	31	9
0.9434014558792114	0.5	1	1	-0.08822963386774063	-0.031106479465961456	31	9
2.1703782081604004	1.0	1	1	0.22710321843624115	0.3757568895816803	31	9
1.1691620349884033	1.0	1	1	-0.08822963386774063	0.7829686403274536	31	9
2.038395643234253	1.0	1	1	2.950594425201416	1.7912850379943848	32	39
0.3586867153644562	0.5	1	1	1.2840454578399658	0.5110241174697876	32	39
1.2670375108718872	1.0	1	1	1.7209129333496094	0.7430221438407898	32	39
-1.2655483484268188	1.0	1	1	-1.0055867433547974	-0.5711800456047058	32	39
0.31530633568763733	1.0	1	1	1.0263947248458862	0.5105927586555481	32	39
-0.1750829517841339	1.0	1	1	0.06896096467971802	-0.434668630361557	32	39
0.3586867153644562	0.5	1	1	1.0263947248458862	0.3757568895816803	32	39
1.2670375108718872	1.0	1	1	-0.24555842578411102	-0.031106479465961456	32	39
1.2670375108718872	1.0	1	1	2.1064682006835938	0.7750722169876099	32	39
1.7736343145370483	1.0	1	1	1.7209129333496094	1.1954058408737183	32	39
1.6433271169662476	1.0	1	1	1.1917511224746704	0.7531912326812744	32	39
1.0260149240493774	1.0	1	1	0.06896096467971802	0.7251059412956238	32	39
0.6714237332344055	1.0	1	1	-1.2366374731063843	-0.16600877046585083	32	39
0.10144013166427612	0.5	1	1	0.22710321843624115	-0.16600877046585083	32	39
0.2629512548446655	0.5	1	1	0.06896096467971802	-0.7115566730499268	33	57
0.10144013166427612	0.5	1	1	-1.1055865287780762	-1.4749853610992432	33	57
-0.6699015498161316	0.5	1	1	-0.4054504334926605	0.10452568531036377	33	57
0.31530633568763733	1.0	1	1	-0.4899936318397522	-1.4749853610992432	33	57
1.602103352546692	1.0	1	1	-0.24555842578411102	0.2403569370508194	33	57
-1.214935302734375	0.5	1	1	-0.17535141110420227	-0.031106479465961456	33	57
-0.1750829517841339	1.0	1	1	-0.4054504334926605	-1.7688274383544922	33	57
2.300851345062256	1.0	1	1	0.545198917388916	-0.10428083688020706	33	57
0.8506187796592712	1.0	1	1	-0.8589716553688049	-0.031106479465961456	33	57
-1.497695803642273	0.5	1	1	0.9298178553581238	0.6379138231277466	33	57
-1.214935302734375	0.5	1	1	-0.7426712512969971	-0.5711800456047058	33	57
-0.7737821936607361	1.0	1	1	-1.4864448308944702	-0.08012718707323074	33	57
0.43511253595352173	1.0	1	1	-1.0447577238082886	-0.8568768501281738	33	57
1.2670375108718872	1.0	1	1	-0.5706073045730591	-0.434668630361557	33	57
0.31530633568763733	1.0	1	1	0.7044156193733215	-0.434668630361557	33	57
0.7891231775283813	1.0	1	1	-0.4054504334926605	-0.7115566730499268	33	57
2.220560073852539	1.0	1	1	1.0263947248458862	1.1954058408737183	33	57
-1.7822645902633667	0.5	1	1	-1.1055865287780762	-1.4749853610992432	33	57
-1.3222664594650269	0.5	1	1	-1.2939051389694214	-2.300954818725586	33	57
-0.9606248140335083	0.5	1	1	-0.9835608601570129	-1.272067904472351	33	57
-0.4228074550628662	1.0	0	1	0.22710321843624115	0.7803641557693481	34	17
1.3900951147079468	1.0	0	1	1.1917511224746704	0.9166764616966248	34	17
2.038395643234253	1.0	0	1	0.9436013698577881	0.9540349841117859	34	17
0.22177718579769135	1.0	0	1	0.06896096467971802	-1.0236467123031616	34	17
-0.8190206289291382	1.0	0	1	-0.24555842578411102	0.28985869884490967	34	17
-0.29843923449516296	1.0	0	1	-0.08822963386774063	-1.3393034934997559	34	17
0.34211426973342896	1.0	0	1	-0.413662314414978	-0.4392305910587311	34	17
-1.5731761455535889	1.0	0	1	-1.683927059173584	-1.3169745206832886	35	36
1.4573637247085571	1.0	0	1	1.1917511224746704	1.2319681644439697	35	36
-0.9521809816360474	1.0	0	1	-0.5202006697654724	-0.9137939214706421	35	36
0.7180888056755066	1.0	0	1	-1.886274814605713	-0.6505918502807617	35	36
1.3900951147079468	1.0	0	1	1.1917511224746704	0.6452462077140808	35	36
1.5793265104293823	1.0	0	1	-0.08822963386774063	-0.5216782689094543	35	36
1.515442132949829	1.0	0	1	0.06896096467971802	0.01292091328650713	35	36
0.8613353371620178	1.0	0	1	-0.7937685251235962	-0.35104310512542725	35	36
0.3586867153644562	0.5	0	1	-1.6338273286819458	-1.3730788230895996	35	36
0.265555739402771	1.0	0	1	-1.6338273286819458	0.17770004272460938	35	36
0.8272613883018494	1.0	0	1	0.9678530693054199	0.7093629240989685	35	36
-0.5498631000518799	1.0	0	1	-0.9315271973609924	-0.7115566730499268	35	36
-1.749252200126648	1.0	0	1	-0.676654577255249	-1.4749853610992432	35	36
-0.5017879605293274	1.0	0	1	-0.7318193912506104	-0.16600877046585083	35	36
1.0837780237197876	1.0	0	1	1.3085427284240723	0.2803531885147095	35	36
-0.5282143354415894	1.0	0	1	-1.8397668600082397	-0.7665494680404663	35	36
-1.5837266445159912	1.0	0	1	0.864415168762207	-0.25043049454689026	36	21
2.394728660583496	0.5	0	1	-0.08822963386774063	0.6452462077140808	36	21
-0.06692225486040115	1.0	0	1	0.146320641040802	-0.434668630361557	36	21
0.6714237332344055	1.0	0	1	-0.08822963386774063	-0.434668630361557	36	21
0.07138076424598694	1.0	0	1	0.545198917388916	-1.006974697113037	36	21
-0.29843923449516296	1.0	0	1	0.545198917388916	0.3757568895816803	37	24
-0.4228074550628662	1.0	0	1	1.7209129333496094	0.17770004272460938	37	24
1.7736343145370483	1.0	0	1	-0.17298763990402222	0.2403569370508194	37	24
0.7891231775283813	1.0	0	1	-0.5353042483329773	-0.5711800456047058	38	30
2.1241281032562256	1.0	0	1	2.243090867996216	1.792728304862976	38	30
1.515442132949829	1.0	0	1	1.3618196249008179	1.0803773403167725	38	30
2.4077842235565186	1.0	0	1	1.490906000137329	1.2998838424682617	38	30
1.0754338502883911	1.0	0	1	-0.20608042180538177	0.5105927586555481	38	30
-0.29843923449516296	1.0	0	1	0.434731125831604	-0.05449708178639412	38	30
2.2390735149383545	1.0	0	1	0.22710321843624115	0.184833362698555	38	30
0.7891231775283813	1.0	0	1	0.22710321843624115	-0.30019769072532654	38	30
0.6714237332344055	1.0	0	1	0.25599029660224915	1.339017391204834	39	53
-0.1750829517841339	1.0	0	1	-1.0447577238082886	0.5105927586555481	39	53
-0.9627814888954163	1.0	0	1	-1.683927059173584	-0.4167690575122833	39	53
1.1458377838134766	1.0	0	1	-0.21533599495887756	0.4684731364250183	39	53
-0.1750829517841339	1.0	0	1	-0.5706073045730591	-0.223771870136261	39	53
-0.4228074550628662	1.0	0	1	-1.683927059173584	-0.689294159412384	39	53
-0.7549868822097778	0.5	0	1	-0.9214580059051514	-1.0649700164794922	39	53
0.7891231775283813	1.0	0	1	1.5378897190093994	1.0548301935195923	39	53
0.31530633568763733	1.0	0	1	0.06896096467971802	-0.48893147706985474	39	53
1.0260149240493774	1.0	1	1	1.3085427284240723	3.328660011291504	40	47
1.0260149240493774	1.0	1	1	0.3860589861869812	0.5105927586555481	40	47
1.9476701021194458	1.0	1	1	0.864415168762207	1.7912850379943848	40	47
-0.9382296204566956	0.5	1	1	-1.4328149557113647	-0.434668630361557	40	47
-1.7822645902633667	0.5	1	1	-1.0447577238082886	-0.031106479465961456	40	47
1.1458377838134766	1.0	0	1	1.1917511224746704	1.486178994178772	41	16
0.19397391378879547	1.0	0	1	0.7044156193733215	-0.434668630361557	41	16
-0.6591352224349976	1.0	0	1	-1.4864448308944702	-1.1607719659805298	41	16
-0.4228074550628662	1.0	0	1	0.06896096467971802	0.2403569370508194	41	16
-0.4228074550628662	1.0	0	1	0.3880390226840973	0.40973126888275146	42	15
0.637150764465332	1.0	0	1	0.5163885951042175	-0.013522070832550526	42	15
-0.051826223731040955	1.0	0	1	0.7044156193733215	0.18871517479419708	42	15
-0.051826223731040955	1.0	0	1	0.23178470134735107	-0.13631431758403778	42	15
0.6714237332344055	1.0	0	1	0.3860589861869812	1.3170866966247559	42	15
-0.4228074550628662	1.0	0	1	-1.6946560144424438	-1.1492425203323364	42	15
0.5536248087882996	1.0	0	1	0.3860589861869812	0.562118411064148	42	15
1.2670375108718872	1.0	0	1	0.8481296896934509	1.339017391204834	42	15
2.394728660583496	0.5	0	1	0.614791989326477	1.1954058408737183	42	15
-0.561890184879303	0.5	0	1	0.312659353017807	-0.7137132287025452	42	15
0.31530633568763733	1.0	0	1	0.545198917388916	1.2049446105957031	42	15
2.038395643234253	1.0	1	1	1.2905381917953491	1.0324018001556396	43	20
1.7599648237228394	0.5	1	1	1.3618196249008179	0.0134683046489954	43	20
1.6433271169662476	1.0	1	1	0.545198917388916	0.7803641557693481	43	20
1.1458377838134766	1.0	1	1	0.7044156193733215	0.5105927586555481	43	20
1.1458377838134766	1.0	1	1	0.22710321843624115	0.18985982239246368	43	20
0.6714237332344055	1.0	1	1	0.06896096467971802	0.7803641557693481	43	20
1.3900951147079468	1.0	1	1	0.545198917388916	1.1954058408737183	43	20
2.300851345062256	1.0	1	1	1.7209129333496094	0.5562624931335449	43	20
0.5536248087882996	1.0	1	1	-0.7426712512969971	1.0255504846572876	43	20
-0.15360011160373688	0.5	1	1	0.864415168762207	1.9475208520889282	43	20
2.5623779296875	1.0	1	1	1.7209129333496094	0.9166764616966248	43	20
-0.15360011160373688	0.5	1	1	0.4757900834083557	0.12106499075889587	43	20
-0.15360011160373688	0.5	1	1	-0.24555842578411102	-0.9972534775733948	44	23
-1.2655483484268188	1.0	1	1	-0.08822963386774063	-1.3468016386032104	44	23
-1.2655483484268188	1.0	1	1	-1.2939051389694214	-0.9429575204849243	44	23
0.5536248087882996	1.0	1	1	-0.5706073045730591	-0.3068498373031616	44	23
-0.1487727165222168	0.5	1	1	-0.5706073045730591	0.40110495686531067	44	23
-0.051826223731040955	1.0	1	1	-0.676654577255249	-1.1034069061279297	44	23
0.13778676092624664	1.0	1	1	-1.467811107635498	-1.2408307790756226	44	23
0.6714237332344055	1.0	1	1	-0.5029022097587585	-0.8580049276351929	44	23
-1.4227298498153687	1.0	1	1	-0.4054504334926605	-1.9637820720672607	44	23
-0.29843923449516296	1.0	1	1	-0.377315491437912	-0.1379566341638565	44	23
1.1458377838134766	1.0	0	1	1.2702772617340088	0.8457581996917725	45	37
1.3449231386184692	1.0	0	1	0.7044156193733215	0.942870557308197	45	37
1.1458377838134766	1.0	0	1	-0.17346346378326416	0.37018296122550964	45	37
1.1458377838134766	1.0	0	1	1.1325033903121948	1.41139554977417	45	37
-0.5498631000518799	1.0	0	1	0.15181565284729004	-1.039323329925537	45	37
0.4580552279949188	1.0	0	1	-0.5706073045730591	-0.10889258235692978	45	37
0.5926423072814941	1.0	0	1	-0.7426712512969971	-0.30019769072532654	46	47
1.6433271169662476	1.0	0	1	2.7218921184539795	1.7912850379943848	46	47
1.1458377838134766	1.0	0	1	-0.4054504334926605	1.4653265476226807	46	47
0.7891231775283813	1.0	0	1	1.0263947248458862	1.339017391204834	46	47
-0.6147429347038269	1.0	0	1	0.6390129327774048	0.2403569370508194	46	47
0.4600459039211273	1.0	0	1	0.545198917388916	0.3757568895816803	46	47
1.3900951147079468	1.0	1	1	0.22710321843624115	-0.16600877046585083	47	52
2.657366991043091	1.0	1	1	2.305914878845215	1.0168910026550293	47	52
1.884498953819275	1.0	1	1	1.7209129333496094	1.0548301935195923	47	52
2.4042344093322754	1.0	1	1	0.7044156193733215	1.0548301935195923	47	52
1.196086049079895	1.0	1	1	-0.08822963386774063	0.3757568895816803	47	52
-0.9382296204566956	0.5	1	1	0.7044156193733215	0.10452568531036377	48	40
2.078989267349243	1.0	1	1	1.1133168935775757	2.4171903133392334	48	40
0.7891231775283813	1.0	1	1	0.22710321843624115	0.6452462077140808	48	40
0.7574214339256287	1.0	1	1	0.545198917388916	-0.30019769072532654	48	40
1.7599648237228394	1.0	1	1	1.7209129333496094	0.2532964050769806	48	40
1.515442132949829	1.0	1	1	1.1917511224746704	2.0698983669281006	48	40
0.8500548005104065	1.0	1	1	1.1917511224746704	0.6452462077140808	48	40
-0.6814807057380676	1.0	1	1	-0.33576536178588867	-0.20922322571277618	48	40
0.6694164872169495	1.0	1	1	0.22710321843624115	1.339017391204834	48	40
1.515442132949829	1.0	1	1	1.0263947248458862	2.1041712760925293	48	40
2.0721709728240967	1.0	1	1	-0.3475995361804962	-0.031106479465961456	48	40
2.1703782081604004	1.0	1	1	0.3860589861869812	1.486178994178772	48	40
1.4579112529754639	1.0	1	1	0.06896096467971802	-0.25033092498779297	48	40
-0.5498631000518799	1.0	0	1	-1.3978955745697021	-1.9314831495285034	49	20
0.19397391378879547	1.0	0	1	-1.1055865287780762	-1.8603990077972412	49	20
0.07138076424598694	1.0	0	1	-1.0955480337142944	-1.6762439012527466	49	20
2.0721709728240967	0.5	1	1	0.3860589861869812	1.2408599853515625	50	55
0.7526935935020447	0.5	1	1	-1.4864448308944702	-0.9166306257247925	50	55
1.0260149240493774	1.0	1	1	-1.1055865287780762	0.3255583643913269	50	55
1.7599648237228394	0.5	1	1	-0.37720808386802673	1.8301033973693848	50	55
0.6203460097312927	0.5	1	1	0.7044156193733215	1.0548301935195923	50	55
-1.497695803642273	0.5	1	1	-1.2939051389694214	-1.1607719659805298	50	55
1.3900951147079468	1.0	1	1	-0.5706073045730591	1.1355359554290771	50	55
-0.5498631000518799	1.0	1	1	-1.1055865287780762	-2.117114782333374	50	55
1.1458377838134766	1.0	1	1	0.06896096467971802	0.8570055961608887	50	55
2.0721709728240967	0.5	1	1	-0.37720808386802673	0.2403569370508194	50	55
-0.9382296204566956	0.5	0	1	0.864415168762207	0.5808640718460083	51	10
1.2670375108718872	1.0	0	1	0.9306313991546631	1.7912850379943848	51	10
0.374164342880249	1.0	0	1	0.545198917388916	1.339017391204834	51	10
1.6433271169662476	1.0	0	1	1.1254581212997437	-0.031106479465961456	51	10
0.43511253595352173	1.0	0	1	0.3860589861869812	0.3757568895816803	51	10
0.09868635982275009	1.0	0	1	-0.8471221327781677	-0.16600877046585083	51	10
1.515442132949829	1.0	0	1	2.2698445320129395	1.1954058408737183	51	10
-1.7822645902633667	0.5	0	1	-1.683927059173584	-0.8568768501281738	52	55
1.0260149240493774	1.0	0	1	0.06896096467971802	1.104514479637146	52	55
1.2670375108718872	1.0	0	1	1.7209129333496094	0.6452462077140808	52	55
1.3900951147079468	1.0	0	1	0.06896096467971802	0.6452462077140808	52	55
-1.2655483484268188	1.0	0	1	-1.2939051389694214	-0.7115566730499268	52	55
1.6433271169662476	1.0	0	1	0.06896096467971802	1.1954058408737183	52	55
1.5958492755889893	1.0	0	1	-0.4054504334926605	-0.031106479465961456	52	55
1.2670375108718872	1.0	0	1	-0.7426712512969971	0.7803641557693481	52	55
-0.15360011160373688	0.5	0	1	-1.2939051389694214	-1.006974697113037	52	55
0.9072040915489197	1.0	0	1	-0.4054504334926605	0.7803641557693481	52	55
1.100416898727417	1.0	0	1	-0.4054504334926605	0.9166764616966248	52	55
1.2181992530822754	1.0	0	1	0.06896096467971802	-0.031106479465961456	52	55
-1.3303287029266357	0.5	0	1	-0.9214580059051514	-1.5449579954147339	53	45
-0.29843923449516296	1.0	0	1	-1.683927059173584	-0.0721975713968277	53	45
-0.15360011160373688	0.5	0	1	-0.4054504334926605	-1.006974697113037	53	45
-0.4094035029411316	0.5	0	1	-0.24555842578411102	-1.1607719659805298	54	27
0.19397391378879547	1.0	0	1	-0.9214580059051514	-1.1607719659805298	54	27
-0.9975853562355042	1.0	0	1	-1.4864448308944702	-1.704229712486267	54	27
-0.4228074550628662	1.0	0	1	-1.4864448308944702	-0.8568768501281738	54	27
0.9072040915489197	1.0	0	1	-0.08822963386774063	-0.30019769072532654	54	27
0.07138076424598694	1.0	0	1	-0.24555842578411102	-1.1607719659805298	54	27
-0.6814807057380676	1.0	0	1	-1.1055865287780762	-0.8568768501281738	54	27
0.07138076424598694	1.0	0	1	-1.886274814605713	-0.8568768501281738	54	27
-0.051826223731040955	1.0	0	1	0.3860589861869812	-1.3169745206832886	54	27
0.5536248087882996	1.0	0	1	-0.24555842578411102	-0.30019769072532654	54	27
0.7137922048568726	1.0	0	1	0.3860589861869812	-0.30019769072532654	54	27
-0.29843923449516296	1.0	0	1	-1.0447577238082886	-1.137945294380188	54	27
-0.5063167810440063	1.0	0	1	-0.9214580059051514	-0.434668630361557	54	27
1.3900951147079468	1.0	0	1	-0.08822963386774063	0.2403569370508194	54	27
-1.497695803642273	0.5	0	1	-0.09179062396287918	-0.5711800456047058	55	40
0.3586867153644562	0.5	0	1	-0.08822963386774063	-0.5711800456047058	55	40
1.1458377838134766	1.0	0	1	0.545198917388916	0.10452568531036377	55	40
1.2400304079055786	1.0	0	1	0.146320641040802	0.6452462077140808	55	40
-0.6699015498161316	0.5	0	1	-0.7426712512969971	-1.29557466506958	55	40
-0.7802022099494934	1.0	0	1	0.6024358868598938	-0.30019769072532654	55	40
2.394728660583496	0.5	0	1	0.13947491347789764	0.5105927586555481	55	40
0.3586867153644562	0.5	0	1	0.029037820175290108	-0.09163995832204819	55	40
-1.214935302734375	0.5	1	1	-0.9214580059051514	0.11917384713888168	56	30
-0.5498631000518799	1.0	1	1	0.06896096467971802	0.5105927586555481	56	30
0.19397391378879547	1.0	1	1	-0.08822963386774063	-0.33719131350517273	56	30
0.9189988970756531	1.0	1	1	0.864415168762207	0.3757568895816803	56	30
-0.4228074550628662	1.0	1	1	-0.4054504334926605	-0.7115566730499268	56	30
0.8613353371620178	1.0	1	1	0.545198917388916	0.9166764616966248	56	30
1.4579112529754639	0.5	0	1	-0.5029022097587585	0.6452462077140808	57	48
0.6714237332344055	1.0	0	1	-0.4054504334926605	0.10452568531036377	58	9
0.7891231775283813	1.0	0	1	-0.8886108994483948	0.5105927586555481	58	9
1.0260149240493774	1.0	0	1	-0.7426712512969971	-0.16600877046585083	58	9
1.2670375108718872	1.0	0	1	-0.08822963386774063	-0.16600877046585083	58	9
-0.051826223731040955	1.0	0	1	-1.4864448308944702	-0.7115566730499268	58	9
1.0260149240493774	1.0	0	1	-0.7426712512969971	-0.16600877046585083	58	9
0.7891231775283813	1.0	0	1	-0.4054504334926605	0.10452568531036377	58	9
1.1458377838134766	1.0	0	1	-0.5706073045730591	-0.434668630361557	58	9
-0.1750829517841339	1.0	0	1	-0.3182673752307892	-0.30019769072532654	58	9
1.1674699783325195	0.5	0	1	0.05327414721250534	0.44652581214904785	58	9
1.0260149240493774	1.0	0	1	0.545198917388916	0.8402672410011292	58	9
-0.8190206289291382	1.0	0	1	-1.9162362813949585	-0.5711800456047058	58	9
0.10144013166427612	0.5	1	1	-0.7089645266532898	-0.2944910228252411	59	42
-0.15360011160373688	0.5	1	1	-2.0488991737365723	-0.23418980836868286	59	42
-0.4094035029411316	0.5	1	1	0.8769553899765015	-0.4485868811607361	59	42
-0.9382296204566956	0.5	1	1	-1.3085788488388062	-1.006974697113037	59	42
0.8889395594596863	0.5	1	1	0.7658122181892395	0.9166764616966248	59	42
-0.6699015498161316	0.5	1	1	-1.683927059173584	-0.6855283975601196	59	42
0.10144013166427612	0.5	1	1	0.26598262786865234	0.48881134390830994	60	48
-0.4094035029411316	0.5	1	1	0.864415168762207	-0.22153231501579285	60	48
-0.6699015498161316	0.5	1	1	-0.6979745030403137	0.7333009243011475	60	48
-0.15360011160373688	0.5	1	1	0.764707088470459	-0.30019769072532654	60	48
-1.6927002668380737	0.5	1	1	0.2885919213294983	-0.10927414894104004	60	48
-0.6699015498161316	0.5	1	1	-0.8348581790924072	0.7803641557693481	60	48
-0.9382296204566956	0.5	1	1	-0.24555842578411102	-1.5334120988845825	60	48
2.394728660583496	0.5	1	1	0.24298956990242004	1.2084448337554932	60	48
0.10144013166427612	0.5	1	1	-0.08822963386774063	1.1954058408737183	61	27
-0.39261528849601746	0.5	1	1	-0.24555842578411102	0.3564803898334503	61	27
2.0721709728240967	0.5	1	1	-0.3683515787124634	1.339017391204834	61	27
0.4818107485771179	0.5	1	1	-0.4253890812397003	-0.058777038007974625	61	27
-0.15360011160373688	0.5	0	1	-0.9214580059051514	-0.16600877046585083	62	12
1.7599648237228394	0.5	0	1	0.7044156193733215	0.5105927586555481	62	12
0.8009843230247498	0.5	0	1	-1.8707876205444336	-1.4550453424453735	62	12
-0.15360011160373688	0.5	0	1	-1.0447577238082886	-0.41238951683044434	62	12
-0.9627814888954163	1.0	0	1	-1.6742876768112183	-1.9308360815048218	62	12
-0.1750829517841339	1.0	0	1	-1.886274814605713	-0.657559335231781	62	12
-0.4228074550628662	1.0	0	1	0.15000446140766144	0.10452568531036377	62	12
0.07138076424598694	1.0	0	1	-2.0488991737365723	-0.30019769072532654	62	12
-1.4227298498153687	1.0	0	1	-0.37720808386802673	-0.5711800456047058	62	12
1.9829716682434082	1.0	0	1	0.22710321843624115	0.1413368284702301	63	19
0.6344135403633118	1.0	0	1	-0.17298763990402222	-0.7115566730499268	63	19
0.8889395594596863	0.5	0	1	2.0438897609710693	-0.00653808331117034	63	19
1.097563624382019	1.0	0	1	-0.08822963386774063	0.6895390152931213	63	19
0.9856206178665161	1.0	0	1	-0.660691499710083	0.43692076206207275	63	19
-1.214935302734375	0.5	0	1	-1.1055865287780762	-0.8568768501281738	63	19
-0.9627814888954163	1.0	0	1	-0.08822963386774063	-0.5711800456047058	63	19
-0.9382296204566956	0.5	0	1	-1.4864448308944702	-2.4678242206573486	63	19
2.038395643234253	1.0	0	1	0.545198917388916	1.1954058408737183	63	19
1.9056998491287231	1.0	0	1	1.3618196249008179	1.7482695579528809	64	38
3.3631484508514404	1.0	0	1	2.950594425201416	1.9160845279693604	64	38
1.7736343145370483	1.0	0	1	0.7044156193733215	1.8083717823028564	64	38
-1.497695803642273	0.5	0	1	-0.676654577255249	-1.631055235862732	64	38
1.0911104679107666	1.0	0	1	0.7846149206161499	-0.26293864846229553	64	38
1.2670375108718872	1.0	0	1	1.7209129333496094	0.2403569370508194	64	38
1.7736343145370483	1.0	0	1	2.1064682006835938	1.6574113368988037	64	38
2.701261520385742	1.0	0	1	1.4445362091064453	2.150172710418701	64	38
1.1674699783325195	0.5	0	1	0.22710321843624115	1.442649245262146	64	38
0.3586867153644562	0.5	1	1	-1.8397668600082397	-1.4749853610992432	65	18
-1.214935302734375	0.5	1	1	-0.42122939229011536	-0.9542214870452881	65	18
-1.7822645902633667	0.5	1	1	-2.4266107082366943	-1.6764594316482544	65	18
-1.7822645902633667	0.5	1	1	-1.2366374731063843	-0.434668630361557	65	18
0.10144013166427612	0.5	1	1	-1.386076807975769	-0.898913562297821	65	18
0.8889395594596863	0.5	1	1	-0.08822963386774063	-0.9189863204956055	65	18
-0.4094035029411316	0.5	1	1	-0.8576209545135498	-0.7115566730499268	65	18
-2.2893588542938232	0.5	1	1	-2.0275635719299316	-2.300954818725586	65	18
-0.9382296204566956	0.5	1	1	-2.6307084560394287	-3.0430004596710205	65	18
-0.9382296204566956	0.5	1	1	-1.2941046953201294	-1.5395996570587158	65	18
-1.497695803642273	0.5	1	1	-1.4328149557113647	-1.3169745206832886	65	18
-1.214935302734375	0.5	1	1	-1.8397668600082397	-1.4749853610992432	65	18
-1.330278992652893	0.5	1	1	-0.5706073045730591	-2.260709762573242	65	18
1.1674699783325195	0.5	1	1	-0.5706073045730591	-1.006974697113037	65	18
-0.4094035029411316	0.5	1	1	-1.683927059173584	-0.5711800456047058	65	18
-1.214935302734375	0.5	1	1	-1.7520464658737183	-1.7301584482192993	65	18
-1.7822645902633667	0.5	1	1	-1.215148687362671	-1.3169745206832886	65	18
-0.39261528849601746	0.5	1	1	-0.2099330723285675	-1.2469687461853027	65	18
0.10144013166427612	0.5	0	1	-1.1055865287780762	-1.7790297269821167	66	18
-1.497695803642273	0.5	0	1	-2.4576468467712402	-1.79789137840271	66	18
-1.3013309240341187	1.0	0	1	-2.0913853645324707	-0.9415308237075806	66	18
0.6203460097312927	0.5	0	1	-2.256972074508667	-1.006974697113037	66	18
1.344773769378662	1.0	0	1	0.3860589861869812	1.9012539386749268	66	18
0.02566131204366684	1.0	0	1	-1.4864448308944702	-0.8568768501281738	66	18
-1.7062036991119385	0.5	0	1	-1.6338273286819458	-1.6164900064468384	66	18
1.0260149240493774	1.0	0	1	-0.48733818531036377	0.4146416485309601	67	31
2.300851345062256	1.0	0	1	-0.24555842578411102	0.8578516244888306	67	31
0.05344795435667038	1.0	0	1	-0.011714157648384571	0.050992801785469055	67	31
0.8695303201675415	1.0	0	1	1.0263947248458862	0.4301358163356781	67	31
-0.8190206289291382	1.0	0	1	0.06896096467971802	-1.2996222972869873	67	31
1.7736343145370483	1.0	0	1	-0.08822963386774063	0.029659267514944077	67	31
1.7736343145370483	1.0	0	1	0.06896096467971802	0.6452462077140808	67	31
1.2204554080963135	1.0	0	1	-1.6338273286819458	0.2933921813964844	67	31
1.9056998491287231	1.0	0	1	0.6944386959075928	1.0711206197738647	67	31
1.2670375108718872	1.0	0	1	0.06896096467971802	0.21864184737205505	67	31
0.9523429274559021	1.0	0	1	-0.9214580059051514	-0.35530656576156616	67	31
1.1674699783325195	0.5	0	1	-0.2012607306241989	-0.3225431442260742	67	31
-0.15360011160373688	0.5	1	1	-0.286202996969223	1.486178994178772	68	15
-0.15360011160373688	0.5	1	1	-0.3394031226634979	-0.30019769072532654	68	15
0.8889395594596863	0.5	1	1	-1.1055865287780762	0.40541812777519226	68	15
1.7599648237228394	0.5	1	1	-0.4054504334926605	1.339017391204834	68	15
2.7260289192199707	0.5	1	1	2.305914878845215	2.578834295272827	68	15
0.3459131419658661	0.5	1	1	-0.5706073045730591	0.5105927586555481	68	15
-0.6618226766586304	0.5	1	1	-1.4864448308944702	-1.1248400211334229	69	51
-1.1587646007537842	0.5	1	1	-1.2939051389694214	-1.79789137840271	69	51
1.7599648237228394	0.5	1	1	-0.6260330677032471	-0.544106662273407	69	51
1.7599648237228394	0.5	1	1	-1.3292081356048584	-0.434668630361557	69	51
1.4579112529754639	0.5	1	1	-1.886274814605713	-0.8568768501281738	69	51
1.8840676546096802	1.0	0	1	2.950594425201416	2.5600221157073975	70	51
0.5536248087882996	1.0	0	1	0.4757900834083557	1.9475208520889282	70	51
1.1674699783325195	0.5	0	1	1.9290473461151123	1.395105004310608	70	51
3.155569553375244	1.0	0	1	1.6588562726974487	2.2510509490966797	70	51
-0.9382296204566956	0.5	0	1	-0.7063705325126648	-0.5711800456047058	70	51
-0.9382296204566956	0.5	0	1	-0.4054504334926605	-0.5711800456047058	70	51
-1.214935302734375	0.5	0	1	-0.8576209545135498	-0.30019769072532654	70	51
-0.9627814888954163	1.0	0	1	0.43952006101608276	-0.7115566730499268	70	51
-1.1119999885559082	1.0	0	1	-0.8072604537010193	-0.2130221426486969	70	51
2.2513163089752197	1.0	0	1	1.525610327720642	1.0790833234786987	70	51
0.19397391378879547	1.0	0	1	-0.7426712512969971	-0.031106479465961456	70	51
-0.15360011160373688	0.5	0	1	-0.08822963386774063	0.2403569370508194	70	51
-0.5498631000518799	1.0	0	1	-0.524114727973938	-1.006974697113037	70	51
1.7599648237228394	0.5	0	1	-0.011714157648384571	0.7803641557693481	70	51
2.701261520385742	1.0	0	1	2.5094752311706543	1.339017391204834	70	51
0.056649643927812576	1.0	0	1	0.7044156193733215	0.6452462077140808	70	51
-0.6699015498161316	0.5	0	1	-1.4328149557113647	0.10452568531036377	70	51
-0.4228074550628662	1.0	0	1	0.7044156193733215	0.9166764616966248	70	51
2.5050792694091797	1.0	0	1	1.5378897190093994	1.9475208520889282	70	51
1.1674699783325195	0.5	1	1	1.0263947248458862	2.7510619163513184	71	12
0.10144013166427612	0.5	1	1	-0.7426712512969971	0.9166764616966248	71	12
-0.15360011160373688	0.5	1	1	-0.7426712512969971	1.0548301935195923	71	12
1.9180917739868164	0.5	1	1	0.3860589861869812	0.9166764616966248	71	12
1.7599648237228394	0.5	1	1	2.1064682006835938	2.578834295272827	71	12
0.2187911570072174	1.0	1	1	-1.4864448308944702	-0.5711800456047058	71	12
0.3586867153644562	0.5	0	1	0.09296701103448868	-0.3050582706928253	72	52
0.19397391378879547	1.0	0	1	0.06896096467971802	0.2403569370508194	72	52
0.7891231775283813	1.0	0	1	0.3860589861869812	-0.16600877046585083	72	52
2.300851345062256	1.0	0	1	1.8401603698730469	0.6452462077140808	72	52
0.19397391378879547	1.0	0	1	1.0263947248458862	-0.7861078977584839	72	52
1.3900951147079468	1.0	0	1	0.06896096467971802	0.6898542046546936	72	52
-0.37879663705825806	1.0	0	1	-0.6258642673492432	-0.9421446323394775	72	52
0.43511253595352173	1.0	0	1	-0.04568183794617653	-0.20101167261600494	72	52
-2.330350637435913	0.5	0	1	-1.4864448308944702	-1.3251861333847046	72	52
-1.214935302734375	0.5	0	1	-1.3180032968521118	-1.006974697113037	72	52
-0.9382296204566956	0.5	0	1	-1.683927059173584	-0.8568768501281738	73	35
0.22257345914840698	1.0	0	1	0.22710321843624115	1.0031718015670776	73	35
-0.29843923449516296	1.0	0	1	-0.5029022097587585	-1.79789137840271	73	35
-1.497695803642273	0.5	0	1	-1.4142425060272217	-1.79789137840271	73	35
2.333216667175293	1.0	0	1	0.22710321843624115	1.9475208520889282	73	35
-2.062652826309204	0.5	0	1	-1.886274814605713	-0.434668630361557	73	35
2.5623779296875	1.0	0	1	1.1917511224746704	2.2485458850860596	73	35
1.3900951147079468	1.0	0	1	-0.4054504334926605	0.6911481618881226	74	6
0.9072040915489197	1.0	0	1	0.7044156193733215	0.44339048862457275	74	6
0.9072040915489197	1.0	0	1	-0.015351904556155205	1.5657567977905273	74	6
0.9072040915489197	1.0	0	1	0.6390129327774048	0.626450777053833	74	6
-1.0385105609893799	1.0	0	1	-0.9214580059051514	-1.635053277015686	74	6
0.6714237332344055	1.0	0	1	-0.17298763990402222	-0.07325927913188934	74	6
0.9477145671844482	1.0	0	1	1.0263947248458862	0.19498586654663086	74	6
-0.5498631000518799	1.0	0	1	-0.9892706274986267	-0.8568768501281738	74	6
1.5579763650894165	1.0	0	1	0.6353905200958252	0.8570055961608887	74	6
0.8555125594139099	1.0	0	1	-1.1055865287780762	-1.288092851638794	74	6
0.0021214010193943977	1.0	0	1	-0.5706073045730591	-0.5149099230766296	74	6
0.8889395594596863	0.5	0	1	0.3860589861869812	0.2403569370508194	74	6
0.8889395594596863	0.5	0	1	-0.5706073045730591	-1.2911784648895264	74	6
1.9056998491287231	1.0	0	1	0.06896096467971802	0.585890531539917	74	6
0.8889395594596863	0.5	0	1	-1.4864448308944702	-0.7115566730499268	74	6
1.2670375108718872	1.0	0	1	0.7044156193733215	0.6452462077140808	75	50
0.7891231775283813	1.0	0	1	-0.24555842578411102	0.2403569370508194	75	50
0.5237312912940979	1.0	0	1	-0.6993099451065063	0.4104611873626709	75	50
-0.9382296204566956	0.5	0	1	-2.1528279781341553	-1.0227177143096924	75	50
-1.214935302734375	0.5	0	1	0.21215315163135529	-0.5711800456047058	75	50
0.6714237332344055	1.0	0	1	0.7658122181892395	-0.2348865568637848	75	50
-0.29843923449516296	1.0	0	1	-0.4054504334926605	-0.7153555750846863	75	50
0.7272956967353821	1.0	0	1	-0.24555842578411102	0.3757568895816803	75	50
1.3900951147079468	1.0	0	1	0.864415168762207	0.5105927586555481	75	50
0.19397391378879547	1.0	0	1	-2.0913853645324707	-0.979022204875946	75	50
1.0260149240493774	1.0	0	1	1.0263947248458862	0.6848940849304199	75	50
0.07138076424598694	1.0	0	1	-0.5706073045730591	-0.7115566730499268	75	50
-0.29843923449516296	1.0	0	1	-0.9214580059051514	-1.9637820720672607	75	50
1.2670375108718872	1.0	0	1	0.864415168762207	1.3442429304122925	75	50
0.8643545508384705	1.0	0	1	-0.08822963386774063	-1.006974697113037	76	33
0.6826379299163818	1.0	0	1	0.864415168762207	-0.031106479465961456	76	33
0.15399429202079773	1.0	0	1	-1.1055865287780762	-0.30019769072532654	76	33
2.3962385654449463	1.0	0	1	2.305914878845215	1.469258189201355	76	33
0.5657016634941101	1.0	0	1	-0.9214580059051514	-0.34395965933799744	76	33
0.19397391378879547	1.0	0	1	-2.0913853645324707	-0.8568768501281738	76	33
2.0395402908325195	1.0	0	1	1.0263947248458862	-0.16600877046585083	76	33
1.6433271169662476	1.0	0	1	0.3860589861869812	0.5105927586555481	76	33
1.0754338502883911	0.5	0	1	1.1917511224746704	0.2403569370508194	76	33
0.45397430658340454	1.0	0	1	0.22710321843624115	0.3757568895816803	76	33
1.4665707349777222	1.0	0	1	0.3860589861869812	0.5105927586555481	76	33
0.07138076424598694	1.0	0	1	-0.24555842578411102	-0.031106479465961456	76	33
1.4544275999069214	1.0	0	1	-0.24555842578411102	-0.434668630361557	76	33
1.7736343145370483	1.0	0	1	1.7209129333496094	2.215301513671875	76	33
-0.6699015498161316	0.5	0	1	-0.5706073045730591	-0.5711800456047058	76	33
1.0260149240493774	1.0	0	1	1.1917511224746704	-0.434668630361557	76	33
1.3449231386184692	1.0	0	1	-0.4054504334926605	-0.06469932198524475	76	33
-0.6814807057380676	1.0	0	1	-0.5202006697654724	0.10452568531036377	76	33
1.595766305923462	1.0	0	1	1.5378897190093994	0.9166764616966248	76	33
1.9056998491287231	1.0	0	1	1.5378897190093994	0.7803641557693481	76	33
1.8399739265441895	1.0	0	1	2.022953510284424	1.9475208520889282	76	33
-0.5934094190597534	1.0	1	1	-0.4054504334926605	-0.16600877046585083	77	17
-1.2655483484268188	1.0	1	1	-1.1973283290863037	-1.453635334968567	77	17
-0.29843923449516296	1.0	1	1	-1.4864448308944702	0.2632996141910553	77	17
1.3900951147079468	1.0	1	1	-0.5706073045730591	1.637089729309082	77	17
1.9056998491287231	1.0	1	1	-0.4054504334926605	0.3757568895816803	77	17
0.19397391378879547	1.0	1	1	0.22710321843624115	-0.11635766178369522	77	17
1.0260149240493774	1.0	1	1	-1.2366374731063843	-0.8396408557891846	77	17
0.43511253595352173	1.0	1	1	-0.7426712512969971	-0.7115566730499268	77	17
-0.9627814888954163	1.0	0	1	-1.1055865287780762	0.2403569370508194	78	57
1.097563624382019	1.0	0	1	-0.08822963386774063	1.0548301935195923	78	57
0.07138076424598694	1.0	0	1	-0.5029022097587585	0.3757568895816803	78	57
-0.29843923449516296	1.0	0	1	0.5664882063865662	0.10452568531036377	78	57
1.4511760473251343	0.5	0	1	-0.9214580059051514	-0.031106479465961456	78	57
0.43511253595352173	1.0	0	1	-0.29298728704452515	0.4270668625831604	78	57
-0.023525264114141464	1.0	0	1	0.7407777905464172	-0.14548806846141815	78	57
-0.3461991548538208	1.0	0	1	-0.8235458731651306	0.5173611044883728	78	57
-0.3325629234313965	1.0	0	1	-0.24555842578411102	0.5755223631858826	78	57
0.1150597557425499	1.0	0	1	-0.08822963386774063	0.6452462077140808	78	57
-1.497695803642273	0.5	0	1	-0.7426712512969971	0.12395147979259491	78	57
0.43511253595352173	1.0	0	1	-0.5706073045730591	-0.434668630361557	78	57
0.40855345129966736	1.0	0	1	0.7044156193733215	0.2403569370508194	78	57
1.0260149240493774	1.0	0	1	-0.7426712512969971	1.637089729309082	78	57
0.31530633568763733	1.0	0	1	1.3618196249008179	0.960338830947876	78	57
0.07138076424598694	1.0	0	1	0.3860589861869812	0.3428441882133484	78	57
0.7891231775283813	1.0	0	1	0.4757900834083557	0.3428441882133484	78	57
0.10144013166427612	0.5	1	1	0.545198917388916	0.2056194543838501	79	10
-0.6699015498161316	0.5	1	1	-0.5309144258499146	0.31923794746398926	79	10
-0.6699015498161316	0.5	1	1	-1.117896556854248	-0.0640357956290245	79	10
0.6203460097312927	0.5	1	1	0.864415168762207	0.6462249755859375	79	10
0.31530633568763733	1.0	0	1	-0.24555842578411102	0.3757568895816803	76	33
