-----------------------------------------------------------------------------------
      name:  <unnamed>
       log:  G:\My Drive\Policy_Eval_2019\stata\ch9.log
  log type:  text
 opened on:  14 Feb 2019, 15:13:29

. use hprice1.dta
no; data in memory would be lost
r(4);

. use hprice1.dta, clear

. scatter price lotsize

. reg price lotsize

      Source |       SS           df       MS      Number of obs   =        88
-------------+----------------------------------   F(1, 86)        =     11.78
       Model |  110597.251         1  110597.251   Prob > F        =    0.0009
    Residual |  807257.255        86  9386.71227   R-squared       =    0.1205
-------------+----------------------------------   Adj R-squared   =    0.1103
       Total |  917854.506        87  10550.0518   Root MSE        =    96.885

------------------------------------------------------------------------------
       price |      Coef.   Std. Err.      t    P>|t|     [95% Conf. Interval]
-------------+----------------------------------------------------------------
     lotsize |   .0035044   .0010209     3.43   0.001     .0014749     .005534
       _cons |   261.9368   13.83718    18.93   0.000     234.4294    289.4442
------------------------------------------------------------------------------

. reg price lotsize if lotsize<80000

      Source |       SS           df       MS      Number of obs   =        87
-------------+----------------------------------   F(1, 85)        =     82.41
       Model |  451535.106         1  451535.106   Prob > F        =    0.0000
    Residual |   465714.53        85  5478.99446   R-squared       =    0.4923
-------------+----------------------------------   Adj R-squared   =    0.4863
       Total |  917249.636        86  10665.6934   Root MSE        =     74.02

------------------------------------------------------------------------------
       price |      Coef.   Std. Err.      t    P>|t|     [95% Conf. Interval]
-------------+----------------------------------------------------------------
     lotsize |   .0153114   .0016866     9.08   0.000     .0119579    .0186649
       _cons |    169.882   15.73847    10.79   0.000     138.5897    201.1743
------------------------------------------------------------------------------

. log close
      name:  <unnamed>
       log:  G:\My Drive\Policy_Eval_2019\stata\ch9.log
  log type:  text
 closed on:  14 Feb 2019, 15:15:52
-----------------------------------------------------------------------------------
